{"/Users/andrew.bruss/Documents/projects/murtaziq/app.js":{"path":"/Users/andrew.bruss/Documents/projects/murtaziq/app.js","s":{"1":1},"b":{},"f":{},"fnMap":{},"statementMap":{"1":{"start":{"line":2,"column":0},"end":{"line":2,"column":48}}},"branchMap":{}},"/Users/andrew.bruss/Documents/projects/murtaziq/config/404.js":{"path":"/Users/andrew.bruss/Documents/projects/murtaziq/config/404.js","s":{"1":1,"2":0,"3":0,"4":0,"5":0,"6":0,"7":0,"8":0,"9":0,"10":0},"b":{"1":[0,0],"2":[0,0]},"f":{"1":0,"2":0},"fnMap":{"1":{"name":"pageNotFound","line":10,"loc":{"start":{"line":10,"column":22},"end":{"line":10,"column":73}}},"2":{"name":"(anonymous_2)","line":24,"loc":{"start":{"line":24,"column":27},"end":{"line":24,"column":42}}}},"statementMap":{"1":{"start":{"line":10,"column":0},"end":{"line":31,"column":2}},"2":{"start":{"line":12,"column":2},"end":{"line":12,"column":23}},"3":{"start":{"line":13,"column":2},"end":{"line":15,"column":4}},"4":{"start":{"line":18,"column":2},"end":{"line":20,"column":3}},"5":{"start":{"line":19,"column":4},"end":{"line":19,"column":47}},"6":{"start":{"line":23,"column":2},"end":{"line":23,"column":19}},"7":{"start":{"line":24,"column":2},"end":{"line":29,"column":5}},"8":{"start":{"line":25,"column":4},"end":{"line":27,"column":5}},"9":{"start":{"line":26,"column":6},"end":{"line":26,"column":33}},"10":{"start":{"line":28,"column":4},"end":{"line":28,"column":21}}},"branchMap":{"1":{"line":18,"type":"if","locations":[{"start":{"line":18,"column":2},"end":{"line":18,"column":2}},{"start":{"line":18,"column":2},"end":{"line":18,"column":2}}]},"2":{"line":25,"type":"if","locations":[{"start":{"line":25,"column":4},"end":{"line":25,"column":4}},{"start":{"line":25,"column":4},"end":{"line":25,"column":4}}]}}},"/Users/andrew.bruss/Documents/projects/murtaziq/config/500.js":{"path":"/Users/andrew.bruss/Documents/projects/murtaziq/config/500.js","s":{"1":1,"2":0,"3":0,"4":0,"5":0,"6":0,"7":0,"8":0,"9":0,"10":0,"11":0,"12":0,"13":0,"14":0,"15":0,"16":0,"17":0,"18":0,"19":0},"b":{"1":[0,0],"2":[0,0],"3":[0,0],"4":[0,0],"5":[0,0],"6":[0,0]},"f":{"1":0,"2":0},"fnMap":{"1":{"name":"serverErrorOccurred","line":10,"loc":{"start":{"line":10,"column":22},"end":{"line":10,"column":90}}},"2":{"name":"(anonymous_2)","line":55,"loc":{"start":{"line":55,"column":29},"end":{"line":55,"column":44}}}},"statementMap":{"1":{"start":{"line":10,"column":0},"end":{"line":62,"column":2}},"2":{"start":{"line":12,"column":2},"end":{"line":12,"column":23}},"3":{"start":{"line":15,"column":2},"end":{"line":15,"column":91}},"4":{"start":{"line":18,"column":2},"end":{"line":20,"column":4}},"5":{"start":{"line":23,"column":2},"end":{"line":23,"column":40}},"6":{"start":{"line":24,"column":2},"end":{"line":38,"column":3}},"7":{"start":{"line":27,"column":4},"end":{"line":29,"column":5}},"8":{"start":{"line":28,"column":6},"end":{"line":28,"column":66}},"9":{"start":{"line":31,"column":4},"end":{"line":34,"column":6}},"10":{"start":{"line":37,"column":4},"end":{"line":37,"column":46}},"11":{"start":{"line":41,"column":2},"end":{"line":43,"column":3}},"12":{"start":{"line":42,"column":4},"end":{"line":42,"column":38}},"13":{"start":{"line":47,"column":2},"end":{"line":49,"column":3}},"14":{"start":{"line":48,"column":4},"end":{"line":48,"column":47}},"15":{"start":{"line":54,"column":2},"end":{"line":54,"column":19}},"16":{"start":{"line":55,"column":2},"end":{"line":60,"column":5}},"17":{"start":{"line":56,"column":4},"end":{"line":58,"column":5}},"18":{"start":{"line":57,"column":6},"end":{"line":57,"column":41}},"19":{"start":{"line":59,"column":4},"end":{"line":59,"column":31}}},"branchMap":{"1":{"line":15,"type":"cond-expr","locations":[{"start":{"line":15,"column":73},"end":{"line":15,"column":81}},{"start":{"line":15,"column":84},"end":{"line":15,"column":90}}]},"2":{"line":15,"type":"binary-expr","locations":[{"start":{"line":15,"column":25},"end":{"line":15,"column":51}},{"start":{"line":15,"column":55},"end":{"line":15,"column":69}}]},"3":{"line":27,"type":"if","locations":[{"start":{"line":27,"column":4},"end":{"line":27,"column":4}},{"start":{"line":27,"column":4},"end":{"line":27,"column":4}}]},"4":{"line":41,"type":"if","locations":[{"start":{"line":41,"column":2},"end":{"line":41,"column":2}},{"start":{"line":41,"column":2},"end":{"line":41,"column":2}}]},"5":{"line":47,"type":"if","locations":[{"start":{"line":47,"column":2},"end":{"line":47,"column":2}},{"start":{"line":47,"column":2},"end":{"line":47,"column":2}}]},"6":{"line":56,"type":"if","locations":[{"start":{"line":56,"column":4},"end":{"line":56,"column":4}},{"start":{"line":56,"column":4},"end":{"line":56,"column":4}}]}}},"/Users/andrew.bruss/Documents/projects/murtaziq/config/bootstrap.js":{"path":"/Users/andrew.bruss/Documents/projects/murtaziq/config/bootstrap.js","s":{"1":1,"2":1},"b":{},"f":{"1":1},"fnMap":{"1":{"name":"(anonymous_1)","line":11,"loc":{"start":{"line":11,"column":27},"end":{"line":11,"column":41}}}},"statementMap":{"1":{"start":{"line":11,"column":0},"end":{"line":16,"column":2}},"2":{"start":{"line":15,"column":2},"end":{"line":15,"column":7}}},"branchMap":{}},"/Users/andrew.bruss/Documents/projects/murtaziq/config/controllers.js":{"path":"/Users/andrew.bruss/Documents/projects/murtaziq/config/controllers.js","s":{"1":1},"b":{},"f":{},"fnMap":{},"statementMap":{"1":{"start":{"line":16,"column":0},"end":{"line":62,"column":2}}},"branchMap":{}},"/Users/andrew.bruss/Documents/projects/murtaziq/config/csrf.js":{"path":"/Users/andrew.bruss/Documents/projects/murtaziq/config/csrf.js","s":{"1":1},"b":{},"f":{},"fnMap":{},"statementMap":{"1":{"start":{"line":40,"column":0},"end":{"line":40,"column":28}}},"branchMap":{}},"/Users/andrew.bruss/Documents/projects/murtaziq/config/i18n.js":{"path":"/Users/andrew.bruss/Documents/projects/murtaziq/config/i18n.js","s":{"1":1},"b":{},"f":{},"fnMap":{},"statementMap":{"1":{"start":{"line":1,"column":0},"end":{"line":9,"column":2}}},"branchMap":{}},"/Users/andrew.bruss/Documents/projects/murtaziq/config/log.js":{"path":"/Users/andrew.bruss/Documents/projects/murtaziq/config/log.js","s":{"1":1},"b":{},"f":{},"fnMap":{},"statementMap":{"1":{"start":{"line":12,"column":0},"end":{"line":27,"column":2}}},"branchMap":{}},"/Users/andrew.bruss/Documents/projects/murtaziq/config/policies.js":{"path":"/Users/andrew.bruss/Documents/projects/murtaziq/config/policies.js","s":{"1":1},"b":{},"f":{},"fnMap":{},"statementMap":{"1":{"start":{"line":13,"column":0},"end":{"line":57,"column":2}}},"branchMap":{}},"/Users/andrew.bruss/Documents/projects/murtaziq/config/routes.js":{"path":"/Users/andrew.bruss/Documents/projects/murtaziq/config/routes.js","s":{"1":1},"b":{},"f":{},"fnMap":{},"statementMap":{"1":{"start":{"line":29,"column":0},"end":{"line":104,"column":2}}},"branchMap":{}},"/Users/andrew.bruss/Documents/projects/murtaziq/config/session.js":{"path":"/Users/andrew.bruss/Documents/projects/murtaziq/config/session.js","s":{"1":1},"b":{},"f":{},"fnMap":{},"statementMap":{"1":{"start":{"line":13,"column":0},"end":{"line":56,"column":2}}},"branchMap":{}},"/Users/andrew.bruss/Documents/projects/murtaziq/config/sockets.js":{"path":"/Users/andrew.bruss/Documents/projects/murtaziq/config/sockets.js","s":{"1":1},"b":{},"f":{},"fnMap":{},"statementMap":{"1":{"start":{"line":11,"column":0},"end":{"line":174,"column":2}}},"branchMap":{}},"/Users/andrew.bruss/Documents/projects/murtaziq/config/views.js":{"path":"/Users/andrew.bruss/Documents/projects/murtaziq/config/views.js","s":{"1":1},"b":{},"f":{},"fnMap":{},"statementMap":{"1":{"start":{"line":14,"column":0},"end":{"line":71,"column":2}}},"branchMap":{}},"/Users/andrew.bruss/Documents/projects/murtaziq/api/models/Match.js":{"path":"/Users/andrew.bruss/Documents/projects/murtaziq/api/models/Match.js","s":{"1":1,"2":1,"3":1,"4":0,"5":0,"6":0,"7":0,"8":0,"9":0,"10":0,"11":0},"b":{"1":[0,0]},"f":{"1":0,"2":0,"3":0,"4":0},"fnMap":{"1":{"name":"(anonymous_1)","line":43,"loc":{"start":{"line":43,"column":16},"end":{"line":43,"column":27}}},"2":{"name":"(anonymous_2)","line":55,"loc":{"start":{"line":55,"column":18},"end":{"line":55,"column":29}}},"3":{"name":"(anonymous_3)","line":59,"loc":{"start":{"line":59,"column":13},"end":{"line":59,"column":23}}},"4":{"name":"(anonymous_4)","line":67,"loc":{"start":{"line":67,"column":17},"end":{"line":67,"column":39}}}},"statementMap":{"1":{"start":{"line":8,"column":0},"end":{"line":8,"column":45}},"2":{"start":{"line":9,"column":0},"end":{"line":9,"column":30}},"3":{"start":{"line":10,"column":0},"end":{"line":73,"column":2}},"4":{"start":{"line":44,"column":6},"end":{"line":52,"column":4}},"5":{"start":{"line":56,"column":6},"end":{"line":56,"column":43}},"6":{"start":{"line":60,"column":6},"end":{"line":60,"column":32}},"7":{"start":{"line":61,"column":6},"end":{"line":61,"column":60}},"8":{"start":{"line":62,"column":6},"end":{"line":62,"column":17}},"9":{"start":{"line":68,"column":4},"end":{"line":70,"column":5}},"10":{"start":{"line":69,"column":6},"end":{"line":69,"column":53}},"11":{"start":{"line":71,"column":4},"end":{"line":71,"column":11}}},"branchMap":{"1":{"line":68,"type":"if","locations":[{"start":{"line":68,"column":4},"end":{"line":68,"column":4}},{"start":{"line":68,"column":4},"end":{"line":68,"column":4}}]}}},"/Users/andrew.bruss/Documents/projects/murtaziq/engine/match.js":{"path":"/Users/andrew.bruss/Documents/projects/murtaziq/engine/match.js","s":{"1":1,"2":1,"3":1,"4":1,"5":1,"6":1,"7":1,"8":0,"9":1,"10":0,"11":1,"12":0,"13":1,"14":0,"15":1,"16":0,"17":1,"18":0,"19":1,"20":0,"21":1,"22":0,"23":1,"24":0,"25":0,"26":0,"27":0,"28":0,"29":0,"30":1,"31":0,"32":0,"33":0,"34":1,"35":0,"36":1,"37":0,"38":0,"39":0,"40":0,"41":0,"42":0,"43":0,"44":0,"45":0,"46":0,"47":0,"48":0,"49":0,"50":0,"51":0,"52":0,"53":0,"54":0,"55":0,"56":1,"57":0,"58":0,"59":0,"60":0,"61":1,"62":0,"63":0,"64":0,"65":1,"66":0,"67":1,"68":0,"69":0,"70":0,"71":1,"72":0,"73":0,"74":0,"75":1,"76":0,"77":0,"78":0,"79":1,"80":0,"81":0,"82":0,"83":1,"84":0,"85":0,"86":0,"87":0,"88":0,"89":1,"90":0,"91":1,"92":0,"93":0,"94":0,"95":0,"96":0,"97":1,"98":0},"b":{"1":[0,0],"2":[0,0],"3":[0,0],"4":[0,0],"5":[0,0],"6":[0,0],"7":[0,0],"8":[0,0]},"f":{"1":0,"2":0,"3":0,"4":0,"5":0,"6":0,"7":0,"8":0,"9":0,"10":0,"11":0,"12":0,"13":0,"14":0,"15":0,"16":0,"17":0,"18":0,"19":0,"20":0,"21":0,"22":0,"23":0,"24":0,"25":0,"26":0,"27":0,"28":0,"29":0,"30":0,"31":0},"fnMap":{"1":{"name":"create","line":38,"loc":{"start":{"line":38,"column":0},"end":{"line":38,"column":40}}},"2":{"name":"getTurn","line":51,"loc":{"start":{"line":51,"column":0},"end":{"line":51,"column":23}}},"3":{"name":"getHistory","line":60,"loc":{"start":{"line":60,"column":0},"end":{"line":60,"column":26}}},"4":{"name":"addMove","line":69,"loc":{"start":{"line":69,"column":0},"end":{"line":69,"column":29}}},"5":{"name":"removeMove","line":78,"loc":{"start":{"line":78,"column":0},"end":{"line":78,"column":26}}},"6":{"name":"setSide","line":82,"loc":{"start":{"line":82,"column":0},"end":{"line":82,"column":42}}},"7":{"name":"setTurn","line":91,"loc":{"start":{"line":91,"column":0},"end":{"line":91,"column":29}}},"8":{"name":"getBoard","line":100,"loc":{"start":{"line":100,"column":0},"end":{"line":100,"column":24}}},"9":{"name":"getMoves","line":111,"loc":{"start":{"line":111,"column":0},"end":{"line":111,"column":50}}},"10":{"name":"(anonymous_10)","line":121,"loc":{"start":{"line":121,"column":28},"end":{"line":121,"column":43}}},"11":{"name":"printBoard","line":131,"loc":{"start":{"line":131,"column":0},"end":{"line":131,"column":26}}},"12":{"name":"getPiece","line":143,"loc":{"start":{"line":143,"column":0},"end":{"line":143,"column":29}}},"13":{"name":"move","line":154,"loc":{"start":{"line":154,"column":0},"end":{"line":154,"column":38}}},"14":{"name":"(anonymous_14)","line":167,"loc":{"start":{"line":167,"column":24},"end":{"line":167,"column":38}}},"15":{"name":"getTeam","line":192,"loc":{"start":{"line":192,"column":0},"end":{"line":192,"column":31}}},"16":{"name":"switchTurn","line":203,"loc":{"start":{"line":203,"column":0},"end":{"line":203,"column":26}}},"17":{"name":"getConfigs","line":215,"loc":{"start":{"line":215,"column":0},"end":{"line":215,"column":21}}},"18":{"name":"canMoveFilter","line":224,"loc":{"start":{"line":224,"column":0},"end":{"line":224,"column":29}}},"19":{"name":"(anonymous_19)","line":226,"loc":{"start":{"line":226,"column":11},"end":{"line":226,"column":26}}},"20":{"name":"legalMovesFilter","line":236,"loc":{"start":{"line":236,"column":0},"end":{"line":236,"column":32}}},"21":{"name":"(anonymous_21)","line":238,"loc":{"start":{"line":238,"column":11},"end":{"line":238,"column":25}}},"22":{"name":"toJSONObj","line":249,"loc":{"start":{"line":249,"column":0},"end":{"line":249,"column":25}}},"23":{"name":"(anonymous_23)","line":254,"loc":{"start":{"line":254,"column":43},"end":{"line":254,"column":58}}},"24":{"name":"toClientJSONObj","line":269,"loc":{"start":{"line":269,"column":0},"end":{"line":269,"column":31}}},"25":{"name":"(anonymous_25)","line":273,"loc":{"start":{"line":273,"column":43},"end":{"line":273,"column":58}}},"26":{"name":"loadJSONObj","line":286,"loc":{"start":{"line":286,"column":0},"end":{"line":286,"column":29}}},"27":{"name":"(anonymous_27)","line":293,"loc":{"start":{"line":293,"column":41},"end":{"line":293,"column":53}}},"28":{"name":"makeResponse","line":310,"loc":{"start":{"line":310,"column":0},"end":{"line":310,"column":38}}},"29":{"name":"getAllPieces","line":317,"loc":{"start":{"line":317,"column":0},"end":{"line":317,"column":23}}},"30":{"name":"(anonymous_30)","line":319,"loc":{"start":{"line":319,"column":26},"end":{"line":319,"column":42}}},"31":{"name":"getMaxTeamValue","line":326,"loc":{"start":{"line":326,"column":0},"end":{"line":326,"column":28}}}},"statementMap":{"1":{"start":{"line":8,"column":0},"end":{"line":8,"column":36}},"2":{"start":{"line":9,"column":0},"end":{"line":9,"column":44}},"3":{"start":{"line":10,"column":0},"end":{"line":10,"column":34}},"4":{"start":{"line":11,"column":0},"end":{"line":11,"column":36}},"5":{"start":{"line":12,"column":0},"end":{"line":12,"column":30}},"6":{"start":{"line":14,"column":0},"end":{"line":30,"column":2}},"7":{"start":{"line":38,"column":0},"end":{"line":44,"column":1}},"8":{"start":{"line":39,"column":3},"end":{"line":43,"column":6}},"9":{"start":{"line":51,"column":0},"end":{"line":53,"column":1}},"10":{"start":{"line":52,"column":4},"end":{"line":52,"column":22}},"11":{"start":{"line":60,"column":0},"end":{"line":62,"column":1}},"12":{"start":{"line":61,"column":4},"end":{"line":61,"column":25}},"13":{"start":{"line":69,"column":0},"end":{"line":71,"column":1}},"14":{"start":{"line":70,"column":4},"end":{"line":70,"column":33}},"15":{"start":{"line":78,"column":0},"end":{"line":80,"column":1}},"16":{"start":{"line":79,"column":4},"end":{"line":79,"column":35}},"17":{"start":{"line":82,"column":0},"end":{"line":84,"column":1}},"18":{"start":{"line":83,"column":4},"end":{"line":83,"column":66}},"19":{"start":{"line":91,"column":0},"end":{"line":93,"column":1}},"20":{"start":{"line":92,"column":4},"end":{"line":92,"column":22}},"21":{"start":{"line":100,"column":0},"end":{"line":102,"column":1}},"22":{"start":{"line":101,"column":4},"end":{"line":101,"column":23}},"23":{"start":{"line":111,"column":0},"end":{"line":125,"column":1}},"24":{"start":{"line":112,"column":4},"end":{"line":112,"column":62}},"25":{"start":{"line":113,"column":4},"end":{"line":116,"column":10}},"26":{"start":{"line":118,"column":4},"end":{"line":123,"column":11}},"27":{"start":{"line":119,"column":8},"end":{"line":119,"column":21}},"28":{"start":{"line":121,"column":8},"end":{"line":123,"column":11}},"29":{"start":{"line":122,"column":12},"end":{"line":122,"column":42}},"30":{"start":{"line":131,"column":0},"end":{"line":135,"column":1}},"31":{"start":{"line":132,"column":4},"end":{"line":132,"column":25}},"32":{"start":{"line":133,"column":4},"end":{"line":133,"column":30}},"33":{"start":{"line":134,"column":4},"end":{"line":134,"column":45}},"34":{"start":{"line":143,"column":0},"end":{"line":145,"column":1}},"35":{"start":{"line":144,"column":4},"end":{"line":144,"column":53}},"36":{"start":{"line":154,"column":0},"end":{"line":190,"column":1}},"37":{"start":{"line":155,"column":4},"end":{"line":155,"column":32}},"38":{"start":{"line":156,"column":4},"end":{"line":156,"column":16}},"39":{"start":{"line":157,"column":4},"end":{"line":157,"column":13}},"40":{"start":{"line":158,"column":4},"end":{"line":188,"column":5}},"41":{"start":{"line":159,"column":8},"end":{"line":162,"column":10}},"42":{"start":{"line":163,"column":9},"end":{"line":188,"column":5}},"43":{"start":{"line":165,"column":8},"end":{"line":170,"column":22}},"44":{"start":{"line":168,"column":28},"end":{"line":168,"column":74}},"45":{"start":{"line":171,"column":8},"end":{"line":183,"column":9}},"46":{"start":{"line":172,"column":12},"end":{"line":172,"column":29}},"47":{"start":{"line":173,"column":12},"end":{"line":173,"column":30}},"48":{"start":{"line":174,"column":12},"end":{"line":174,"column":30}},"49":{"start":{"line":175,"column":12},"end":{"line":175,"column":27}},"50":{"start":{"line":177,"column":12},"end":{"line":177,"column":25}},"51":{"start":{"line":181,"column":12},"end":{"line":181,"column":28}},"52":{"start":{"line":182,"column":12},"end":{"line":182,"column":47}},"53":{"start":{"line":186,"column":8},"end":{"line":186,"column":24}},"54":{"start":{"line":187,"column":8},"end":{"line":187,"column":44}},"55":{"start":{"line":189,"column":4},"end":{"line":189,"column":39}},"56":{"start":{"line":192,"column":0},"end":{"line":197,"column":1}},"57":{"start":{"line":193,"column":4},"end":{"line":193,"column":38}},"58":{"start":{"line":194,"column":4},"end":{"line":195,"column":37}},"59":{"start":{"line":195,"column":8},"end":{"line":195,"column":37}},"60":{"start":{"line":196,"column":4},"end":{"line":196,"column":16}},"61":{"start":{"line":203,"column":0},"end":{"line":208,"column":1}},"62":{"start":{"line":204,"column":4},"end":{"line":207,"column":47}},"63":{"start":{"line":205,"column":8},"end":{"line":205,"column":46}},"64":{"start":{"line":207,"column":8},"end":{"line":207,"column":47}},"65":{"start":{"line":215,"column":0},"end":{"line":217,"column":1}},"66":{"start":{"line":216,"column":4},"end":{"line":216,"column":31}},"67":{"start":{"line":224,"column":0},"end":{"line":229,"column":1}},"68":{"start":{"line":225,"column":4},"end":{"line":225,"column":38}},"69":{"start":{"line":226,"column":4},"end":{"line":228,"column":6}},"70":{"start":{"line":227,"column":8},"end":{"line":227,"column":42}},"71":{"start":{"line":236,"column":0},"end":{"line":241,"column":1}},"72":{"start":{"line":237,"column":4},"end":{"line":237,"column":38}},"73":{"start":{"line":238,"column":4},"end":{"line":240,"column":6}},"74":{"start":{"line":239,"column":8},"end":{"line":239,"column":56}},"75":{"start":{"line":249,"column":0},"end":{"line":260,"column":1}},"76":{"start":{"line":250,"column":4},"end":{"line":257,"column":6}},"77":{"start":{"line":255,"column":12},"end":{"line":255,"column":36}},"78":{"start":{"line":259,"column":4},"end":{"line":259,"column":19}},"79":{"start":{"line":269,"column":0},"end":{"line":279,"column":1}},"80":{"start":{"line":270,"column":4},"end":{"line":278,"column":4}},"81":{"start":{"line":274,"column":12},"end":{"line":274,"column":42}},"82":{"start":{"line":278,"column":4},"end":{"line":278,"column":19}},"83":{"start":{"line":286,"column":0},"end":{"line":302,"column":1}},"84":{"start":{"line":288,"column":4},"end":{"line":288,"column":31}},"85":{"start":{"line":290,"column":4},"end":{"line":298,"column":6}},"86":{"start":{"line":294,"column":12},"end":{"line":294,"column":46}},"87":{"start":{"line":296,"column":12},"end":{"line":296,"column":31}},"88":{"start":{"line":301,"column":4},"end":{"line":301,"column":17}},"89":{"start":{"line":310,"column":0},"end":{"line":315,"column":1}},"90":{"start":{"line":311,"column":4},"end":{"line":314,"column":6}},"91":{"start":{"line":317,"column":0},"end":{"line":324,"column":1}},"92":{"start":{"line":318,"column":4},"end":{"line":318,"column":43}},"93":{"start":{"line":319,"column":4},"end":{"line":323,"column":7}},"94":{"start":{"line":320,"column":8},"end":{"line":320,"column":33}},"95":{"start":{"line":321,"column":8},"end":{"line":321,"column":27}},"96":{"start":{"line":322,"column":8},"end":{"line":322,"column":19}},"97":{"start":{"line":326,"column":0},"end":{"line":328,"column":1}},"98":{"start":{"line":327,"column":4},"end":{"line":327,"column":44}}},"branchMap":{"1":{"line":112,"type":"cond-expr","locations":[{"start":{"line":112,"column":36},"end":{"line":112,"column":42}},{"start":{"line":112,"column":45},"end":{"line":112,"column":61}}]},"2":{"line":118,"type":"if","locations":[{"start":{"line":118,"column":4},"end":{"line":118,"column":4}},{"start":{"line":118,"column":4},"end":{"line":118,"column":4}}]},"3":{"line":158,"type":"if","locations":[{"start":{"line":158,"column":4},"end":{"line":158,"column":4}},{"start":{"line":158,"column":4},"end":{"line":158,"column":4}}]},"4":{"line":163,"type":"if","locations":[{"start":{"line":163,"column":9},"end":{"line":163,"column":9}},{"start":{"line":163,"column":9},"end":{"line":163,"column":9}}]},"5":{"line":171,"type":"if","locations":[{"start":{"line":171,"column":8},"end":{"line":171,"column":8}},{"start":{"line":171,"column":8},"end":{"line":171,"column":8}}]},"6":{"line":171,"type":"binary-expr","locations":[{"start":{"line":171,"column":11},"end":{"line":171,"column":26}},{"start":{"line":171,"column":30},"end":{"line":171,"column":50}}]},"7":{"line":194,"type":"if","locations":[{"start":{"line":194,"column":4},"end":{"line":194,"column":4}},{"start":{"line":194,"column":4},"end":{"line":194,"column":4}}]},"8":{"line":204,"type":"if","locations":[{"start":{"line":204,"column":4},"end":{"line":204,"column":4}},{"start":{"line":204,"column":4},"end":{"line":204,"column":4}}]}}},"/Users/andrew.bruss/Documents/projects/murtaziq/engine/master.js":{"path":"/Users/andrew.bruss/Documents/projects/murtaziq/engine/master.js","s":{"1":1,"2":1,"3":1,"4":1,"5":1,"6":1,"7":1,"8":1,"9":1,"10":1,"11":1,"12":1,"13":1,"14":1,"15":1,"16":0,"17":1,"18":0,"19":1,"20":0,"21":1,"22":0,"23":1,"24":0,"25":1,"26":1,"27":1,"28":1,"29":1,"30":6,"31":6,"32":6,"33":6,"34":6,"35":6},"b":{"1":[6,0],"2":[1,5]},"f":{"1":0,"2":0,"3":0,"4":0,"5":0,"6":1,"7":6},"fnMap":{"1":{"name":"getConfigs","line":28,"loc":{"start":{"line":28,"column":0},"end":{"line":28,"column":23}}},"2":{"name":"getPieces","line":32,"loc":{"start":{"line":32,"column":0},"end":{"line":32,"column":22}}},"3":{"name":"getPieceConfigs","line":36,"loc":{"start":{"line":36,"column":0},"end":{"line":36,"column":27}}},"4":{"name":"getSchema","line":40,"loc":{"start":{"line":40,"column":0},"end":{"line":40,"column":30}}},"5":{"name":"getMove","line":44,"loc":{"start":{"line":44,"column":0},"end":{"line":44,"column":28}}},"6":{"name":"loadPieces","line":51,"loc":{"start":{"line":51,"column":0},"end":{"line":51,"column":21}}},"7":{"name":"(anonymous_7)","line":57,"loc":{"start":{"line":57,"column":18},"end":{"line":57,"column":39}}}},"statementMap":{"1":{"start":{"line":2,"column":0},"end":{"line":2,"column":27}},"2":{"start":{"line":3,"column":0},"end":{"line":3,"column":22}},"3":{"start":{"line":4,"column":0},"end":{"line":4,"column":39}},"4":{"start":{"line":5,"column":0},"end":{"line":5,"column":26}},"5":{"start":{"line":6,"column":0},"end":{"line":6,"column":28}},"6":{"start":{"line":7,"column":0},"end":{"line":7,"column":25}},"7":{"start":{"line":8,"column":0},"end":{"line":8,"column":11}},"8":{"start":{"line":9,"column":0},"end":{"line":9,"column":17}},"9":{"start":{"line":11,"column":0},"end":{"line":11,"column":34}},"10":{"start":{"line":12,"column":0},"end":{"line":12,"column":64}},"11":{"start":{"line":13,"column":0},"end":{"line":13,"column":23}},"12":{"start":{"line":14,"column":0},"end":{"line":14,"column":30}},"13":{"start":{"line":16,"column":0},"end":{"line":16,"column":13}},"14":{"start":{"line":18,"column":0},"end":{"line":26,"column":2}},"15":{"start":{"line":28,"column":0},"end":{"line":30,"column":1}},"16":{"start":{"line":29,"column":4},"end":{"line":29,"column":19}},"17":{"start":{"line":32,"column":0},"end":{"line":34,"column":1}},"18":{"start":{"line":33,"column":4},"end":{"line":33,"column":18}},"19":{"start":{"line":36,"column":0},"end":{"line":38,"column":1}},"20":{"start":{"line":37,"column":4},"end":{"line":37,"column":24}},"21":{"start":{"line":40,"column":0},"end":{"line":42,"column":1}},"22":{"start":{"line":41,"column":4},"end":{"line":41,"column":58}},"23":{"start":{"line":44,"column":0},"end":{"line":46,"column":1}},"24":{"start":{"line":45,"column":4},"end":{"line":45,"column":72}},"25":{"start":{"line":51,"column":0},"end":{"line":75,"column":1}},"26":{"start":{"line":52,"column":4},"end":{"line":52,"column":16}},"27":{"start":{"line":53,"column":4},"end":{"line":53,"column":22}},"28":{"start":{"line":55,"column":4},"end":{"line":55,"column":76}},"29":{"start":{"line":57,"column":4},"end":{"line":74,"column":7}},"30":{"start":{"line":58,"column":8},"end":{"line":58,"column":87}},"31":{"start":{"line":60,"column":8},"end":{"line":72,"column":9}},"32":{"start":{"line":62,"column":12},"end":{"line":62,"column":39}},"33":{"start":{"line":64,"column":12},"end":{"line":64,"column":100}},"34":{"start":{"line":67,"column":12},"end":{"line":67,"column":47}},"35":{"start":{"line":68,"column":12},"end":{"line":71,"column":14}}},"branchMap":{"1":{"line":60,"type":"if","locations":[{"start":{"line":60,"column":8},"end":{"line":60,"column":8}},{"start":{"line":60,"column":8},"end":{"line":60,"column":8}}]},"2":{"line":64,"type":"cond-expr","locations":[{"start":{"line":64,"column":73},"end":{"line":64,"column":84}},{"start":{"line":64,"column":87},"end":{"line":64,"column":97}}]}}},"/Users/andrew.bruss/Documents/projects/murtaziq/engine/utils.js":{"path":"/Users/andrew.bruss/Documents/projects/murtaziq/engine/utils.js","s":{"1":1,"2":1,"3":0,"4":1,"5":0,"6":1,"7":0,"8":1,"9":0,"10":1,"11":0,"12":1,"13":0,"14":0,"15":1,"16":19},"b":{"1":[0,0]},"f":{"1":0,"2":0,"3":0,"4":0,"5":0,"6":0,"7":19},"fnMap":{"1":{"name":"existy","line":11,"loc":{"start":{"line":11,"column":0},"end":{"line":11,"column":19}}},"2":{"name":"truthy","line":13,"loc":{"start":{"line":13,"column":0},"end":{"line":13,"column":19}}},"3":{"name":"fail","line":15,"loc":{"start":{"line":15,"column":0},"end":{"line":15,"column":21}}},"4":{"name":"warn","line":19,"loc":{"start":{"line":19,"column":0},"end":{"line":19,"column":21}}},"5":{"name":"note","line":23,"loc":{"start":{"line":23,"column":0},"end":{"line":23,"column":21}}},"6":{"name":"arrPush","line":27,"loc":{"start":{"line":27,"column":0},"end":{"line":27,"column":26}}},"7":{"name":"appendPath","line":32,"loc":{"start":{"line":32,"column":0},"end":{"line":32,"column":30}}}},"statementMap":{"1":{"start":{"line":1,"column":0},"end":{"line":11,"column":0}},"2":{"start":{"line":11,"column":0},"end":{"line":11,"column":39}},"3":{"start":{"line":11,"column":21},"end":{"line":11,"column":38}},"4":{"start":{"line":13,"column":0},"end":{"line":13,"column":56}},"5":{"start":{"line":13,"column":21},"end":{"line":13,"column":55}},"6":{"start":{"line":15,"column":0},"end":{"line":17,"column":1}},"7":{"start":{"line":16,"column":2},"end":{"line":16,"column":25}},"8":{"start":{"line":19,"column":0},"end":{"line":21,"column":1}},"9":{"start":{"line":20,"column":2},"end":{"line":20,"column":45}},"10":{"start":{"line":23,"column":0},"end":{"line":25,"column":1}},"11":{"start":{"line":24,"column":2},"end":{"line":24,"column":42}},"12":{"start":{"line":27,"column":0},"end":{"line":30,"column":1}},"13":{"start":{"line":28,"column":4},"end":{"line":28,"column":18}},"14":{"start":{"line":29,"column":4},"end":{"line":29,"column":15}},"15":{"start":{"line":32,"column":0},"end":{"line":34,"column":1}},"16":{"start":{"line":33,"column":2},"end":{"line":33,"column":26}}},"branchMap":{"1":{"line":13,"type":"binary-expr","locations":[{"start":{"line":13,"column":29},"end":{"line":13,"column":40}},{"start":{"line":13,"column":45},"end":{"line":13,"column":54}}]}}},"/Users/andrew.bruss/Documents/projects/murtaziq/engine/config/config.0.0.0.js":{"path":"/Users/andrew.bruss/Documents/projects/murtaziq/engine/config/config.0.0.0.js","s":{"1":1},"b":{},"f":{},"fnMap":{},"statementMap":{"1":{"start":{"line":1,"column":0},"end":{"line":19,"column":2}}},"branchMap":{}},"/Users/andrew.bruss/Documents/projects/murtaziq/engine/config/pieces/bishopconfig.js":{"path":"/Users/andrew.bruss/Documents/projects/murtaziq/engine/config/pieces/bishopconfig.js","s":{"1":1},"b":{},"f":{},"fnMap":{},"statementMap":{"1":{"start":{"line":1,"column":0},"end":{"line":6,"column":2}}},"branchMap":{}},"/Users/andrew.bruss/Documents/projects/murtaziq/engine/pieces/piece.js":{"path":"/Users/andrew.bruss/Documents/projects/murtaziq/engine/pieces/piece.js","s":{"1":1,"2":1,"3":1,"4":1,"5":1,"6":1,"7":1,"8":1,"9":1,"10":6,"11":1,"12":6,"13":0,"14":0,"15":0,"16":0,"17":0,"18":0,"19":0,"20":0,"21":0,"22":0,"23":0,"24":0,"25":0,"26":0,"27":0,"28":0,"29":0,"30":0,"31":0,"32":0,"33":0,"34":0,"35":0,"36":0,"37":0,"38":0,"39":0,"40":0,"41":0,"42":0,"43":0,"44":1,"45":0,"46":1,"47":0,"48":1,"49":0,"50":1,"51":0,"52":1,"53":0,"54":1,"55":0,"56":0,"57":0,"58":0,"59":0,"60":0,"61":0,"62":1,"63":0,"64":1,"65":0,"66":1,"67":0,"68":1,"69":0,"70":1,"71":0,"72":1,"73":0,"74":1,"75":0,"76":1,"77":0,"78":0,"79":0,"80":1,"81":0,"82":0,"83":0,"84":0,"85":0,"86":1,"87":0,"88":0,"89":0,"90":0,"91":0,"92":0,"93":0,"94":1,"95":0,"96":0,"97":0,"98":0,"99":0,"100":0,"101":0,"102":0,"103":1,"104":0,"105":1,"106":0,"107":0,"108":1,"109":0},"b":{"1":[0,0],"2":[0,0],"3":[0,0],"4":[0,0],"5":[0,0],"6":[0,0],"7":[0,0,0],"8":[0,0],"9":[0,0,0,0,0,0],"10":[0,0],"11":[0,0]},"f":{"1":6,"2":6,"3":0,"4":0,"5":0,"6":0,"7":0,"8":0,"9":0,"10":0,"11":0,"12":0,"13":0,"14":0,"15":0,"16":0,"17":0,"18":0,"19":0,"20":0,"21":0,"22":0,"23":0,"24":0,"25":0,"26":0},"fnMap":{"1":{"name":"(anonymous_1)","line":21,"loc":{"start":{"line":21,"column":11},"end":{"line":21,"column":33}}},"2":{"name":"constructorGenerator","line":32,"loc":{"start":{"line":32,"column":0},"end":{"line":32,"column":43}}},"3":{"name":"(anonymous_3)","line":34,"loc":{"start":{"line":34,"column":11},"end":{"line":34,"column":34}}},"4":{"name":"getName","line":77,"loc":{"start":{"line":77,"column":0},"end":{"line":77,"column":18}}},"5":{"name":"getAbbr","line":81,"loc":{"start":{"line":81,"column":0},"end":{"line":81,"column":18}}},"6":{"name":"getTeam","line":85,"loc":{"start":{"line":85,"column":0},"end":{"line":85,"column":19}}},"7":{"name":"getValue","line":89,"loc":{"start":{"line":89,"column":0},"end":{"line":89,"column":20}}},"8":{"name":"getSchemas","line":93,"loc":{"start":{"line":93,"column":0},"end":{"line":93,"column":21}}},"9":{"name":"setSchemas","line":97,"loc":{"start":{"line":97,"column":0},"end":{"line":97,"column":24}}},"10":{"name":"(anonymous_10)","line":101,"loc":{"start":{"line":101,"column":33},"end":{"line":101,"column":54}}},"11":{"name":"getSchemaFiles","line":111,"loc":{"start":{"line":111,"column":0},"end":{"line":111,"column":27}}},"12":{"name":"getMoveCount","line":115,"loc":{"start":{"line":115,"column":0},"end":{"line":115,"column":23}}},"13":{"name":"isRoyal","line":119,"loc":{"start":{"line":119,"column":0},"end":{"line":119,"column":18}}},"14":{"name":"incrMoveCount","line":123,"loc":{"start":{"line":123,"column":0},"end":{"line":123,"column":24}}},"15":{"name":"decrMoveCount","line":127,"loc":{"start":{"line":127,"column":0},"end":{"line":127,"column":24}}},"16":{"name":"setMoveCount","line":131,"loc":{"start":{"line":131,"column":0},"end":{"line":131,"column":26}}},"17":{"name":"getMoves","line":135,"loc":{"start":{"line":135,"column":0},"end":{"line":135,"column":31}}},"18":{"name":"leaperMoves","line":139,"loc":{"start":{"line":139,"column":0},"end":{"line":139,"column":40}}},"19":{"name":"schemaIterate","line":150,"loc":{"start":{"line":150,"column":0},"end":{"line":150,"column":34}}},"20":{"name":"(anonymous_20)","line":154,"loc":{"start":{"line":154,"column":8},"end":{"line":154,"column":36}}},"21":{"name":"(anonymous_21)","line":155,"loc":{"start":{"line":155,"column":69},"end":{"line":155,"column":81}}},"22":{"name":"schemaEval","line":163,"loc":{"start":{"line":163,"column":0},"end":{"line":163,"column":52}}},"23":{"name":"canMove","line":200,"loc":{"start":{"line":200,"column":0},"end":{"line":200,"column":61}}},"24":{"name":"toJSONObj","line":230,"loc":{"start":{"line":230,"column":0},"end":{"line":230,"column":22}}},"25":{"name":"loadJSONObj","line":242,"loc":{"start":{"line":242,"column":0},"end":{"line":242,"column":38}}},"26":{"name":"toClientJSONObj","line":247,"loc":{"start":{"line":247,"column":0},"end":{"line":247,"column":28}}}},"statementMap":{"1":{"start":{"line":8,"column":0},"end":{"line":8,"column":11}},"2":{"start":{"line":9,"column":0},"end":{"line":9,"column":35}},"3":{"start":{"line":10,"column":0},"end":{"line":10,"column":30}},"4":{"start":{"line":11,"column":0},"end":{"line":11,"column":37}},"5":{"start":{"line":12,"column":0},"end":{"line":12,"column":35}},"6":{"start":{"line":13,"column":0},"end":{"line":13,"column":15}},"7":{"start":{"line":16,"column":0},"end":{"line":16,"column":14}},"8":{"start":{"line":17,"column":0},"end":{"line":17,"column":13}},"9":{"start":{"line":20,"column":0},"end":{"line":25,"column":2}},"10":{"start":{"line":22,"column":8},"end":{"line":22,"column":50}},"11":{"start":{"line":32,"column":0},"end":{"line":75,"column":1}},"12":{"start":{"line":34,"column":4},"end":{"line":75,"column":0}},"13":{"start":{"line":35,"column":8},"end":{"line":35,"column":41}},"14":{"start":{"line":37,"column":8},"end":{"line":37,"column":42}},"15":{"start":{"line":39,"column":8},"end":{"line":39,"column":55}},"16":{"start":{"line":41,"column":8},"end":{"line":41,"column":38}},"17":{"start":{"line":42,"column":8},"end":{"line":42,"column":36}},"18":{"start":{"line":45,"column":8},"end":{"line":45,"column":38}},"19":{"start":{"line":46,"column":8},"end":{"line":46,"column":40}},"20":{"start":{"line":47,"column":8},"end":{"line":47,"column":38}},"21":{"start":{"line":48,"column":8},"end":{"line":48,"column":43}},"22":{"start":{"line":49,"column":8},"end":{"line":49,"column":25}},"23":{"start":{"line":50,"column":8},"end":{"line":50,"column":27}},"24":{"start":{"line":51,"column":8},"end":{"line":51,"column":63}},"25":{"start":{"line":52,"column":8},"end":{"line":52,"column":35}},"26":{"start":{"line":53,"column":8},"end":{"line":53,"column":33}},"27":{"start":{"line":55,"column":8},"end":{"line":55,"column":31}},"28":{"start":{"line":56,"column":8},"end":{"line":56,"column":31}},"29":{"start":{"line":57,"column":8},"end":{"line":57,"column":31}},"30":{"start":{"line":58,"column":8},"end":{"line":58,"column":33}},"31":{"start":{"line":59,"column":8},"end":{"line":59,"column":37}},"32":{"start":{"line":60,"column":8},"end":{"line":60,"column":31}},"33":{"start":{"line":61,"column":8},"end":{"line":61,"column":33}},"34":{"start":{"line":62,"column":8},"end":{"line":62,"column":41}},"35":{"start":{"line":63,"column":8},"end":{"line":63,"column":43}},"36":{"start":{"line":64,"column":8},"end":{"line":64,"column":43}},"37":{"start":{"line":65,"column":8},"end":{"line":65,"column":41}},"38":{"start":{"line":66,"column":8},"end":{"line":66,"column":31}},"39":{"start":{"line":67,"column":8},"end":{"line":67,"column":37}},"40":{"start":{"line":68,"column":8},"end":{"line":68,"column":45}},"41":{"start":{"line":69,"column":8},"end":{"line":69,"column":35}},"42":{"start":{"line":70,"column":8},"end":{"line":70,"column":47}},"43":{"start":{"line":72,"column":8},"end":{"line":72,"column":46}},"44":{"start":{"line":77,"column":0},"end":{"line":79,"column":1}},"45":{"start":{"line":78,"column":4},"end":{"line":78,"column":21}},"46":{"start":{"line":81,"column":0},"end":{"line":83,"column":1}},"47":{"start":{"line":82,"column":4},"end":{"line":82,"column":21}},"48":{"start":{"line":85,"column":0},"end":{"line":87,"column":1}},"49":{"start":{"line":86,"column":4},"end":{"line":86,"column":21}},"50":{"start":{"line":89,"column":0},"end":{"line":91,"column":1}},"51":{"start":{"line":90,"column":4},"end":{"line":90,"column":22}},"52":{"start":{"line":93,"column":0},"end":{"line":95,"column":1}},"53":{"start":{"line":94,"column":4},"end":{"line":94,"column":24}},"54":{"start":{"line":97,"column":0},"end":{"line":109,"column":1}},"55":{"start":{"line":98,"column":4},"end":{"line":98,"column":27}},"56":{"start":{"line":100,"column":4},"end":{"line":100,"column":20}},"57":{"start":{"line":101,"column":4},"end":{"line":108,"column":10}},"58":{"start":{"line":102,"column":8},"end":{"line":102,"column":44}},"59":{"start":{"line":104,"column":8},"end":{"line":105,"column":48}},"60":{"start":{"line":105,"column":12},"end":{"line":105,"column":48}},"61":{"start":{"line":107,"column":8},"end":{"line":107,"column":37}},"62":{"start":{"line":111,"column":0},"end":{"line":113,"column":1}},"63":{"start":{"line":112,"column":4},"end":{"line":112,"column":28}},"64":{"start":{"line":115,"column":0},"end":{"line":117,"column":1}},"65":{"start":{"line":116,"column":4},"end":{"line":116,"column":26}},"66":{"start":{"line":119,"column":0},"end":{"line":121,"column":1}},"67":{"start":{"line":120,"column":4},"end":{"line":120,"column":24}},"68":{"start":{"line":123,"column":0},"end":{"line":125,"column":1}},"69":{"start":{"line":124,"column":4},"end":{"line":124,"column":47}},"70":{"start":{"line":127,"column":0},"end":{"line":129,"column":1}},"71":{"start":{"line":128,"column":4},"end":{"line":128,"column":47}},"72":{"start":{"line":131,"column":0},"end":{"line":133,"column":1}},"73":{"start":{"line":132,"column":4},"end":{"line":132,"column":25}},"74":{"start":{"line":135,"column":0},"end":{"line":137,"column":1}},"75":{"start":{"line":136,"column":4},"end":{"line":136,"column":104}},"76":{"start":{"line":139,"column":0},"end":{"line":148,"column":1}},"77":{"start":{"line":140,"column":4},"end":{"line":147,"column":10}},"78":{"start":{"line":141,"column":12},"end":{"line":141,"column":56}},"79":{"start":{"line":143,"column":8},"end":{"line":147,"column":10}},"80":{"start":{"line":150,"column":0},"end":{"line":161,"column":1}},"81":{"start":{"line":151,"column":4},"end":{"line":151,"column":20}},"82":{"start":{"line":152,"column":4},"end":{"line":160,"column":12}},"83":{"start":{"line":155,"column":12},"end":{"line":157,"column":15}},"84":{"start":{"line":156,"column":15},"end":{"line":156,"column":29}},"85":{"start":{"line":158,"column":12},"end":{"line":158,"column":24}},"86":{"start":{"line":163,"column":0},"end":{"line":197,"column":1}},"87":{"start":{"line":164,"column":4},"end":{"line":164,"column":49}},"88":{"start":{"line":165,"column":4},"end":{"line":165,"column":40}},"89":{"start":{"line":167,"column":4},"end":{"line":167,"column":41}},"90":{"start":{"line":168,"column":4},"end":{"line":168,"column":45}},"91":{"start":{"line":170,"column":4},"end":{"line":196,"column":10}},"92":{"start":{"line":180,"column":8},"end":{"line":180,"column":21}},"93":{"start":{"line":183,"column":8},"end":{"line":196,"column":10}},"94":{"start":{"line":200,"column":0},"end":{"line":227,"column":1}},"95":{"start":{"line":201,"column":4},"end":{"line":201,"column":49}},"96":{"start":{"line":202,"column":4},"end":{"line":202,"column":51}},"97":{"start":{"line":203,"column":4},"end":{"line":203,"column":49}},"98":{"start":{"line":206,"column":4},"end":{"line":217,"column":21}},"99":{"start":{"line":217,"column":8},"end":{"line":217,"column":21}},"100":{"start":{"line":220,"column":4},"end":{"line":221,"column":29}},"101":{"start":{"line":221,"column":8},"end":{"line":221,"column":29}},"102":{"start":{"line":225,"column":4},"end":{"line":226,"column":19}},"103":{"start":{"line":230,"column":0},"end":{"line":240,"column":1}},"104":{"start":{"line":231,"column":4},"end":{"line":240,"column":0}},"105":{"start":{"line":242,"column":0},"end":{"line":245,"column":1}},"106":{"start":{"line":243,"column":4},"end":{"line":243,"column":46}},"107":{"start":{"line":244,"column":4},"end":{"line":244,"column":52}},"108":{"start":{"line":247,"column":0},"end":{"line":256,"column":1}},"109":{"start":{"line":248,"column":4},"end":{"line":256,"column":0}}},"branchMap":{"1":{"line":51,"type":"cond-expr","locations":[{"start":{"line":51,"column":47},"end":{"line":51,"column":54}},{"start":{"line":51,"column":57},"end":{"line":51,"column":62}}]},"2":{"line":104,"type":"if","locations":[{"start":{"line":104,"column":8},"end":{"line":104,"column":8}},{"start":{"line":104,"column":8},"end":{"line":104,"column":8}}]},"3":{"line":140,"type":"if","locations":[{"start":{"line":140,"column":4},"end":{"line":140,"column":4}},{"start":{"line":140,"column":4},"end":{"line":140,"column":4}}]},"4":{"line":167,"type":"cond-expr","locations":[{"start":{"line":167,"column":32},"end":{"line":167,"column":36}},{"start":{"line":167,"column":39},"end":{"line":167,"column":40}}]},"5":{"line":168,"type":"cond-expr","locations":[{"start":{"line":168,"column":34},"end":{"line":168,"column":39}},{"start":{"line":168,"column":42},"end":{"line":168,"column":44}}]},"6":{"line":170,"type":"if","locations":[{"start":{"line":170,"column":4},"end":{"line":170,"column":4}},{"start":{"line":170,"column":4},"end":{"line":170,"column":4}}]},"7":{"line":170,"type":"binary-expr","locations":[{"start":{"line":170,"column":7},"end":{"line":170,"column":45}},{"start":{"line":171,"column":8},"end":{"line":171,"column":105}},{"start":{"line":172,"column":8},"end":{"line":178,"column":9}}]},"8":{"line":206,"type":"if","locations":[{"start":{"line":206,"column":4},"end":{"line":206,"column":4}},{"start":{"line":206,"column":4},"end":{"line":206,"column":4}}]},"9":{"line":206,"type":"binary-expr","locations":[{"start":{"line":206,"column":7},"end":{"line":206,"column":56}},{"start":{"line":208,"column":12},"end":{"line":208,"column":57}},{"start":{"line":209,"column":12},"end":{"line":209,"column":65}},{"start":{"line":212,"column":12},"end":{"line":212,"column":38}},{"start":{"line":213,"column":12},"end":{"line":213,"column":66}},{"start":{"line":214,"column":12},"end":{"line":214,"column":79}}]},"10":{"line":220,"type":"if","locations":[{"start":{"line":220,"column":4},"end":{"line":220,"column":4}},{"start":{"line":220,"column":4},"end":{"line":220,"column":4}}]},"11":{"line":225,"type":"binary-expr","locations":[{"start":{"line":225,"column":11},"end":{"line":225,"column":89}},{"start":{"line":226,"column":8},"end":{"line":226,"column":17}}]}}},"/Users/andrew.bruss/Documents/projects/murtaziq/engine/vector.js":{"path":"/Users/andrew.bruss/Documents/projects/murtaziq/engine/vector.js","s":{"1":1,"2":1,"3":1,"4":1,"5":0,"6":0,"7":0,"8":1,"9":0,"10":1,"11":0,"12":0,"13":1,"14":0,"15":1,"16":0,"17":1,"18":0,"19":1,"20":0,"21":1,"22":0,"23":0,"24":0,"25":1,"26":0,"27":1,"28":0,"29":1,"30":0,"31":1,"32":0,"33":1,"34":0},"b":{"1":[0,0],"2":[0,0],"3":[0,0],"4":[0,0],"5":[0,0],"6":[0,0],"7":[0,0]},"f":{"1":0,"2":0,"3":0,"4":0,"5":0,"6":0,"7":0,"8":0,"9":0,"10":0,"11":0,"12":0,"13":0},"fnMap":{"1":{"name":"create","line":29,"loc":{"start":{"line":29,"column":0},"end":{"line":29,"column":21}}},"2":{"name":"add","line":39,"loc":{"start":{"line":39,"column":0},"end":{"line":39,"column":24}}},"3":{"name":"subtract","line":46,"loc":{"start":{"line":46,"column":0},"end":{"line":46,"column":29}}},"4":{"name":"negate","line":51,"loc":{"start":{"line":51,"column":0},"end":{"line":51,"column":20}}},"5":{"name":"getX","line":58,"loc":{"start":{"line":58,"column":0},"end":{"line":58,"column":18}}},"6":{"name":"getY","line":62,"loc":{"start":{"line":62,"column":0},"end":{"line":62,"column":18}}},"7":{"name":"scale","line":66,"loc":{"start":{"line":66,"column":0},"end":{"line":66,"column":27}}},"8":{"name":"isBounded","line":73,"loc":{"start":{"line":73,"column":0},"end":{"line":73,"column":39}}},"9":{"name":"isInside","line":80,"loc":{"start":{"line":80,"column":0},"end":{"line":80,"column":31}}},"10":{"name":"isOutside","line":84,"loc":{"start":{"line":84,"column":0},"end":{"line":84,"column":35}}},"11":{"name":"isEqual","line":88,"loc":{"start":{"line":88,"column":0},"end":{"line":88,"column":28}}},"12":{"name":"toString","line":92,"loc":{"start":{"line":92,"column":0},"end":{"line":92,"column":22}}},"13":{"name":"reflect","line":96,"loc":{"start":{"line":96,"column":0},"end":{"line":96,"column":21}}}},"statementMap":{"1":{"start":{"line":10,"column":0},"end":{"line":10,"column":34}},"2":{"start":{"line":11,"column":0},"end":{"line":11,"column":30}},"3":{"start":{"line":13,"column":0},"end":{"line":27,"column":2}},"4":{"start":{"line":29,"column":0},"end":{"line":37,"column":1}},"5":{"start":{"line":30,"column":4},"end":{"line":36,"column":61}},"6":{"start":{"line":31,"column":8},"end":{"line":34,"column":10}},"7":{"start":{"line":36,"column":8},"end":{"line":36,"column":61}},"8":{"start":{"line":39,"column":0},"end":{"line":44,"column":1}},"9":{"start":{"line":40,"column":4},"end":{"line":43,"column":6}},"10":{"start":{"line":46,"column":0},"end":{"line":49,"column":1}},"11":{"start":{"line":47,"column":4},"end":{"line":47,"column":24}},"12":{"start":{"line":48,"column":4},"end":{"line":48,"column":27}},"13":{"start":{"line":51,"column":0},"end":{"line":56,"column":1}},"14":{"start":{"line":52,"column":4},"end":{"line":55,"column":6}},"15":{"start":{"line":58,"column":0},"end":{"line":60,"column":1}},"16":{"start":{"line":59,"column":4},"end":{"line":59,"column":17}},"17":{"start":{"line":62,"column":0},"end":{"line":64,"column":1}},"18":{"start":{"line":63,"column":4},"end":{"line":63,"column":17}},"19":{"start":{"line":66,"column":0},"end":{"line":71,"column":1}},"20":{"start":{"line":67,"column":4},"end":{"line":70,"column":6}},"21":{"start":{"line":73,"column":0},"end":{"line":78,"column":1}},"22":{"start":{"line":74,"column":4},"end":{"line":77,"column":21}},"23":{"start":{"line":75,"column":8},"end":{"line":75,"column":20}},"24":{"start":{"line":77,"column":8},"end":{"line":77,"column":21}},"25":{"start":{"line":80,"column":0},"end":{"line":82,"column":1}},"26":{"start":{"line":81,"column":4},"end":{"line":81,"column":64}},"27":{"start":{"line":84,"column":0},"end":{"line":86,"column":1}},"28":{"start":{"line":85,"column":4},"end":{"line":85,"column":68}},"29":{"start":{"line":88,"column":0},"end":{"line":90,"column":1}},"30":{"start":{"line":89,"column":4},"end":{"line":89,"column":64}},"31":{"start":{"line":92,"column":0},"end":{"line":94,"column":1}},"32":{"start":{"line":93,"column":4},"end":{"line":93,"column":44}},"33":{"start":{"line":96,"column":0},"end":{"line":98,"column":1}},"34":{"start":{"line":97,"column":4},"end":{"line":97,"column":42}}},"branchMap":{"1":{"line":30,"type":"if","locations":[{"start":{"line":30,"column":4},"end":{"line":30,"column":4}},{"start":{"line":30,"column":4},"end":{"line":30,"column":4}}]},"2":{"line":30,"type":"binary-expr","locations":[{"start":{"line":30,"column":7},"end":{"line":30,"column":20}},{"start":{"line":30,"column":24},"end":{"line":30,"column":37}}]},"3":{"line":74,"type":"if","locations":[{"start":{"line":74,"column":4},"end":{"line":74,"column":4}},{"start":{"line":74,"column":4},"end":{"line":74,"column":4}}]},"4":{"line":74,"type":"binary-expr","locations":[{"start":{"line":74,"column":7},"end":{"line":74,"column":28}},{"start":{"line":74,"column":32},"end":{"line":74,"column":54}}]},"5":{"line":81,"type":"binary-expr","locations":[{"start":{"line":81,"column":11},"end":{"line":81,"column":35}},{"start":{"line":81,"column":39},"end":{"line":81,"column":63}}]},"6":{"line":85,"type":"binary-expr","locations":[{"start":{"line":85,"column":11},"end":{"line":85,"column":37}},{"start":{"line":85,"column":41},"end":{"line":85,"column":67}}]},"7":{"line":89,"type":"binary-expr","locations":[{"start":{"line":89,"column":11},"end":{"line":89,"column":35}},{"start":{"line":89,"column":39},"end":{"line":89,"column":63}}]}}},"/Users/andrew.bruss/Documents/projects/murtaziq/engine/space.js":{"path":"/Users/andrew.bruss/Documents/projects/murtaziq/engine/space.js","s":{"1":1,"2":1,"3":1,"4":1,"5":0,"6":1,"7":0,"8":1,"9":0,"10":1,"11":0,"12":0,"13":1,"14":0,"15":0,"16":0,"17":1,"18":0,"19":1,"20":0,"21":0,"22":0,"23":0,"24":1,"25":0,"26":0,"27":0,"28":0,"29":1,"30":0,"31":0,"32":0,"33":0},"b":{"1":[0,0],"2":[0,0],"3":[0,0]},"f":{"1":0,"2":0,"3":0,"4":0,"5":0,"6":0,"7":0,"8":0,"9":0},"fnMap":{"1":{"name":"create","line":16,"loc":{"start":{"line":16,"column":0},"end":{"line":16,"column":20}}},"2":{"name":"getLoc","line":22,"loc":{"start":{"line":22,"column":0},"end":{"line":22,"column":22}}},"3":{"name":"getPiece","line":26,"loc":{"start":{"line":26,"column":0},"end":{"line":26,"column":24}}},"4":{"name":"setPiece","line":30,"loc":{"start":{"line":30,"column":0},"end":{"line":30,"column":31}}},"5":{"name":"removePiece","line":36,"loc":{"start":{"line":36,"column":0},"end":{"line":36,"column":27}}},"6":{"name":"isEqual","line":42,"loc":{"start":{"line":42,"column":0},"end":{"line":42,"column":32}}},"7":{"name":"toJSONObj","line":46,"loc":{"start":{"line":46,"column":0},"end":{"line":46,"column":27}}},"8":{"name":"loadJSONObj","line":57,"loc":{"start":{"line":57,"column":0},"end":{"line":57,"column":31}}},"9":{"name":"toClientJSONObj","line":68,"loc":{"start":{"line":68,"column":0},"end":{"line":68,"column":33}}}},"statementMap":{"1":{"start":{"line":1,"column":0},"end":{"line":1,"column":36}},"2":{"start":{"line":2,"column":0},"end":{"line":2,"column":36}},"3":{"start":{"line":4,"column":0},"end":{"line":14,"column":2}},"4":{"start":{"line":16,"column":0},"end":{"line":20,"column":1}},"5":{"start":{"line":17,"column":4},"end":{"line":19,"column":6}},"6":{"start":{"line":22,"column":0},"end":{"line":24,"column":1}},"7":{"start":{"line":23,"column":4},"end":{"line":23,"column":21}},"8":{"start":{"line":26,"column":0},"end":{"line":28,"column":1}},"9":{"start":{"line":27,"column":4},"end":{"line":27,"column":23}},"10":{"start":{"line":30,"column":0},"end":{"line":34,"column":1}},"11":{"start":{"line":31,"column":4},"end":{"line":31,"column":24}},"12":{"start":{"line":33,"column":4},"end":{"line":33,"column":17}},"13":{"start":{"line":36,"column":0},"end":{"line":40,"column":1}},"14":{"start":{"line":37,"column":4},"end":{"line":37,"column":32}},"15":{"start":{"line":38,"column":4},"end":{"line":38,"column":31}},"16":{"start":{"line":39,"column":4},"end":{"line":39,"column":17}},"17":{"start":{"line":42,"column":0},"end":{"line":44,"column":1}},"18":{"start":{"line":43,"column":4},"end":{"line":43,"column":58}},"19":{"start":{"line":46,"column":0},"end":{"line":55,"column":1}},"20":{"start":{"line":47,"column":4},"end":{"line":49,"column":6}},"21":{"start":{"line":51,"column":4},"end":{"line":52,"column":52}},"22":{"start":{"line":52,"column":8},"end":{"line":52,"column":52}},"23":{"start":{"line":54,"column":4},"end":{"line":54,"column":19}},"24":{"start":{"line":57,"column":0},"end":{"line":65,"column":1}},"25":{"start":{"line":58,"column":4},"end":{"line":61,"column":4}},"26":{"start":{"line":61,"column":4},"end":{"line":62,"column":54}},"27":{"start":{"line":62,"column":8},"end":{"line":62,"column":54}},"28":{"start":{"line":64,"column":4},"end":{"line":64,"column":17}},"29":{"start":{"line":68,"column":0},"end":{"line":75,"column":1}},"30":{"start":{"line":69,"column":4},"end":{"line":69,"column":21}},"31":{"start":{"line":71,"column":4},"end":{"line":72,"column":58}},"32":{"start":{"line":72,"column":8},"end":{"line":72,"column":58}},"33":{"start":{"line":74,"column":4},"end":{"line":74,"column":19}}},"branchMap":{"1":{"line":51,"type":"if","locations":[{"start":{"line":51,"column":4},"end":{"line":51,"column":4}},{"start":{"line":51,"column":4},"end":{"line":51,"column":4}}]},"2":{"line":61,"type":"if","locations":[{"start":{"line":61,"column":4},"end":{"line":61,"column":4}},{"start":{"line":61,"column":4},"end":{"line":61,"column":4}}]},"3":{"line":71,"type":"if","locations":[{"start":{"line":71,"column":4},"end":{"line":71,"column":4}},{"start":{"line":71,"column":4},"end":{"line":71,"column":4}}]}}},"/Users/andrew.bruss/Documents/projects/murtaziq/engine/pieces.js":{"path":"/Users/andrew.bruss/Documents/projects/murtaziq/engine/pieces.js","s":{"1":1,"2":1,"3":1,"4":1,"5":1,"6":1,"7":0,"8":0,"9":1,"10":0,"11":0,"12":1,"13":0,"14":0},"b":{},"f":{"1":0,"2":0,"3":0},"fnMap":{"1":{"name":"getConstructor","line":24,"loc":{"start":{"line":24,"column":0},"end":{"line":24,"column":34}}},"2":{"name":"loadPiece","line":29,"loc":{"start":{"line":29,"column":0},"end":{"line":29,"column":31}}},"3":{"name":"getValue","line":34,"loc":{"start":{"line":34,"column":0},"end":{"line":34,"column":28}}}},"statementMap":{"1":{"start":{"line":8,"column":0},"end":{"line":8,"column":11}},"2":{"start":{"line":9,"column":0},"end":{"line":9,"column":34}},"3":{"start":{"line":10,"column":0},"end":{"line":10,"column":23}},"4":{"start":{"line":11,"column":0},"end":{"line":11,"column":30}},"5":{"start":{"line":13,"column":0},"end":{"line":17,"column":2}},"6":{"start":{"line":24,"column":0},"end":{"line":27,"column":1}},"7":{"start":{"line":25,"column":1},"end":{"line":25,"column":33}},"8":{"start":{"line":26,"column":1},"end":{"line":26,"column":43}},"9":{"start":{"line":29,"column":0},"end":{"line":32,"column":1}},"10":{"start":{"line":30,"column":1},"end":{"line":30,"column":33}},"11":{"start":{"line":31,"column":1},"end":{"line":31,"column":70}},"12":{"start":{"line":34,"column":0},"end":{"line":37,"column":1}},"13":{"start":{"line":35,"column":1},"end":{"line":35,"column":33}},"14":{"start":{"line":36,"column":1},"end":{"line":36,"column":50}}},"branchMap":{}},"/Users/andrew.bruss/Documents/projects/murtaziq/engine/config/pieces/kingconfig.js":{"path":"/Users/andrew.bruss/Documents/projects/murtaziq/engine/config/pieces/kingconfig.js","s":{"1":1},"b":{},"f":{},"fnMap":{},"statementMap":{"1":{"start":{"line":1,"column":0},"end":{"line":6,"column":2}}},"branchMap":{}},"/Users/andrew.bruss/Documents/projects/murtaziq/engine/config/pieces/knightconfig.js":{"path":"/Users/andrew.bruss/Documents/projects/murtaziq/engine/config/pieces/knightconfig.js","s":{"1":1},"b":{},"f":{},"fnMap":{},"statementMap":{"1":{"start":{"line":1,"column":0},"end":{"line":6,"column":2}}},"branchMap":{}},"/Users/andrew.bruss/Documents/projects/murtaziq/engine/config/pieces/pawnconfig.js":{"path":"/Users/andrew.bruss/Documents/projects/murtaziq/engine/config/pieces/pawnconfig.js","s":{"1":1},"b":{},"f":{},"fnMap":{},"statementMap":{"1":{"start":{"line":1,"column":0},"end":{"line":6,"column":2}}},"branchMap":{}},"/Users/andrew.bruss/Documents/projects/murtaziq/engine/config/pieces/queenconfig.js":{"path":"/Users/andrew.bruss/Documents/projects/murtaziq/engine/config/pieces/queenconfig.js","s":{"1":1},"b":{},"f":{},"fnMap":{},"statementMap":{"1":{"start":{"line":1,"column":0},"end":{"line":6,"column":2}}},"branchMap":{}},"/Users/andrew.bruss/Documents/projects/murtaziq/engine/config/pieces/rookconfig.js":{"path":"/Users/andrew.bruss/Documents/projects/murtaziq/engine/config/pieces/rookconfig.js","s":{"1":1},"b":{},"f":{},"fnMap":{},"statementMap":{"1":{"start":{"line":1,"column":0},"end":{"line":7,"column":2}}},"branchMap":{}},"/Users/andrew.bruss/Documents/projects/murtaziq/engine/pieces/rook.js":{"path":"/Users/andrew.bruss/Documents/projects/murtaziq/engine/pieces/rook.js","s":{"1":1,"2":1,"3":1,"4":1,"5":1,"6":1,"7":1,"8":1,"9":1,"10":1,"11":0,"12":0,"13":0,"14":1,"15":0,"16":0,"17":0,"18":0,"19":0,"20":0,"21":0,"22":0,"23":1,"24":0,"25":0},"b":{"1":[0,0],"2":[0,0],"3":[0,0],"4":[0,0]},"f":{"1":1,"2":0,"3":0,"4":0,"5":0},"fnMap":{"1":{"name":"(anonymous_1)","line":11,"loc":{"start":{"line":11,"column":11},"end":{"line":11,"column":34}}},"2":{"name":"(anonymous_2)","line":13,"loc":{"start":{"line":13,"column":15},"end":{"line":13,"column":39}}},"3":{"name":"getMoves","line":24,"loc":{"start":{"line":24,"column":0},"end":{"line":24,"column":31}}},"4":{"name":"adjacentMoveFilter","line":45,"loc":{"start":{"line":45,"column":0},"end":{"line":45,"column":47}}},"5":{"name":"(anonymous_5)","line":46,"loc":{"start":{"line":46,"column":11},"end":{"line":46,"column":25}}}},"statementMap":{"1":{"start":{"line":1,"column":0},"end":{"line":1,"column":11}},"2":{"start":{"line":2,"column":0},"end":{"line":2,"column":34}},"3":{"start":{"line":3,"column":0},"end":{"line":3,"column":35}},"4":{"start":{"line":4,"column":0},"end":{"line":4,"column":45}},"5":{"start":{"line":5,"column":0},"end":{"line":5,"column":35}},"6":{"start":{"line":6,"column":0},"end":{"line":6,"column":37}},"7":{"start":{"line":8,"column":0},"end":{"line":8,"column":30}},"8":{"start":{"line":10,"column":0},"end":{"line":21,"column":2}},"9":{"start":{"line":12,"column":8},"end":{"line":12,"column":44}},"10":{"start":{"line":13,"column":8},"end":{"line":18,"column":4}},"11":{"start":{"line":14,"column":12},"end":{"line":14,"column":45}},"12":{"start":{"line":15,"column":12},"end":{"line":15,"column":53}},"13":{"start":{"line":16,"column":12},"end":{"line":16,"column":37}},"14":{"start":{"line":24,"column":0},"end":{"line":43,"column":1}},"15":{"start":{"line":25,"column":4},"end":{"line":25,"column":46}},"16":{"start":{"line":27,"column":4},"end":{"line":27,"column":53}},"17":{"start":{"line":28,"column":4},"end":{"line":28,"column":90}},"18":{"start":{"line":29,"column":4},"end":{"line":41,"column":5}},"19":{"start":{"line":30,"column":8},"end":{"line":30,"column":72}},"20":{"start":{"line":32,"column":8},"end":{"line":40,"column":9}},"21":{"start":{"line":33,"column":12},"end":{"line":39,"column":16}},"22":{"start":{"line":42,"column":4},"end":{"line":42,"column":17}},"23":{"start":{"line":45,"column":0},"end":{"line":56,"column":1}},"24":{"start":{"line":46,"column":4},"end":{"line":55,"column":8}},"25":{"start":{"line":47,"column":8},"end":{"line":54,"column":18}}},"branchMap":{"1":{"line":29,"type":"if","locations":[{"start":{"line":29,"column":4},"end":{"line":29,"column":4}},{"start":{"line":29,"column":4},"end":{"line":29,"column":4}}]},"2":{"line":29,"type":"binary-expr","locations":[{"start":{"line":29,"column":7},"end":{"line":29,"column":53}},{"start":{"line":29,"column":57},"end":{"line":29,"column":103}}]},"3":{"line":32,"type":"if","locations":[{"start":{"line":32,"column":8},"end":{"line":32,"column":8}},{"start":{"line":32,"column":8},"end":{"line":32,"column":8}}]},"4":{"line":47,"type":"binary-expr","locations":[{"start":{"line":47,"column":16},"end":{"line":50,"column":17}},{"start":{"line":51,"column":16},"end":{"line":54,"column":17}}]}}},"/Users/andrew.bruss/Documents/projects/murtaziq/engine/chessboard.js":{"path":"/Users/andrew.bruss/Documents/projects/murtaziq/engine/chessboard.js","s":{"1":1,"2":1,"3":1,"4":1,"5":1,"6":1,"7":1,"8":1,"9":0,"10":0,"11":0,"12":0,"13":0,"14":0,"15":0,"16":1,"17":0,"18":0,"19":0,"20":1,"21":0,"22":0,"23":0,"24":0,"25":0,"26":0,"27":0,"28":0,"29":0,"30":0,"31":0,"32":1,"33":0,"34":1,"35":0,"36":0,"37":0,"38":0,"39":0,"40":0,"41":0,"42":0,"43":1,"44":0,"45":0,"46":0,"47":1,"48":0,"49":1,"50":0,"51":0,"52":0,"53":1,"54":0,"55":1,"56":0,"57":0,"58":1,"59":0,"60":1,"61":0,"62":1,"63":0,"64":0,"65":0,"66":0,"67":0,"68":0,"69":0,"70":1,"71":0,"72":0,"73":0,"74":1,"75":0,"76":0,"77":0,"78":1,"79":0,"80":1,"81":0,"82":1,"83":0,"84":1,"85":0,"86":1,"87":0,"88":1,"89":0,"90":1,"91":0,"92":0,"93":0,"94":0,"95":0,"96":1,"97":0,"98":0,"99":1,"100":0,"101":0,"102":1,"103":0,"104":0,"105":0,"106":0,"107":1,"108":0,"109":0,"110":0,"111":0,"112":0,"113":0,"114":0,"115":1,"116":0,"117":0,"118":0,"119":1,"120":0,"121":0,"122":0,"123":0,"124":1,"125":0,"126":0,"127":0,"128":1,"129":0,"130":0,"131":1,"132":0,"133":0,"134":0,"135":1,"136":0,"137":0,"138":0,"139":1,"140":0,"141":0,"142":0,"143":1,"144":0,"145":0,"146":0},"b":{"1":[0,0],"2":[0,0],"3":[0,0],"4":[0,0],"5":[0,0],"6":[0,0],"7":[0,0],"8":[0,0],"9":[0,0],"10":[0,0],"11":[0,0],"12":[0,0],"13":[0,0],"14":[0,0],"15":[0,0,0],"16":[0,0]},"f":{"1":0,"2":0,"3":0,"4":0,"5":0,"6":0,"7":0,"8":0,"9":0,"10":0,"11":0,"12":0,"13":0,"14":0,"15":0,"16":0,"17":0,"18":0,"19":0,"20":0,"21":0,"22":0,"23":0,"24":0,"25":0,"26":0,"27":0,"28":0,"29":0,"30":0,"31":0,"32":0,"33":0,"34":0,"35":0,"36":0,"37":0,"38":0,"39":0,"40":0,"41":0,"42":0,"43":0,"44":0,"45":0,"46":0,"47":0,"48":0,"49":0,"50":0},"fnMap":{"1":{"name":"create","line":41,"loc":{"start":{"line":41,"column":0},"end":{"line":41,"column":17}}},"2":{"name":"getMaster","line":51,"loc":{"start":{"line":51,"column":0},"end":{"line":51,"column":22}}},"3":{"name":"setSide","line":57,"loc":{"start":{"line":57,"column":0},"end":{"line":57,"column":44}}},"4":{"name":"validateSideValue","line":82,"loc":{"start":{"line":82,"column":0},"end":{"line":82,"column":32}}},"5":{"name":"getSideValue","line":86,"loc":{"start":{"line":86,"column":0},"end":{"line":86,"column":29}}},"6":{"name":"getSpace","line":105,"loc":{"start":{"line":105,"column":0},"end":{"line":105,"column":29}}},"7":{"name":"isOnBoard","line":118,"loc":{"start":{"line":118,"column":0},"end":{"line":118,"column":30}}},"8":{"name":"getSize","line":127,"loc":{"start":{"line":127,"column":0},"end":{"line":127,"column":23}}},"9":{"name":"getPiece","line":140,"loc":{"start":{"line":140,"column":0},"end":{"line":140,"column":29}}},"10":{"name":"setPiece","line":151,"loc":{"start":{"line":151,"column":0},"end":{"line":151,"column":36}}},"11":{"name":"removePiece","line":162,"loc":{"start":{"line":162,"column":0},"end":{"line":162,"column":32}}},"12":{"name":"getSide","line":170,"loc":{"start":{"line":170,"column":0},"end":{"line":170,"column":22}}},"13":{"name":"newBoard","line":185,"loc":{"start":{"line":185,"column":0},"end":{"line":185,"column":19}}},"14":{"name":"(anonymous_14)","line":191,"loc":{"start":{"line":191,"column":16},"end":{"line":191,"column":31}}},"15":{"name":"setLightSide","line":201,"loc":{"start":{"line":201,"column":0},"end":{"line":201,"column":34}}},"16":{"name":"setDarkSide","line":212,"loc":{"start":{"line":212,"column":0},"end":{"line":212,"column":33}}},"17":{"name":"setPawns","line":223,"loc":{"start":{"line":223,"column":0},"end":{"line":223,"column":47}}},"18":{"name":"setRooks","line":240,"loc":{"start":{"line":240,"column":0},"end":{"line":240,"column":47}}},"19":{"name":"setKnights","line":251,"loc":{"start":{"line":251,"column":0},"end":{"line":251,"column":49}}},"20":{"name":"setBishops","line":262,"loc":{"start":{"line":262,"column":0},"end":{"line":262,"column":49}}},"21":{"name":"setQueen","line":273,"loc":{"start":{"line":273,"column":0},"end":{"line":273,"column":55}}},"22":{"name":"setRoyal","line":283,"loc":{"start":{"line":283,"column":0},"end":{"line":283,"column":55}}},"23":{"name":"createPiecesAt","line":294,"loc":{"start":{"line":294,"column":0},"end":{"line":294,"column":52}}},"24":{"name":"createPieceGen","line":305,"loc":{"start":{"line":305,"column":0},"end":{"line":305,"column":52}}},"25":{"name":"(anonymous_25)","line":306,"loc":{"start":{"line":306,"column":11},"end":{"line":306,"column":24}}},"26":{"name":"print","line":311,"loc":{"start":{"line":311,"column":0},"end":{"line":311,"column":21}}},"27":{"name":"printRow","line":316,"loc":{"start":{"line":316,"column":0},"end":{"line":316,"column":29}}},"28":{"name":"(anonymous_28)","line":317,"loc":{"start":{"line":317,"column":11},"end":{"line":317,"column":24}}},"29":{"name":"(anonymous_29)","line":318,"loc":{"start":{"line":318,"column":20},"end":{"line":318,"column":35}}},"30":{"name":"spaceString","line":325,"loc":{"start":{"line":325,"column":0},"end":{"line":325,"column":39}}},"31":{"name":"getHighlight","line":337,"loc":{"start":{"line":337,"column":0},"end":{"line":337,"column":40}}},"32":{"name":"(anonymous_32)","line":338,"loc":{"start":{"line":338,"column":30},"end":{"line":338,"column":50}}},"33":{"name":"(anonymous_33)","line":342,"loc":{"start":{"line":342,"column":16},"end":{"line":342,"column":34}}},"34":{"name":"getEnemySpaces","line":351,"loc":{"start":{"line":351,"column":0},"end":{"line":351,"column":37}}},"35":{"name":"(anonymous_35)","line":354,"loc":{"start":{"line":354,"column":12},"end":{"line":354,"column":28}}},"36":{"name":"getThreateningPieces","line":361,"loc":{"start":{"line":361,"column":0},"end":{"line":361,"column":44}}},"37":{"name":"(anonymous_37)","line":363,"loc":{"start":{"line":363,"column":12},"end":{"line":363,"column":27}}},"38":{"name":"(anonymous_38)","line":365,"loc":{"start":{"line":365,"column":20},"end":{"line":365,"column":34}}},"39":{"name":"getRoyalSpace","line":373,"loc":{"start":{"line":373,"column":0},"end":{"line":373,"column":35}}},"40":{"name":"(anonymous_40)","line":375,"loc":{"start":{"line":375,"column":12},"end":{"line":375,"column":27}}},"41":{"name":"getMoves","line":383,"loc":{"start":{"line":383,"column":0},"end":{"line":383,"column":31}}},"42":{"name":"toJSONObj","line":390,"loc":{"start":{"line":390,"column":0},"end":{"line":390,"column":27}}},"43":{"name":"(anonymous_43)","line":391,"loc":{"start":{"line":391,"column":24},"end":{"line":391,"column":38}}},"44":{"name":"(anonymous_44)","line":392,"loc":{"start":{"line":392,"column":26},"end":{"line":392,"column":42}}},"45":{"name":"loadJSONObj","line":400,"loc":{"start":{"line":400,"column":0},"end":{"line":400,"column":31}}},"46":{"name":"(anonymous_46)","line":401,"loc":{"start":{"line":401,"column":25},"end":{"line":401,"column":39}}},"47":{"name":"(anonymous_47)","line":402,"loc":{"start":{"line":402,"column":26},"end":{"line":402,"column":42}}},"48":{"name":"toClientJSONObj","line":409,"loc":{"start":{"line":409,"column":0},"end":{"line":409,"column":33}}},"49":{"name":"(anonymous_49)","line":410,"loc":{"start":{"line":410,"column":24},"end":{"line":410,"column":38}}},"50":{"name":"(anonymous_50)","line":411,"loc":{"start":{"line":411,"column":26},"end":{"line":411,"column":42}}}},"statementMap":{"1":{"start":{"line":8,"column":0},"end":{"line":8,"column":34}},"2":{"start":{"line":9,"column":0},"end":{"line":9,"column":36}},"3":{"start":{"line":10,"column":0},"end":{"line":10,"column":36}},"4":{"start":{"line":11,"column":0},"end":{"line":11,"column":34}},"5":{"start":{"line":12,"column":0},"end":{"line":12,"column":11}},"6":{"start":{"line":13,"column":0},"end":{"line":13,"column":30}},"7":{"start":{"line":15,"column":0},"end":{"line":33,"column":2}},"8":{"start":{"line":41,"column":0},"end":{"line":49,"column":1}},"9":{"start":{"line":42,"column":4},"end":{"line":42,"column":20}},"10":{"start":{"line":43,"column":4},"end":{"line":43,"column":87}},"11":{"start":{"line":44,"column":4},"end":{"line":44,"column":86}},"12":{"start":{"line":45,"column":4},"end":{"line":45,"column":27}},"13":{"start":{"line":46,"column":4},"end":{"line":46,"column":36}},"14":{"start":{"line":47,"column":4},"end":{"line":47,"column":36}},"15":{"start":{"line":48,"column":4},"end":{"line":48,"column":17}},"16":{"start":{"line":51,"column":0},"end":{"line":55,"column":1}},"17":{"start":{"line":52,"column":4},"end":{"line":53,"column":40}},"18":{"start":{"line":53,"column":8},"end":{"line":53,"column":40}},"19":{"start":{"line":54,"column":4},"end":{"line":54,"column":18}},"20":{"start":{"line":57,"column":0},"end":{"line":80,"column":1}},"21":{"start":{"line":58,"column":4},"end":{"line":58,"column":25}},"22":{"start":{"line":59,"column":4},"end":{"line":59,"column":57}},"23":{"start":{"line":61,"column":4},"end":{"line":61,"column":35}},"24":{"start":{"line":62,"column":4},"end":{"line":72,"column":5}},"25":{"start":{"line":63,"column":8},"end":{"line":66,"column":46}},"26":{"start":{"line":64,"column":12},"end":{"line":64,"column":47}},"27":{"start":{"line":66,"column":12},"end":{"line":66,"column":46}},"28":{"start":{"line":67,"column":8},"end":{"line":67,"column":23}},"29":{"start":{"line":70,"column":8},"end":{"line":70,"column":24}},"30":{"start":{"line":71,"column":8},"end":{"line":72,"column":4}},"31":{"start":{"line":74,"column":4},"end":{"line":79,"column":6}},"32":{"start":{"line":82,"column":0},"end":{"line":84,"column":1}},"33":{"start":{"line":83,"column":4},"end":{"line":83,"column":71}},"34":{"start":{"line":86,"column":0},"end":{"line":97,"column":1}},"35":{"start":{"line":87,"column":4},"end":{"line":87,"column":18}},"36":{"start":{"line":89,"column":4},"end":{"line":89,"column":49}},"37":{"start":{"line":90,"column":4},"end":{"line":90,"column":49}},"38":{"start":{"line":91,"column":4},"end":{"line":91,"column":51}},"39":{"start":{"line":92,"column":4},"end":{"line":92,"column":51}},"40":{"start":{"line":93,"column":4},"end":{"line":93,"column":48}},"41":{"start":{"line":94,"column":4},"end":{"line":94,"column":48}},"42":{"start":{"line":96,"column":4},"end":{"line":96,"column":17}},"43":{"start":{"line":105,"column":0},"end":{"line":110,"column":1}},"44":{"start":{"line":106,"column":4},"end":{"line":109,"column":18}},"45":{"start":{"line":107,"column":8},"end":{"line":107,"column":57}},"46":{"start":{"line":109,"column":8},"end":{"line":109,"column":18}},"47":{"start":{"line":118,"column":0},"end":{"line":120,"column":1}},"48":{"start":{"line":119,"column":4},"end":{"line":119,"column":69}},"49":{"start":{"line":127,"column":0},"end":{"line":132,"column":1}},"50":{"start":{"line":128,"column":4},"end":{"line":131,"column":47}},"51":{"start":{"line":129,"column":8},"end":{"line":129,"column":62}},"52":{"start":{"line":131,"column":8},"end":{"line":131,"column":47}},"53":{"start":{"line":140,"column":0},"end":{"line":142,"column":1}},"54":{"start":{"line":141,"column":4},"end":{"line":141,"column":48}},"55":{"start":{"line":151,"column":0},"end":{"line":154,"column":1}},"56":{"start":{"line":152,"column":4},"end":{"line":152,"column":48}},"57":{"start":{"line":153,"column":4},"end":{"line":153,"column":17}},"58":{"start":{"line":162,"column":0},"end":{"line":164,"column":1}},"59":{"start":{"line":163,"column":4},"end":{"line":163,"column":51}},"60":{"start":{"line":170,"column":0},"end":{"line":179,"column":1}},"61":{"start":{"line":171,"column":4},"end":{"line":178,"column":10}},"62":{"start":{"line":185,"column":0},"end":{"line":199,"column":1}},"63":{"start":{"line":186,"column":4},"end":{"line":186,"column":61}},"64":{"start":{"line":187,"column":4},"end":{"line":187,"column":49}},"65":{"start":{"line":188,"column":4},"end":{"line":198,"column":21}},"66":{"start":{"line":189,"column":8},"end":{"line":194,"column":15}},"67":{"start":{"line":192,"column":20},"end":{"line":192,"column":77}},"68":{"start":{"line":195,"column":8},"end":{"line":195,"column":39}},"69":{"start":{"line":198,"column":8},"end":{"line":198,"column":21}},"70":{"start":{"line":201,"column":0},"end":{"line":210,"column":1}},"71":{"start":{"line":202,"column":4},"end":{"line":202,"column":20}},"72":{"start":{"line":203,"column":4},"end":{"line":203,"column":55}},"73":{"start":{"line":204,"column":4},"end":{"line":209,"column":88}},"74":{"start":{"line":212,"column":0},"end":{"line":221,"column":1}},"75":{"start":{"line":213,"column":4},"end":{"line":213,"column":20}},"76":{"start":{"line":214,"column":4},"end":{"line":214,"column":53}},"77":{"start":{"line":215,"column":4},"end":{"line":220,"column":87}},"78":{"start":{"line":223,"column":0},"end":{"line":238,"column":1}},"79":{"start":{"line":224,"column":4},"end":{"line":237,"column":6}},"80":{"start":{"line":240,"column":0},"end":{"line":249,"column":1}},"81":{"start":{"line":241,"column":4},"end":{"line":248,"column":6}},"82":{"start":{"line":251,"column":0},"end":{"line":260,"column":1}},"83":{"start":{"line":252,"column":4},"end":{"line":259,"column":6}},"84":{"start":{"line":262,"column":0},"end":{"line":271,"column":1}},"85":{"start":{"line":263,"column":4},"end":{"line":270,"column":6}},"86":{"start":{"line":273,"column":0},"end":{"line":281,"column":1}},"87":{"start":{"line":274,"column":4},"end":{"line":280,"column":6}},"88":{"start":{"line":283,"column":0},"end":{"line":291,"column":1}},"89":{"start":{"line":284,"column":4},"end":{"line":290,"column":6}},"90":{"start":{"line":294,"column":0},"end":{"line":303,"column":1}},"91":{"start":{"line":295,"column":4},"end":{"line":295,"column":18}},"92":{"start":{"line":296,"column":4},"end":{"line":297,"column":18}},"93":{"start":{"line":297,"column":8},"end":{"line":297,"column":18}},"94":{"start":{"line":298,"column":4},"end":{"line":301,"column":6}},"95":{"start":{"line":302,"column":4},"end":{"line":302,"column":17}},"96":{"start":{"line":305,"column":0},"end":{"line":309,"column":1}},"97":{"start":{"line":306,"column":4},"end":{"line":308,"column":6}},"98":{"start":{"line":307,"column":8},"end":{"line":307,"column":71}},"99":{"start":{"line":311,"column":0},"end":{"line":314,"column":1}},"100":{"start":{"line":312,"column":4},"end":{"line":312,"column":39}},"101":{"start":{"line":313,"column":4},"end":{"line":313,"column":40}},"102":{"start":{"line":316,"column":0},"end":{"line":323,"column":1}},"103":{"start":{"line":317,"column":4},"end":{"line":322,"column":6}},"104":{"start":{"line":318,"column":8},"end":{"line":320,"column":11}},"105":{"start":{"line":319,"column":12},"end":{"line":319,"column":65}},"106":{"start":{"line":321,"column":8},"end":{"line":321,"column":35}},"107":{"start":{"line":325,"column":0},"end":{"line":335,"column":1}},"108":{"start":{"line":326,"column":4},"end":{"line":326,"column":52}},"109":{"start":{"line":327,"column":4},"end":{"line":327,"column":23}},"110":{"start":{"line":328,"column":4},"end":{"line":330,"column":5}},"111":{"start":{"line":329,"column":8},"end":{"line":329,"column":61}},"112":{"start":{"line":331,"column":4},"end":{"line":334,"column":22}},"113":{"start":{"line":332,"column":8},"end":{"line":332,"column":39}},"114":{"start":{"line":334,"column":8},"end":{"line":334,"column":22}},"115":{"start":{"line":337,"column":0},"end":{"line":349,"column":1}},"116":{"start":{"line":338,"column":4},"end":{"line":348,"column":7}},"117":{"start":{"line":339,"column":8},"end":{"line":346,"column":10}},"118":{"start":{"line":343,"column":20},"end":{"line":343,"column":73}},"119":{"start":{"line":351,"column":0},"end":{"line":359,"column":1}},"120":{"start":{"line":352,"column":4},"end":{"line":352,"column":47}},"121":{"start":{"line":353,"column":4},"end":{"line":358,"column":10}},"122":{"start":{"line":355,"column":16},"end":{"line":356,"column":67}},"123":{"start":{"line":356,"column":20},"end":{"line":356,"column":67}},"124":{"start":{"line":361,"column":0},"end":{"line":371,"column":1}},"125":{"start":{"line":362,"column":4},"end":{"line":370,"column":10}},"126":{"start":{"line":364,"column":16},"end":{"line":368,"column":25}},"127":{"start":{"line":366,"column":24},"end":{"line":366,"column":86}},"128":{"start":{"line":373,"column":0},"end":{"line":381,"column":1}},"129":{"start":{"line":374,"column":4},"end":{"line":380,"column":10}},"130":{"start":{"line":376,"column":16},"end":{"line":378,"column":56}},"131":{"start":{"line":383,"column":0},"end":{"line":388,"column":1}},"132":{"start":{"line":384,"column":4},"end":{"line":386,"column":5}},"133":{"start":{"line":385,"column":8},"end":{"line":385,"column":60}},"134":{"start":{"line":387,"column":4},"end":{"line":387,"column":14}},"135":{"start":{"line":390,"column":0},"end":{"line":398,"column":1}},"136":{"start":{"line":391,"column":4},"end":{"line":397,"column":7}},"137":{"start":{"line":392,"column":8},"end":{"line":396,"column":11}},"138":{"start":{"line":394,"column":12},"end":{"line":394,"column":42}},"139":{"start":{"line":400,"column":0},"end":{"line":406,"column":1}},"140":{"start":{"line":401,"column":4},"end":{"line":405,"column":7}},"141":{"start":{"line":402,"column":8},"end":{"line":404,"column":11}},"142":{"start":{"line":403,"column":12},"end":{"line":403,"column":44}},"143":{"start":{"line":409,"column":0},"end":{"line":415,"column":1}},"144":{"start":{"line":410,"column":4},"end":{"line":414,"column":7}},"145":{"start":{"line":411,"column":8},"end":{"line":413,"column":11}},"146":{"start":{"line":412,"column":12},"end":{"line":412,"column":48}}},"branchMap":{"1":{"line":43,"type":"cond-expr","locations":[{"start":{"line":43,"column":35},"end":{"line":43,"column":47}},{"start":{"line":43,"column":50},"end":{"line":43,"column":86}}]},"2":{"line":44,"type":"cond-expr","locations":[{"start":{"line":44,"column":34},"end":{"line":44,"column":46}},{"start":{"line":44,"column":49},"end":{"line":44,"column":85}}]},"3":{"line":52,"type":"if","locations":[{"start":{"line":52,"column":4},"end":{"line":52,"column":4}},{"start":{"line":52,"column":4},"end":{"line":52,"column":4}}]},"4":{"line":62,"type":"if","locations":[{"start":{"line":62,"column":4},"end":{"line":62,"column":4}},{"start":{"line":62,"column":4},"end":{"line":62,"column":4}}]},"5":{"line":63,"type":"if","locations":[{"start":{"line":63,"column":8},"end":{"line":63,"column":8}},{"start":{"line":63,"column":8},"end":{"line":63,"column":8}}]},"6":{"line":106,"type":"if","locations":[{"start":{"line":106,"column":4},"end":{"line":106,"column":4}},{"start":{"line":106,"column":4},"end":{"line":106,"column":4}}]},"7":{"line":128,"type":"if","locations":[{"start":{"line":128,"column":4},"end":{"line":128,"column":4}},{"start":{"line":128,"column":4},"end":{"line":128,"column":4}}]},"8":{"line":186,"type":"cond-expr","locations":[{"start":{"line":186,"column":44},"end":{"line":186,"column":56}},{"start":{"line":186,"column":59},"end":{"line":186,"column":60}}]},"9":{"line":187,"type":"cond-expr","locations":[{"start":{"line":187,"column":31},"end":{"line":187,"column":43}},{"start":{"line":187,"column":46},"end":{"line":187,"column":48}}]},"10":{"line":188,"type":"if","locations":[{"start":{"line":188,"column":4},"end":{"line":188,"column":4}},{"start":{"line":188,"column":4},"end":{"line":188,"column":4}}]},"11":{"line":296,"type":"if","locations":[{"start":{"line":296,"column":4},"end":{"line":296,"column":4}},{"start":{"line":296,"column":4},"end":{"line":296,"column":4}}]},"12":{"line":328,"type":"if","locations":[{"start":{"line":328,"column":4},"end":{"line":328,"column":4}},{"start":{"line":328,"column":4},"end":{"line":328,"column":4}}]},"13":{"line":331,"type":"if","locations":[{"start":{"line":331,"column":4},"end":{"line":331,"column":4}},{"start":{"line":331,"column":4},"end":{"line":331,"column":4}}]},"14":{"line":355,"type":"if","locations":[{"start":{"line":355,"column":16},"end":{"line":355,"column":16}},{"start":{"line":355,"column":16},"end":{"line":355,"column":16}}]},"15":{"line":376,"type":"binary-expr","locations":[{"start":{"line":376,"column":23},"end":{"line":376,"column":58}},{"start":{"line":377,"column":24},"end":{"line":377,"column":63}},{"start":{"line":378,"column":24},"end":{"line":378,"column":55}}]},"16":{"line":384,"type":"if","locations":[{"start":{"line":384,"column":4},"end":{"line":384,"column":4}},{"start":{"line":384,"column":4},"end":{"line":384,"column":4}}]}}},"/Users/andrew.bruss/Documents/projects/murtaziq/api/models/User.js":{"path":"/Users/andrew.bruss/Documents/projects/murtaziq/api/models/User.js","s":{"1":1,"2":1,"3":1,"4":0,"5":0,"6":0,"7":0,"8":0,"9":0,"10":0,"11":0,"12":0,"13":0,"14":0,"15":0},"b":{"1":[0,0],"2":[0,0],"3":[0,0]},"f":{"1":0,"2":0,"3":0},"fnMap":{"1":{"name":"(anonymous_1)","line":37,"loc":{"start":{"line":37,"column":16},"end":{"line":37,"column":27}}},"2":{"name":"(anonymous_2)","line":44,"loc":{"start":{"line":44,"column":19},"end":{"line":44,"column":41}}},"3":{"name":"(anonymous_3)","line":49,"loc":{"start":{"line":49,"column":19},"end":{"line":49,"column":41}}}},"statementMap":{"1":{"start":{"line":9,"column":0},"end":{"line":9,"column":38}},"2":{"start":{"line":10,"column":0},"end":{"line":10,"column":54}},"3":{"start":{"line":12,"column":0},"end":{"line":60,"column":2}},"4":{"start":{"line":38,"column":12},"end":{"line":38,"
[...]
s":[{"start":{"line":193,"column":12},"end":{"line":193,"column":12}},{"start":{"line":193,"column":12},"end":{"line":193,"column":12}}]},"32":{"line":196,"type":"if","locations":[{"start":{"line":196,"column":17},"end":{"line":196,"column":17}},{"start":{"line":196,"column":17},"end":{"line":196,"column":17}}]},"33":{"line":196,"type":"binary-expr","locations":[{"start":{"line":196,"column":22},"end":{"line":196,"column":58}},{"start":{"line":196,"column":62},"end":{"line":196,"column":97}},{"start":{"line":196,"column":101},"end":{"line":196,"column":145}}]},"34":{"line":201,"type":"if","locations":[{"start":{"line":201,"column":16},"end":{"line":201,"column":16}},{"start":{"line":201,"column":16},"end":{"line":201,"column":16}}]},"35":{"line":203,"type":"if","locations":[{"start":{"line":203,"column":20},"end":{"line":203,"column":20}},{"start":{"line":203,"column":20},"end":{"line":203,"column":20}}]},"36":{"line":206,"type":"if","locations":[{"start":{"line":206,"column":20},"end":{"line":206,"column":20}},{"start":{"line":206,"column":20},"end":{"line":206,"column":20}}]},"37":{"line":210,"type":"if","locations":[{"start":{"line":210,"column":25},"end":{"line":210,"column":25}},{"start":{"line":210,"column":25},"end":{"line":210,"column":25}}]},"38":{"line":214,"type":"if","locations":[{"start":{"line":214,"column":24},"end":{"line":214,"column":24}},{"start":{"line":214,"column":24},"end":{"line":214,"column":24}}]},"39":{"line":222,"type":"if","locations":[{"start":{"line":222,"column":20},"end":{"line":222,"column":20}},{"start":{"line":222,"column":20},"end":{"line":222,"column":20}}]},"40":{"line":223,"type":"if","locations":[{"start":{"line":223,"column":24},"end":{"line":223,"column":24}},{"start":{"line":223,"column":24},"end":{"line":223,"column":24}}]},"41":{"line":225,"type":"if","locations":[{"start":{"line":225,"column":29},"end":{"line":225,"column":29}},{"start":{"line":225,"column":29},"end":{"line":225,"column":29}}]},"42":{"line":227,"type":"if","locations":[{"start":{"line":227,"column":29},"end":{"line":227,"column":29}},{"start":{"line":227,"column":29},"end":{"line":227,"column":29}}]},"43":{"line":232,"type":"if","locations":[{"start":{"line":232,"column":24},"end":{"line":232,"column":24}},{"start":{"line":232,"column":24},"end":{"line":232,"column":24}}]},"44":{"line":242,"type":"if","locations":[{"start":{"line":242,"column":20},"end":{"line":242,"column":20}},{"start":{"line":242,"column":20},"end":{"line":242,"column":20}}]},"45":{"line":242,"type":"binary-expr","locations":[{"start":{"line":242,"column":23},"end":{"line":242,"column":59}},{"start":{"line":242,"column":63},"end":{"line":242,"column":98}}]},"46":{"line":250,"type":"if","locations":[{"start":{"line":250,"column":28},"end":{"line":250,"column":28}},{"start":{"line":250,"column":28},"end":{"line":250,"column":28}}]},"47":{"line":276,"type":"if","locations":[{"start":{"line":276,"column":4},"end":{"line":276,"column":4}},{"start":{"line":276,"column":4},"end":{"line":276,"column":4}}]},"48":{"line":279,"type":"if","locations":[{"start":{"line":279,"column":9},"end":{"line":279,"column":9}},{"start":{"line":279,"column":9},"end":{"line":279,"column":9}}]},"49":{"line":282,"type":"if","locations":[{"start":{"line":282,"column":9},"end":{"line":282,"column":9}},{"start":{"line":282,"column":9},"end":{"line":282,"column":9}}]},"50":{"line":287,"type":"if","locations":[{"start":{"line":287,"column":12},"end":{"line":287,"column":12}},{"start":{"line":287,"column":12},"end":{"line":287,"column":12}}]},"51":{"line":289,"type":"if","locations":[{"start":{"line":289,"column":17},"end":{"line":289,"column":17}},{"start":{"line":289,"column":17},"end":{"line":289,"column":17}}]},"52":{"line":301,"type":"if","locations":[{"start":{"line":301,"column":20},"end":{"line":301,"column":20}},{"start":{"line":301,"column":20},"end":{"line":301,"column":20}}]},"53":{"line":323,"type":"if","locations":[{"start":{"line":323,"column":4},"end":{"line":323,"column":4}},{"start":{"line":323,"column":4},"end":{"line":323,"column":4}}]},"54":{"line":325,"type":"if","locations":[{"start":{"line":325,"column":9},"end":{"line":325,"column":9}},{"start":{"line":325,"column":9},"end":{"line":325,"column":9}}]},"55":{"line":330,"type":"if","locations":[{"start":{"line":330,"column":12},"end":{"line":330,"column":12}},{"start":{"line":330,"column":12},"end":{"line":330,"column":12}}]},"56":{"line":332,"type":"if","locations":[{"start":{"line":332,"column":17},"end":{"line":332,"column":17}},{"start":{"line":332,"column":17},"end":{"line":332,"column":17}}]},"57":{"line":332,"type":"binary-expr","locations":[{"start":{"line":332,"column":20},"end":{"line":332,"column":69}},{"start":{"line":333,"column":19},"end":{"line":333,"column":61}}]},"58":{"line":355,"type":"if","locations":[{"start":{"line":355,"column":4},"end":{"line":355,"column":4}},{"start":{"line":355,"column":4},"end":{"line":355,"column":4}}]},"59":{"line":357,"type":"if","locations":[{"start":{"line":357,"column":4},"end":{"line":357,"column":4}},{"start":{"line":357,"column":4},"end":{"line":357,"column":4}}]},"60":{"line":359,"type":"if","locations":[{"start":{"line":359,"column":4},"end":{"line":359,"column":4}},{"start":{"line":359,"column":4},"end":{"line":359,"column":4}}]},"61":{"line":361,"type":"if","locations":[{"start":{"line":361,"column":4},"end":{"line":361,"column":4}},{"start":{"line":361,"column":4},"end":{"line":361,"column":4}}]},"62":{"line":366,"type":"if","locations":[{"start":{"line":366,"column":12},"end":{"line":366,"column":12}},{"start":{"line":366,"column":12},"end":{"line":366,"column":12}}]},"63":{"line":369,"type":"if","locations":[{"start":{"line":369,"column":17},"end":{"line":369,"column":17}},{"start":{"line":369,"column":17},"end":{"line":369,"column":17}}]},"64":{"line":370,"type":"if","locations":[{"start":{"line":370,"column":16},"end":{"line":370,"column":16}},{"start":{"line":370,"column":16},"end":{"line":370,"column":16}}]},"65":{"line":370,"type":"binary-expr","locations":[{"start":{"line":370,"column":21},"end":{"line":370,"column":57}},{"start":{"line":370,"column":61},"end":{"line":370,"column":96}}]},"66":{"line":372,"type":"if","locations":[{"start":{"line":372,"column":16},"end":{"line":372,"column":16}},{"start":{"line":372,"column":16},"end":{"line":372,"column":16}}]},"67":{"line":380,"type":"if","locations":[{"start":{"line":380,"column":20},"end":{"line":380,"column":20}},{"start":{"line":380,"column":20},"end":{"line":380,"column":20}}]},"68":{"line":384,"type":"if","locations":[{"start":{"line":384,"column":28},"end":{"line":384,"column":28}},{"start":{"line":384,"column":28},"end":{"line":384,"column":28}}]},"69":{"line":408,"type":"if","locations":[{"start":{"line":408,"column":4},"end":{"line":408,"column":4}},{"start":{"line":408,"column":4},"end":{"line":408,"column":4}}]},"70":{"line":410,"type":"if","locations":[{"start":{"line":410,"column":4},"end":{"line":410,"column":4}},{"start":{"line":410,"column":4},"end":{"line":410,"column":4}}]},"71":{"line":415,"type":"if","locations":[{"start":{"line":415,"column":12},"end":{"line":415,"column":12}},{"start":{"line":415,"column":12},"end":{"line":415,"column":12}}]},"72":{"line":418,"type":"if","locations":[{"start":{"line":418,"column":17},"end":{"line":418,"column":17}},{"start":{"line":418,"column":17},"end":{"line":418,"column":17}}]},"73":{"line":418,"type":"binary-expr","locations":[{"start":{"line":418,"column":23},"end":{"line":418,"column":59}},{"start":{"line":418,"column":65},"end":{"line":418,"column":100}}]},"74":{"line":421,"type":"if","locations":[{"start":{"line":421,"column":17},"end":{"line":421,"column":17}},{"start":{"line":421,"column":17},"end":{"line":421,"column":17}}]},"75":{"line":426,"type":"if","locations":[{"start":{"line":426,"column":16},"end":{"line":426,"column":16}},{"start":{"line":426,"column":16},"end":{"line":426,"column":16}}]},"76":{"line":433,"type":"if","locations":[{"start":{"line":433,"column":20},"end":{"line":433,"column":20}},{"start":{"line":433,"column":20},"end":{"line":433,"column":20}}]},"77":{"line":444,"type":"if","locations":[{"start":{"line":444,"column":4},"end":{"line":444,"column":4}},{"start":{"line":444,"column":4},"end":{"line":444,"column":4}}]},"78":{"line":446,"type":"if","locations":[{"start":{"line":446,"column":9},"end":{"line":446,"column":9}},{"start":{"line":446,"column":9},"end":{"line":446,"column":9}}]},"79":{"line":450,"type":"if","locations":[{"start":{"line":450,"column":12},"end":{"line":450,"column":12}},{"start":{"line":450,"column":12},"end":{"line":450,"column":12}}]},"80":{"line":452,"type":"if","locations":[{"start":{"line":452,"column":17},"end":{"line":452,"column":17}},{"start":{"line":452,"column":17},"end":{"line":452,"column":17}}]},"81":{"line":454,"type":"if","locations":[{"start":{"line":454,"column":17},"end":{"line":454,"column":17}},{"start":{"line":454,"column":17},"end":{"line":454,"column":17}}]},"82":{"line":454,"type":"binary-expr","locations":[{"start":{"line":454,"column":22},"end":{"line":454,"column":58}},{"start":{"line":454,"column":62},"end":{"line":454,"column":97}},{"start":{"line":454,"column":101},"end":{"line":454,"column":145}}]},"83":{"line":461,"type":"if","locations":[{"start":{"line":461,"column":20},"end":{"line":461,"column":20}},{"start":{"line":461,"column":20},"end":{"line":461,"column":20}}]},"84":{"line":473,"type":"if","locations":[{"start":{"line":473,"column":8},"end":{"line":473,"column":8}},{"start":{"line":473,"column":8},"end":{"line":473,"column":8}}]},"85":{"line":476,"type":"if","locations":[{"start":{"line":476,"column":12},"end":{"line":476,"column":12}},{"start":{"line":476,"column":12},"end":{"line":476,"column":12}}]},"86":{"line":476,"type":"binary-expr","locations":[{"start":{"line":476,"column":15},"end":{"line":476,"column":36}},{"start":{"line":476,"column":40},"end":{"line":476,"column":60}}]},"87":{"line":478,"type":"if","locations":[{"start":{"line":478,"column":17},"end":{"line":478,"column":17}},{"start":{"line":478,"column":17},"end":{"line":478,"column":17}}]}}},"/Users/andrew.bruss/Documents/projects/murtaziq/api/controllers/PlayController.js":{"path":"/Users/andrew.bruss/Documents/projects/murtaziq/api/controllers/PlayController.js","s":{"1":1,"2":0},"b":{},"f":{"1":0},"fnMap":{"1":{"name":"(anonymous_1)","line":19,"loc":{"start":{"line":19,"column":9},"end":{"line":19,"column":28}}}},"statementMap":{"1":{"start":{"line":8,"column":0},"end":{"line":30,"column":2}},"2":{"start":{"line":23,"column":4},"end":{"line":26,"column":7}}},"branchMap":{}},"/Users/andrew.bruss/Documents/projects/murtaziq/api/controllers/Static_pagesController.js":{"path":"/Users/andrew.bruss/Documents/projects/murtaziq/api/controllers/Static_pagesController.js","s":{"1":1,"2":0},"b":{},"f":{"1":0},"fnMap":{"1":{"name":"(anonymous_1)","line":19,"loc":{"start":{"line":19,"column":9},"end":{"line":19,"column":28}}}},"statementMap":{"1":{"start":{"line":8,"column":0},"end":{"line":27,"column":2}},"2":{"start":{"line":23,"column":4},"end":{"line":23,"column":66}}},"branchMap":{}},"/Users/andrew.bruss/Documents/projects/murtaziq/api/controllers/UserController.js":{"path":"/Users/andrew.bruss/Documents/projects/murtaziq/api/controllers/UserController.js","s":{"1":1,"2":1,"3":1,"4":0,"5":0,"6":0,"7":0,"8":0,"9":0,"10":0,"11":0,"12":0,"13":0,"14":0,"15":0,"16":0,"17":0,"18":0,"19":0,"20":0,"21":0,"22":0,"23":0,"24":0,"25":0,"26":0,"27":0,"28":0,"29":0,"30":0,"31":0,"32":0,"33":0,"34":0,"35":0,"36":0},"b":{"1":[0,0],"2":[0,0],"3":[0,0],"4":[0,0],"5":[0,0],"6":[0,0],"7":[0,0],"8":[0,0],"9":[0,0]},"f":{"1":0,"2":0,"3":0,"4":0,"5":0,"6":0,"7":0,"8":0,"9":0,"10":0,"11":0,"12":0,"13":0},"fnMap":{"1":{"name":"(anonymous_1)","line":13,"loc":{"start":{"line":13,"column":12},"end":{"line":13,"column":30}}},"2":{"name":"(anonymous_2)","line":14,"loc":{"start":{"line":14,"column":32},"end":{"line":14,"column":51}}},"3":{"name":"(anonymous_3)","line":23,"loc":{"start":{"line":23,"column":12},"end":{"line":23,"column":30}}},"4":{"name":"(anonymous_4)","line":29,"loc":{"start":{"line":29,"column":16},"end":{"line":29,"column":29}}},"5":{"name":"(anonymous_5)","line":34,"loc":{"start":{"line":34,"column":28},"end":{"line":34,"column":38}}},"6":{"name":"(anonymous_6)","line":35,"loc":{"start":{"line":35,"column":56},"end":{"line":35,"column":75}}},"7":{"name":"(anonymous_7)","line":46,"loc":{"start":{"line":46,"column":13},"end":{"line":46,"column":31}}},"8":{"name":"(anonymous_8)","line":52,"loc":{"start":{"line":52,"column":16},"end":{"line":52,"column":37}}},"9":{"name":"(anonymous_9)","line":57,"loc":{"start":{"line":57,"column":62},"end":{"line":57,"column":72}}},"10":{"name":"(anonymous_10)","line":58,"loc":{"start":{"line":58,"column":52},"end":{"line":58,"column":72}}},"11":{"name":"(anonymous_11)","line":70,"loc":{"start":{"line":70,"column":13},"end":{"line":70,"column":31}}},"12":{"name":"(anonymous_12)","line":75,"loc":{"start":{"line":75,"column":13},"end":{"line":75,"column":31}}},"13":{"name":"(anonymous_13)","line":78,"loc":{"start":{"line":78,"column":64},"end":{"line":78,"column":83}}}},"statementMap":{"1":{"start":{"line":8,"column":0},"end":{"line":8,"column":54}},"2":{"start":{"line":9,"column":0},"end":{"line":9,"column":45}},"3":{"start":{"line":11,"column":0},"end":{"line":87,"column":2}},"4":{"start":{"line":14,"column":8},"end":{"line":20,"column":11}},"5":{"start":{"line":15,"column":12},"end":{"line":19,"column":13}},"6":{"start":{"line":16,"column":16},"end":{"line":16,"column":35}},"7":{"start":{"line":18,"column":16},"end":{"line":18,"column":31}},"8":{"start":{"line":24,"column":8},"end":{"line":24,"column":45}},"9":{"start":{"line":25,"column":8},"end":{"line":25,"column":45}},"10":{"start":{"line":27,"column":8},"end":{"line":42,"column":63}},"11":{"start":{"line":28,"column":12},"end":{"line":40,"column":19}},"12":{"start":{"line":30,"column":20},"end":{"line":39,"column":21}},"13":{"start":{"line":31,"column":24},"end":{"line":32,"column":20}},"14":{"start":{"line":33,"column":24},"end":{"line":38,"column":31}},"15":{"start":{"line":35,"column":32},"end":{"line":37,"column":35}},"16":{"start":{"line":36,"column":36},"end":{"line":36,"column":51}},"17":{"start":{"line":42,"column":12},"end":{"line":42,"column":63}},"18":{"start":{"line":47,"column":8},"end":{"line":47,"column":45}},"19":{"start":{"line":48,"column":8},"end":{"line":48,"column":45}},"20":{"start":{"line":50,"column":8},"end":{"line":67,"column":66}},"21":{"start":{"line":51,"column":12},"end":{"line":64,"column":14}},"22":{"start":{"line":54,"column":20},"end":{"line":62,"column":21}},"23":{"start":{"line":55,"column":24},"end":{"line":55,"column":45}},"24":{"start":{"line":57,"column":21},"end":{"line":61,"column":24}},"25":{"start":{"line":58,"column":28},"end":{"line":60,"column":31}},"26":{"start":{"line":59,"column":32},"end":{"line":59,"column":52}},"27":{"start":{"line":67,"column":12},"end":{"line":67,"column":66}},"28":{"start":{"line":71,"column":8},"end":{"line":71,"column":35}},"29":{"start":{"line":72,"column":8},"end":{"line":72,"column":28}},"30":{"start":{"line":76,"column":8},"end":{"line":76,"column":37}},"31":{"start":{"line":77,"column":8},"end":{"line":85,"column":44}},"32":{"start":{"line":78,"column":12},"end":{"line":83,"column":15}},"33":{"start":{"line":79,"column":16},"end":{"line":82,"column":34}},"34":{"start":{"line":80,"column":20},"end":{"line":80,"column":39}},"35":{"start":{"line":82,"column":20},"end":{"line":82,"column":34}},"36":{"start":{"line":85,"column":12},"end":{"line":85,"column":44}}},"branchMap":{"1":{"line":15,"type":"if","locations":[{"start":{"line":15,"column":12},"end":{"line":15,"column":12}},{"start":{"line":15,"column":12},"end":{"line":15,"column":12}}]},"2":{"line":27,"type":"if","locations":[{"start":{"line":27,"column":8},"end":{"line":27,"column":8}},{"start":{"line":27,"column":8},"end":{"line":27,"column":8}}]},"3":{"line":27,"type":"binary-expr","locations":[{"start":{"line":27,"column":11},"end":{"line":27,"column":19}},{"start":{"line":27,"column":23},"end":{"line":27,"column":31}}]},"4":{"line":30,"type":"if","locations":[{"start":{"line":30,"column":20},"end":{"line":30,"column":20}},{"start":{"line":30,"column":20},"end":{"line":30,"column":20}}]},"5":{"line":50,"type":"if","locations":[{"start":{"line":50,"column":8},"end":{"line":50,"column":8}},{"start":{"line":50,"column":8},"end":{"line":50,"column":8}}]},"6":{"line":50,"type":"binary-expr","locations":[{"start":{"line":50,"column":11},"end":{"line":50,"column":19}},{"start":{"line":50,"column":23},"end":{"line":50,"column":31}}]},"7":{"line":54,"type":"if","locations":[{"start":{"line":54,"column":20},"end":{"line":54,"column":20}},{"start":{"line":54,"column":20},"end":{"line":54,"column":20}}]},"8":{"line":77,"type":"if","locations":[{"start":{"line":77,"column":8},"end":{"line":77,"column":8}},{"start":{"line":77,"column":8},"end":{"line":77,"column":8}}]},"9":{"line":79,"type":"if","locations":[{"start":{"line":79,"column":16},"end":{"line":79,"column":16}},{"start":{"line":79,"column":16},"end":{"line":79,"column":16}}]}}},"/Users/andrew.bruss/Documents/projects/murtaziq/api/policies/authenticated.js":{"path":"/Users/andrew.bruss/Documents/projects/murtaziq/api/policies/authenticated.js","s":{"1":1,"2":1,"3":0,"4":0,"5":0},"b":{"1":[0,0]},"f":{"1":0},"fnMap":{"1":{"name":"(anonymous_1)","line":5,"loc":{"start":{"line":5,"column":17},"end":{"line":5,"column":41}}}},"statementMap":{"1":{"start":{"line":4,"column":0},"end":{"line":4,"column":54}},"2":{"start":{"line":5,"column":0},"end":{"line":16,"column":2}},"3":{"start":{"line":8,"column":2},"end":{"line":15,"column":3}},"4":{"start":{"line":9,"column":4},"end":{"line":9,"column":16}},"5":{"start":{"line":14,"column":4},"end":{"line":14,"column":34}}},"branchMap":{"1":{"line":8,"type":"if","locations":[{"start":{"line":8,"column":2},"end":{"line":8,"column":2}},{"start":{"line":8,"column":2},"end":{"line":8,"column":2}}]}}},"/Users/andrew.bruss/Documents/projects/murtaziq/api/policies/devrole.js":{"path":"/Users/andrew.bruss/Documents/projects/murtaziq/api/policies/devrole.js","s":{"1":1,"2":1,"3":0,"4":0,"5":0,"6":0},"b":{"1":[0,0]},"f":{"1":0,"2":0},"fnMap":{"1":{"name":"(anonymous_1)","line":5,"loc":{"start":{"line":5,"column":17},"end":{"line":5,"column":41}}},"2":{"name":"(anonymous_2)","line":7,"loc":{"start":{"line":7,"column":28},"end":{"line":7,"column":47}}}},"statementMap":{"1":{"start":{"line":4,"column":0},"end":{"line":4,"column":54}},"2":{"start":{"line":5,"column":0},"end":{"line":18,"column":2}},"3":{"start":{"line":7,"column":4},"end":{"line":17,"column":7}},"4":{"start":{"line":9,"column":8},"end":{"line":16,"column":9}},"5":{"start":{"line":10,"column":12},"end":{"line":10,"column":24}},"6":{"start":{"line":15,"column":12},"end":{"line":15,"column":51}}},"branchMap":{"1":{"line":9,"type":"if","locations":[{"start":{"line":9,"column":8},"end":{"line":9,"column":8}},{"start":{"line":9,"column":8},"end":{"line":9,"column":8}}]}}},"/Users/andrew.bruss/Documents/projects/murtaziq/api/policies/notauthenticated.js":{"path":"/Users/andrew.bruss/Documents/projects/murtaziq/api/policies/notauthenticated.js","s":{"1":1,"2":1,"3":0,"4":0,"5":0},"b":{"1":[0,0]},"f":{"1":0},"fnMap":{"1":{"name":"(anonymous_1)","line":5,"loc":{"start":{"line":5,"column":17},"end":{"line":5,"column":41}}}},"statementMap":{"1":{"start":{"line":4,"column":0},"end":{"line":4,"column":54}},"2":{"start":{"line":5,"column":0},"end":{"line":16,"column":2}},"3":{"start":{"line":8,"column":2},"end":{"line":15,"column":3}},"4":{"start":{"line":9,"column":4},"end":{"line":9,"column":16}},"5":{"start":{"line":14,"column":4},"end":{"line":14,"column":29}}},"branchMap":{"1":{"line":8,"type":"if","locations":[{"start":{"line":8,"column":2},"end":{"line":8,"column":2}},{"start":{"line":8,"column":2},"end":{"line":8,"column":2}}]}}}}