{"/Users/andrew.bruss/Documents/projects/murtaziq/engine/match.js":{"path":"/Users/andrew.bruss/Documents/projects/murtaziq/engine/match.js","s":{"1":1,"2":1,"3":1,"4":1,"5":1,"6":1,"7":1,"8":1,"9":2,"10":1,"11":1,"12":1,"13":1,"14":1,"15":0,"16":1,"17":0,"18":1,"19":0,"20":1,"21":0,"22":1,"23":5,"24":1,"25":1,"26":1,"27":1,"28":0,"29":1,"30":2,"31":1,"32":0,"33":0,"34":0,"35":1,"36":0,"37":1,"38":0,"39":0,"40":0,"41":0,"42":0,"43":0,"44":0,"45":0,"46":0,"47":0,"48":0,"49":0,"50":0,"51":0,"52":0,"53":0,"54":0,"55":0,"56":0,"57":1,"58":0,"59":0,"60":0,"61":0,"62":1,"63":0,"64":0,"65":0,"66":1,"67":1,"68":1,"69":0,"70":0,"71":0,"72":1,"73":1,"74":1,"75":2,"76":1,"77":1,"78":0,"79":1,"80":1,"81":0,"82":0,"83":0,"84":1,"85":0,"86":0,"87":0,"88":0,"89":0,"90":0,"91":0,"92":0,"93":1,"94":0,"95":1,"96":0,"97":0,"98":0,"99":0,"100":0,"101":1,"102":0},"b":{"1":[0,1],"2":[0,1],"3":[0,0],"4":[0,0],"5":[0,0],"6":[0,0],"7":[0,0],"8":[0,0],"9":[0,0]},"f":{"1":2,"2":1,"3":1,"4":0,"5":0,"6":0,"7":0,"8":5,"9":1,"10":2,"11":0,"12":0,"13":0,"14":0,"15":0,"16":0,"17":1,"18":0,"19":0,"20":1,"21":2,"22":1,"23":0,"24":0,"25":0,"26":0,"27":0,"28":0,"29":0,"30":0,"31":0},"fnMap":{"1":{"name":"create","line":39,"loc":{"start":{"line":39,"column":0},"end":{"line":39,"column":40}}},"2":{"name":"getTurn","line":52,"loc":{"start":{"line":52,"column":0},"end":{"line":52,"column":23}}},"3":{"name":"getHistory","line":61,"loc":{"start":{"line":61,"column":0},"end":{"line":61,"column":26}}},"4":{"name":"addMove","line":70,"loc":{"start":{"line":70,"column":0},"end":{"line":70,"column":29}}},"5":{"name":"removeMove","line":79,"loc":{"start":{"line":79,"column":0},"end":{"line":79,"column":26}}},"6":{"name":"setSide","line":83,"loc":{"start":{"line":83,"column":0},"end":{"line":83,"column":42}}},"7":{"name":"setTurn","line":92,"loc":{"start":{"line":92,"column":0},"end":{"line":92,"column":29}}},"8":{"name":"getBoard","line":101,"loc":{"start":{"line":101,"column":0},"end":{"line":101,"column":24}}},"9":{"name":"getMoves","line":112,"loc":{"start":{"line":112,"column":0},"end":{"line":112,"column":50}}},"10":{"name":"(anonymous_10)","line":122,"loc":{"start":{"line":122,"column":28},"end":{"line":122,"column":43}}},"11":{"name":"printBoard","line":132,"loc":{"start":{"line":132,"column":0},"end":{"line":132,"column":26}}},"12":{"name":"getPiece","line":144,"loc":{"start":{"line":144,"column":0},"end":{"line":144,"column":29}}},"13":{"name":"move","line":155,"loc":{"start":{"line":155,"column":0},"end":{"line":155,"column":38}}},"14":{"name":"(anonymous_14)","line":168,"loc":{"start":{"line":168,"column":24},"end":{"line":168,"column":38}}},"15":{"name":"getTeam","line":193,"loc":{"start":{"line":193,"column":0},"end":{"line":193,"column":31}}},"16":{"name":"switchTurn","line":204,"loc":{"start":{"line":204,"column":0},"end":{"line":204,"column":26}}},"17":{"name":"getConfigs","line":216,"loc":{"start":{"line":216,"column":0},"end":{"line":216,"column":21}}},"18":{"name":"canMoveFilter","line":225,"loc":{"start":{"line":225,"column":0},"end":{"line":225,"column":29}}},"19":{"name":"(anonymous_19)","line":227,"loc":{"start":{"line":227,"column":11},"end":{"line":227,"column":26}}},"20":{"name":"legalMovesFilter","line":237,"loc":{"start":{"line":237,"column":0},"end":{"line":237,"column":32}}},"21":{"name":"(anonymous_21)","line":239,"loc":{"start":{"line":239,"column":11},"end":{"line":239,"column":25}}},"22":{"name":"toJSONObj","line":250,"loc":{"start":{"line":250,"column":0},"end":{"line":250,"column":25}}},"23":{"name":"(anonymous_23)","line":255,"loc":{"start":{"line":255,"column":43},"end":{"line":255,"column":58}}},"24":{"name":"toClientJSONObj","line":269,"loc":{"start":{"line":269,"column":0},"end":{"line":269,"column":31}}},"25":{"name":"(anonymous_25)","line":273,"loc":{"start":{"line":273,"column":43},"end":{"line":273,"column":58}}},"26":{"name":"loadJSONObj","line":286,"loc":{"start":{"line":286,"column":0},"end":{"line":286,"column":29}}},"27":{"name":"(anonymous_27)","line":292,"loc":{"start":{"line":292,"column":41},"end":{"line":292,"column":53}}},"28":{"name":"makeResponse","line":312,"loc":{"start":{"line":312,"column":0},"end":{"line":312,"column":38}}},"29":{"name":"getAllPieces","line":319,"loc":{"start":{"line":319,"column":0},"end":{"line":319,"column":23}}},"30":{"name":"(anonymous_30)","line":321,"loc":{"start":{"line":321,"column":26},"end":{"line":321,"column":42}}},"31":{"name":"getMaxTeamValue","line":328,"loc":{"start":{"line":328,"column":0},"end":{"line":328,"column":28}}}},"statementMap":{"1":{"start":{"line":8,"column":0},"end":{"line":8,"column":36}},"2":{"start":{"line":9,"column":0},"end":{"line":9,"column":44}},"3":{"start":{"line":10,"column":0},"end":{"line":10,"column":34}},"4":{"start":{"line":11,"column":0},"end":{"line":11,"column":36}},"5":{"start":{"line":12,"column":0},"end":{"line":12,"column":30}},"6":{"start":{"line":13,"column":0},"end":{"line":13,"column":36}},"7":{"start":{"line":15,"column":0},"end":{"line":31,"column":2}},"8":{"start":{"line":39,"column":0},"end":{"line":45,"column":1}},"9":{"start":{"line":40,"column":3},"end":{"line":44,"column":6}},"10":{"start":{"line":52,"column":0},"end":{"line":54,"column":1}},"11":{"start":{"line":53,"column":4},"end":{"line":53,"column":22}},"12":{"start":{"line":61,"column":0},"end":{"line":63,"column":1}},"13":{"start":{"line":62,"column":4},"end":{"line":62,"column":25}},"14":{"start":{"line":70,"column":0},"end":{"line":72,"column":1}},"15":{"start":{"line":71,"column":4},"end":{"line":71,"column":33}},"16":{"start":{"line":79,"column":0},"end":{"line":81,"column":1}},"17":{"start":{"line":80,"column":4},"end":{"line":80,"column":35}},"18":{"start":{"line":83,"column":0},"end":{"line":85,"column":1}},"19":{"start":{"line":84,"column":4},"end":{"line":84,"column":66}},"20":{"start":{"line":92,"column":0},"end":{"line":94,"column":1}},"21":{"start":{"line":93,"column":4},"end":{"line":93,"column":22}},"22":{"start":{"line":101,"column":0},"end":{"line":103,"column":1}},"23":{"start":{"line":102,"column":4},"end":{"line":102,"column":23}},"24":{"start":{"line":112,"column":0},"end":{"line":126,"column":1}},"25":{"start":{"line":113,"column":4},"end":{"line":113,"column":62}},"26":{"start":{"line":114,"column":4},"end":{"line":117,"column":10}},"27":{"start":{"line":119,"column":4},"end":{"line":124,"column":11}},"28":{"start":{"line":120,"column":8},"end":{"line":120,"column":21}},"29":{"start":{"line":122,"column":8},"end":{"line":124,"column":11}},"30":{"start":{"line":123,"column":12},"end":{"line":123,"column":42}},"31":{"start":{"line":132,"column":0},"end":{"line":136,"column":1}},"32":{"start":{"line":133,"column":4},"end":{"line":133,"column":25}},"33":{"start":{"line":134,"column":4},"end":{"line":134,"column":30}},"34":{"start":{"line":135,"column":4},"end":{"line":135,"column":45}},"35":{"start":{"line":144,"column":0},"end":{"line":146,"column":1}},"36":{"start":{"line":145,"column":4},"end":{"line":145,"column":53}},"37":{"start":{"line":155,"column":0},"end":{"line":191,"column":1}},"38":{"start":{"line":156,"column":4},"end":{"line":156,"column":32}},"39":{"start":{"line":157,"column":4},"end":{"line":157,"column":16}},"40":{"start":{"line":158,"column":4},"end":{"line":158,"column":13}},"41":{"start":{"line":159,"column":4},"end":{"line":189,"column":5}},"42":{"start":{"line":160,"column":8},"end":{"line":163,"column":10}},"43":{"start":{"line":164,"column":9},"end":{"line":189,"column":5}},"44":{"start":{"line":166,"column":8},"end":{"line":171,"column":22}},"45":{"start":{"line":169,"column":28},"end":{"line":169,"column":74}},"46":{"start":{"line":172,"column":8},"end":{"line":184,"column":9}},"47":{"start":{"line":173,"column":12},"end":{"line":173,"column":29}},"48":{"start":{"line":174,"column":12},"end":{"line":174,"column":30}},"49":{"start":{"line":175,"column":12},"end":{"line":175,"column":30}},"50":{"start":{"line":176,"column":12},"end":{"line":176,"column":27}},"51":{"start":{"line":178,"column":12},"end":{"line":178,"column":25}},"52":{"start":{"line":182,"column":12},"end":{"line":182,"column":28}},"53":{"start":{"line":183,"column":12},"end":{"line":183,"column":47}},"54":{"start":{"line":187,"column":8},"end":{"line":187,"column":24}},"55":{"start":{"line":188,"column":8},"end":{"line":188,"column":44}},"56":{"start":{"line":190,"column":4},"end":{"line":190,"column":39}},"57":{"start":{"line":193,"column":0},"end":{"line":198,"column":1}},"58":{"start":{"line":194,"column":4},"end":{"line":194,"column":38}},"59":{"start":{"line":195,"column":4},"end":{"line":196,"column":37}},"60":{"start":{"line":196,"column":8},"end":{"line":196,"column":37}},"61":{"start":{"line":197,"column":4},"end":{"line":197,"column":16}},"62":{"start":{"line":204,"column":0},"end":{"line":209,"column":1}},"63":{"start":{"line":205,"column":4},"end":{"line":208,"column":47}},"64":{"start":{"line":206,"column":8},"end":{"line":206,"column":46}},"65":{"start":{"line":208,"column":8},"end":{"line":208,"column":47}},"66":{"start":{"line":216,"column":0},"end":{"line":218,"column":1}},"67":{"start":{"line":217,"column":4},"end":{"line":217,"column":31}},"68":{"start":{"line":225,"column":0},"end":{"line":230,"column":1}},"69":{"start":{"line":226,"column":4},"end":{"line":226,"column":38}},"70":{"start":{"line":227,"column":4},"end":{"line":229,"column":6}},"71":{"start":{"line":228,"column":8},"end":{"line":228,"column":42}},"72":{"start":{"line":237,"column":0},"end":{"line":242,"column":1}},"73":{"start":{"line":238,"column":4},"end":{"line":238,"column":38}},"74":{"start":{"line":239,"column":4},"end":{"line":241,"column":6}},"75":{"start":{"line":240,"column":8},"end":{"line":240,"column":56}},"76":{"start":{"line":250,"column":0},"end":{"line":260,"column":1}},"77":{"start":{"line":251,"column":4},"end":{"line":258,"column":6}},"78":{"start":{"line":256,"column":12},"end":{"line":256,"column":36}},"79":{"start":{"line":259,"column":4},"end":{"line":259,"column":19}},"80":{"start":{"line":269,"column":0},"end":{"line":279,"column":1}},"81":{"start":{"line":270,"column":4},"end":{"line":278,"column":4}},"82":{"start":{"line":274,"column":12},"end":{"line":274,"column":42}},"83":{"start":{"line":278,"column":4},"end":{"line":278,"column":19}},"84":{"start":{"line":286,"column":0},"end":{"line":304,"column":1}},"85":{"start":{"line":288,"column":4},"end":{"line":288,"column":31}},"86":{"start":{"line":289,"column":4},"end":{"line":300,"column":6}},"87":{"start":{"line":293,"column":12},"end":{"line":293,"column":46}},"88":{"start":{"line":294,"column":12},"end":{"line":294,"column":31}},"89":{"start":{"line":295,"column":12},"end":{"line":297,"column":13}},"90":{"start":{"line":296,"column":16},"end":{"line":296,"column":71}},"91":{"start":{"line":298,"column":12},"end":{"line":298,"column":24}},"92":{"start":{"line":303,"column":4},"end":{"line":303,"column":17}},"93":{"start":{"line":312,"column":0},"end":{"line":317,"column":1}},"94":{"start":{"line":313,"column":4},"end":{"line":316,"column":6}},"95":{"start":{"line":319,"column":0},"end":{"line":326,"column":1}},"96":{"start":{"line":320,"column":4},"end":{"line":320,"column":43}},"97":{"start":{"line":321,"column":4},"end":{"line":325,"column":7}},"98":{"start":{"line":322,"column":8},"end":{"line":322,"column":33}},"99":{"start":{"line":323,"column":8},"end":{"line":323,"column":27}},"100":{"start":{"line":324,"column":8},"end":{"line":324,"column":19}},"101":{"start":{"line":328,"column":0},"end":{"line":330,"column":1}},"102":{"start":{"line":329,"column":4},"end":{"line":329,"column":44}}},"branchMap":{"1":{"line":113,"type":"cond-expr","locations":[{"start":{"line":113,"column":36},"end":{"line":113,"column":42}},{"start":{"line":113,"column":45},"end":{"line":113,"column":61}}]},"2":{"line":119,"type":"if","locations":[{"start":{"line":119,"column":4},"end":{"line":119,"column":4}},{"start":{"line":119,"column":4},"end":{"line":119,"column":4}}]},"3":{"line":159,"type":"if","locations":[{"start":{"line":159,"column":4},"end":{"line":159,"column":4}},{"start":{"line":159,"column":4},"end":{"line":159,"column":4}}]},"4":{"line":164,"type":"if","locations":[{"start":{"line":164,"column":9},"end":{"line":164,"column":9}},{"start":{"line":164,"column":9},"end":{"line":164,"column":9}}]},"5":{"line":172,"type":"if","locations":[{"start":{"line":172,"column":8},"end":{"line":172,"column":8}},{"start":{"line":172,"column":8},"end":{"line":172,"column":8}}]},"6":{"line":172,"type":"binary-expr","locations":[{"start":{"line":172,"column":11},"end":{"line":172,"column":26}},{"start":{"line":172,"column":30},"end":{"line":172,"column":50}}]},"7":{"line":195,"type":"if","locations":[{"start":{"line":195,"column":4},"end":{"line":195,"column":4}},{"start":{"line":195,"column":4},"end":{"line":195,"column":4}}]},"8":{"line":205,"type":"if","locations":[{"start":{"line":205,"column":4},"end":{"line":205,"column":4}},{"start":{"line":205,"column":4},"end":{"line":205,"column":4}}]},"9":{"line":295,"type":"if","locations":[{"start":{"line":295,"column":12},"end":{"line":295,"column":12}},{"start":{"line":295,"column":12},"end":{"line":295,"column":12}}]}}},"/Users/andrew.bruss/Documents/projects/murtaziq/engine/master.js":{"path":"/Users/andrew.bruss/Documents/projects/murtaziq/engine/master.js","s":{"1":1,"2":1,"3":1,"4":1,"5":1,"6":1,"7":1,"8":1,"9":1,"10":1,"11":1,"12":1,"13":1,"14":1,"15":1,"16":85,"17":1,"18":24,"19":1,"20":48,"21":1,"22":128,"23":1,"24":211,"25":1,"26":1,"27":1,"28":1,"29":1,"30":6,"31":6,"32":6,"33":6,"34":6,"35":6},"b":{"1":[6,0],"2":[1,5]},"f":{"1":85,"2":24,"3":48,"4":128,"5":211,"6":1,"7":6},"fnMap":{"1":{"name":"getConfigs","line":28,"loc":{"start":{"line":28,"column":0},"end":{"line":28,"column":23}}},"2":{"name":"getPieces","line":32,"loc":{"start":{"line":32,"column":0},"end":{"line":32,"column":22}}},"3":{"name":"getPieceConfigs","line":36,"loc":{"start":{"line":36,"column":0},"end":{"line":36,"column":27}}},"4":{"name":"getSchema","line":40,"loc":{"start":{"line":40,"column":0},"end":{"line":40,"column":30}}},"5":{"name":"getMove","line":44,"loc":{"start":{"line":44,"column":0},"end":{"line":44,"column":28}}},"6":{"name":"loadPieces","line":51,"loc":{"start":{"line":51,"column":0},"end":{"line":51,"column":21}}},"7":{"name":"(anonymous_7)","line":57,"loc":{"start":{"line":57,"column":18},"end":{"line":57,"column":39}}}},"statementMap":{"1":{"start":{"line":2,"column":0},"end":{"line":2,"column":27}},"2":{"start":{"line":3,"column":0},"end":{"line":3,"column":22}},"3":{"start":{"line":4,"column":0},"end":{"line":4,"column":39}},"4":{"start":{"line":5,"column":0},"end":{"line":5,"column":26}},"5":{"start":{"line":6,"column":0},"end":{"line":6,"column":28}},"6":{"start":{"line":7,"column":0},"end":{"line":7,"column":25}},"7":{"start":{"line":8,"column":0},"end":{"line":8,"column":11}},"8":{"start":{"line":9,"column":0},"end":{"line":9,"column":17}},"9":{"start":{"line":11,"column":0},"end":{"line":11,"column":34}},"10":{"start":{"line":12,"column":0},"end":{"line":12,"column":64}},"11":{"start":{"line":13,"column":0},"end":{"line":13,"column":23}},"12":{"start":{"line":14,"column":0},"end":{"line":14,"column":30}},"13":{"start":{"line":16,"column":0},"end":{"line":16,"column":13}},"14":{"start":{"line":18,"column":0},"end":{"line":26,"column":2}},"15":{"start":{"line":28,"column":0},"end":{"line":30,"column":1}},"16":{"start":{"line":29,"column":4},"end":{"line":29,"column":19}},"17":{"start":{"line":32,"column":0},"end":{"line":34,"column":1}},"18":{"start":{"line":33,"column":4},"end":{"line":33,"column":18}},"19":{"start":{"line":36,"column":0},"end":{"line":38,"column":1}},"20":{"start":{"line":37,"column":4},"end":{"line":37,"column":24}},"21":{"start":{"line":40,"column":0},"end":{"line":42,"column":1}},"22":{"start":{"line":41,"column":4},"end":{"line":41,"column":58}},"23":{"start":{"line":44,"column":0},"end":{"line":46,"column":1}},"24":{"start":{"line":45,"column":4},"end":{"line":45,"column":72}},"25":{"start":{"line":51,"column":0},"end":{"line":75,"column":1}},"26":{"start":{"line":52,"column":4},"end":{"line":52,"column":16}},"27":{"start":{"line":53,"column":4},"end":{"line":53,"column":22}},"28":{"start":{"line":55,"column":4},"end":{"line":55,"column":76}},"29":{"start":{"line":57,"column":4},"end":{"line":74,"column":7}},"30":{"start":{"line":58,"column":8},"end":{"line":58,"column":87}},"31":{"start":{"line":60,"column":8},"end":{"line":72,"column":9}},"32":{"start":{"line":62,"column":12},"end":{"line":62,"column":39}},"33":{"start":{"line":64,"column":12},"end":{"line":64,"column":100}},"34":{"start":{"line":67,"column":12},"end":{"line":67,"column":47}},"35":{"start":{"line":68,"column":12},"end":{"line":71,"column":14}}},"branchMap":{"1":{"line":60,"type":"if","locations":[{"start":{"line":60,"column":8},"end":{"line":60,"column":8}},{"start":{"line":60,"column":8},"end":{"line":60,"column":8}}]},"2":{"line":64,"type":"cond-expr","locations":[{"start":{"line":64,"column":73},"end":{"line":64,"column":84}},{"start":{"line":64,"column":87},"end":{"line":64,"column":97}}]}}},"/Users/andrew.bruss/Documents/projects/murtaziq/engine/utils.js":{"path":"/Users/andrew.bruss/Documents/projects/murtaziq/engine/utils.js","s":{"1":1,"2":1,"3":2298,"4":1,"5":0,"6":1,"7":0,"8":1,"9":0,"10":1,"11":0,"12":1,"13":42,"14":42,"15":1,"16":358},"b":{"1":[0,0]},"f":{"1":2298,"2":0,"3":0,"4":0,"5":0,"6":42,"7":358},"fnMap":{"1":{"name":"existy","line":11,"loc":{"start":{"line":11,"column":0},"end":{"line":11,"column":19}}},"2":{"name":"truthy","line":13,"loc":{"start":{"line":13,"column":0},"end":{"line":13,"column":19}}},"3":{"name":"fail","line":15,"loc":{"start":{"line":15,"column":0},"end":{"line":15,"column":21}}},"4":{"name":"warn","line":19,"loc":{"start":{"line":19,"column":0},"end":{"line":19,"column":21}}},"5":{"name":"note","line":23,"loc":{"start":{"line":23,"column":0},"end":{"line":23,"column":21}}},"6":{"name":"arrPush","line":27,"loc":{"start":{"line":27,"column":0},"end":{"line":27,"column":26}}},"7":{"name":"appendPath","line":32,"loc":{"start":{"line":32,"column":0},"end":{"line":32,"column":30}}}},"statementMap":{"1":{"start":{"line":1,"column":0},"end":{"line":11,"column":0}},"2":{"start":{"line":11,"column":0},"end":{"line":11,"column":39}},"3":{"start":{"line":11,"column":21},"end":{"line":11,"column":38}},"4":{"start":{"line":13,"column":0},"end":{"line":13,"column":56}},"5":{"start":{"line":13,"column":21},"end":{"line":13,"column":55}},"6":{"start":{"line":15,"column":0},"end":{"line":17,"column":1}},"7":{"start":{"line":16,"column":2},"end":{"line":16,"column":25}},"8":{"start":{"line":19,"column":0},"end":{"line":21,"column":1}},"9":{"start":{"line":20,"column":2},"end":{"line":20,"column":45}},"10":{"start":{"line":23,"column":0},"end":{"line":25,"column":1}},"11":{"start":{"line":24,"column":2},"end":{"line":24,"column":42}},"12":{"start":{"line":27,"column":0},"end":{"line":30,"column":1}},"13":{"start":{"line":28,"column":4},"end":{"line":28,"column":18}},"14":{"start":{"line":29,"column":4},"end":{"line":29,"column":15}},"15":{"start":{"line":32,"column":0},"end":{"line":34,"column":1}},"16":{"start":{"line":33,"column":2},"end":{"line":33,"column":26}}},"branchMap":{"1":{"line":13,"type":"binary-expr","locations":[{"start":{"line":13,"column":29},"end":{"line":13,"column":40}},{"start":{"line":13,"column":45},"end":{"line":13,"column":54}}]}}},"/Users/andrew.bruss/Documents/projects/murtaziq/engine/config/config.0.0.0.js":{"path":"/Users/andrew.bruss/Documents/projects/murtaziq/engine/config/config.0.0.0.js","s":{"1":1},"b":{},"f":{},"fnMap":{},"statementMap":{"1":{"start":{"line":1,"column":0},"end":{"line":19,"column":2}}},"branchMap":{}},"/Users/andrew.bruss/Documents/projects/murtaziq/engine/config/pieces/bishopconfig.js":{"path":"/Users/andrew.bruss/Documents/projects/murtaziq/engine/config/pieces/bishopconfig.js","s":{"1":1},"b":{},"f":{},"fnMap":{},"statementMap":{"1":{"start":{"line":1,"column":0},"end":{"line":6,"column":2}}},"branchMap":{}},"/Users/andrew.bruss/Documents/projects/murtaziq/engine/pieces/piece.js":{"path":"/Users/andrew.bruss/Documents/projects/murtaziq/engine/pieces/piece.js","s":{"1":1,"2":1,"3":1,"4":1,"5":1,"6":1,"7":1,"8":1,"9":1,"10":6,"11":1,"12":6,"13":64,"14":64,"15":64,"16":64,"17":64,"18":64,"19":64,"20":64,"21":64,"22":64,"23":64,"24":64,"25":64,"26":64,"27":64,"28":64,"29":64,"30":64,"31":64,"32":64,"33":64,"34":64,"35":64,"36":64,"37":64,"38":64,"39":64,"40":64,"41":64,"42":64,"43":64,"44":1,"45":32,"46":1,"47":32,"48":1,"49":636,"50":1,"51":32,"52":1,"53":66,"54":1,"55":64,"56":64,"57":64,"58":64,"59":64,"60":32,"61":64,"62":1,"63":0,"64":1,"65":45,"66":1,"67":94,"68":1,"69":2,"70":1,"71":2,"72":1,"73":4,"74":1,"75":33,"76":1,"77":197,"78":33,"79":164,"80":1,"81":33,"82":33,"83":164,"84":42,"85":164,"86":1,"87":206,"88":206,"89":206,"90":206,"91":206,"92":164,"93":42,"94":1,"95":111,"96":111,"97":111,"98":111,"99":0,"100":111,"101":71,"102":40,"103":1,"104":32,"105":1,"106":0,"107":0,"108":0,"109":0,"110":1,"111":0},"b":{"1":[64,0],"2":[32,32],"3":[33,164],"4":[42,164],"5":[42,164],"6":[164,42],"7":[206,164,111],"8":[0,111],"9":[111,111,1,111,111,111],"10":[71,40],"11":[40,0]},"f":{"1":6,"2":6,"3":64,"4":32,"5":32,"6":636,"7":32,"8":66,"9":64,"10":64,"11":0,"12":45,"13":94,"14":2,"15":2,"16":4,"17":33,"18":197,"19":33,"20":164,"21":42,"22":206,"23":111,"24":32,"25":0,"26":0},"fnMap":{"1":{"name":"(anonymous_1)","line":21,"loc":{"start":{"line":21,"column":11},"end":{"line":21,"column":33}}},"2":{"name":"constructorGenerator","line":32,"loc":{"start":{"line":32,"column":0},"end":{"line":32,"column":43}}},"3":{"name":"(anonymous_3)","line":34,"loc":{"start":{"line":34,"column":11},"end":{"line":34,"column":34}}},"4":{"name":"getName","line":77,"loc":{"start":{"line":77,"column":0},"end":{"line":77,"column":18}}},"5":{"name":"getAbbr","line":81,"loc":{"start":{"line":81,"column":0},"end":{"line":81,"column":18}}},"6":{"name":"getTeam","line":85,"loc":{"start":{"line":85,"column":0},"end":{"line":85,"column":19}}},"7":{"name":"getValue","line":89,"loc":{"start":{"line":89,"column":0},"end":{"line":89,"column":20}}},"8":{"name":"getSchemas","line":93,"loc":{"start":{"line":93,"column":0},"end":{"line":93,"column":21}}},"9":{"name":"setSchemas","line":97,"loc":{"start":{"line":97,"column":0},"end":{"line":97,"column":24}}},"10":{"name":"(anonymous_10)","line":101,"loc":{"start":{"line":101,"column":33},"end":{"line":101,"column":54}}},"11":{"name":"getSchemaFiles","line":111,"loc":{"start":{"line":111,"column":0},"end":{"line":111,"column":27}}},"12":{"name":"getMoveCount","line":115,"loc":{"start":{"line":115,"column":0},"end":{"line":115,"column":23}}},"13":{"name":"isRoyal","line":119,"loc":{"start":{"line":119,"column":0},"end":{"line":119,"column":18}}},"14":{"name":"incrMoveCount","line":123,"loc":{"start":{"line":123,"column":0},"end":{"line":123,"column":24}}},"15":{"name":"decrMoveCount","line":127,"loc":{"start":{"line":127,"column":0},"end":{"line":127,"column":24}}},"16":{"name":"setMoveCount","line":131,"loc":{"start":{"line":131,"column":0},"end":{"line":131,"column":26}}},"17":{"name":"getMoves","line":135,"loc":{"start":{"line":135,"column":0},"end":{"line":135,"column":31}}},"18":{"name":"leaperMoves","line":139,"loc":{"start":{"line":139,"column":0},"end":{"line":139,"column":40}}},"19":{"name":"schemaIterate","line":150,"loc":{"start":{"line":150,"column":0},"end":{"line":150,"column":34}}},"20":{"name":"(anonymous_20)","line":154,"loc":{"start":{"line":154,"column":8},"end":{"line":154,"column":36}}},"21":{"name":"(anonymous_21)","line":155,"loc":{"start":{"line":155,"column":69},"end":{"line":155,"column":81}}},"22":{"name":"schemaEval","line":163,"loc":{"start":{"line":163,"column":0},"end":{"line":163,"column":52}}},"23":{"name":"canMove","line":200,"loc":{"start":{"line":200,"column":0},"end":{"line":200,"column":61}}},"24":{"name":"toJSONObj","line":230,"loc":{"start":{"line":230,"column":0},"end":{"line":230,"column":22}}},"25":{"name":"loadJSONObj","line":242,"loc":{"start":{"line":242,"column":0},"end":{"line":242,"column":38}}},"26":{"name":"toClientJSONObj","line":249,"loc":{"start":{"line":249,"column":0},"end":{"line":249,"column":28}}}},"statementMap":{"1":{"start":{"line":8,"column":0},"end":{"line":8,"column":11}},"2":{"start":{"line":9,"column":0},"end":{"line":9,"column":35}},"3":{"start":{"line":10,"column":0},"end":{"line":10,"column":30}},"4":{"start":{"line":11,"column":0},"end":{"line":11,"column":37}},"5":{"start":{"line":12,"column":0},"end":{"line":12,"column":35}},"6":{"start":{"line":13,"column":0},"end":{"line":13,"column":15}},"7":{"start":{"line":16,"column":0},"end":{"line":16,"column":14}},"8":{"start":{"line":17,"column":0},"end":{"line":17,"column":13}},"9":{"start":{"line":20,"column":0},"end":{"line":25,"column":2}},"10":{"start":{"line":22,"column":8},"end":{"line":22,"column":50}},"11":{"start":{"line":32,"column":0},"end":{"line":75,"column":1}},"12":{"start":{"line":34,"column":4},"end":{"line":75,"column":0}},"13":{"start":{"line":35,"column":8},"end":{"line":35,"column":41}},"14":{"start":{"line":37,"column":8},"end":{"line":37,"column":42}},"15":{"start":{"line":39,"column":8},"end":{"line":39,"column":55}},"16":{"start":{"line":41,"column":8},"end":{"line":41,"column":38}},"17":{"start":{"line":42,"column":8},"end":{"line":42,"column":36}},"18":{"start":{"line":45,"column":8},"end":{"line":45,"column":38}},"19":{"start":{"line":46,"column":8},"end":{"line":46,"column":40}},"20":{"start":{"line":47,"column":8},"end":{"line":47,"column":38}},"21":{"start":{"line":48,"column":8},"end":{"line":48,"column":43}},"22":{"start":{"line":49,"column":8},"end":{"line":49,"column":25}},"23":{"start":{"line":50,"column":8},"end":{"line":50,"column":27}},"24":{"start":{"line":51,"column":8},"end":{"line":51,"column":63}},"25":{"start":{"line":52,"column":8},"end":{"line":52,"column":35}},"26":{"start":{"line":53,"column":8},"end":{"line":53,"column":33}},"27":{"start":{"line":55,"column":8},"end":{"line":55,"column":31}},"28":{"start":{"line":56,"column":8},"end":{"line":56,"column":31}},"29":{"start":{"line":57,"column":8},"end":{"line":57,"column":31}},"30":{"start":{"line":58,"column":8},"end":{"line":58,"column":33}},"31":{"start":{"line":59,"column":8},"end":{"line":59,"column":37}},"32":{"start":{"line":60,"column":8},"end":{"line":60,"column":31}},"33":{"start":{"line":61,"column":8},"end":{"line":61,"column":33}},"34":{"start":{"line":62,"column":8},"end":{"line":62,"column":41}},"35":{"start":{"line":63,"column":8},"end":{"line":63,"column":43}},"36":{"start":{"line":64,"column":8},"end":{"line":64,"column":43}},"37":{"start":{"line":65,"column":8},"end":{"line":65,"column":41}},"38":{"start":{"line":66,"column":8},"end":{"line":66,"column":31}},"39":{"start":{"line":67,"column":8},"end":{"line":67,"column":37}},"40":{"start":{"line":68,"column":8},"end":{"line":68,"column":45}},"41":{"start":{"line":69,"column":8},"end":{"line":69,"column":35}},"42":{"start":{"line":70,"column":8},"end":{"line":70,"column":47}},"43":{"start":{"line":72,"column":8},"end":{"line":72,"column":46}},"44":{"start":{"line":77,"column":0},"end":{"line":79,"column":1}},"45":{"start":{"line":78,"column":4},"end":{"line":78,"column":21}},"46":{"start":{"line":81,"column":0},"end":{"line":83,"column":1}},"47":{"start":{"line":82,"column":4},"end":{"line":82,"column":21}},"48":{"start":{"line":85,"column":0},"end":{"line":87,"column":1}},"49":{"start":{"line":86,"column":4},"end":{"line":86,"column":21}},"50":{"start":{"line":89,"column":0},"end":{"line":91,"column":1}},"51":{"start":{"line":90,"column":4},"end":{"line":90,"column":22}},"52":{"start":{"line":93,"column":0},"end":{"line":95,"column":1}},"53":{"start":{"line":94,"column":4},"end":{"line":94,"column":24}},"54":{"start":{"line":97,"column":0},"end":{"line":109,"column":1}},"55":{"start":{"line":98,"column":4},"end":{"line":98,"column":27}},"56":{"start":{"line":100,"column":4},"end":{"line":100,"column":20}},"57":{"start":{"line":101,"column":4},"end":{"line":108,"column":10}},"58":{"start":{"line":102,"column":8},"end":{"line":102,"column":44}},"59":{"start":{"line":104,"column":8},"end":{"line":105,"column":48}},"60":{"start":{"line":105,"column":12},"end":{"line":105,"column":48}},"61":{"start":{"line":107,"column":8},"end":{"line":107,"column":37}},"62":{"start":{"line":111,"column":0},"end":{"line":113,"column":1}},"63":{"start":{"line":112,"column":4},"end":{"line":112,"column":28}},"64":{"start":{"line":115,"column":0},"end":{"line":117,"column":1}},"65":{"start":{"line":116,"column":4},"end":{"line":116,"column":26}},"66":{"start":{"line":119,"column":0},"end":{"line":121,"column":1}},"67":{"start":{"line":120,"column":4},"end":{"line":120,"column":24}},"68":{"start":{"line":123,"column":0},"end":{"line":125,"column":1}},"69":{"start":{"line":124,"column":4},"end":{"line":124,"column":47}},"70":{"start":{"line":127,"column":0},"end":{"line":129,"column":1}},"71":{"start":{"line":128,"column":4},"end":{"line":128,"column":47}},"72":{"start":{"line":131,"column":0},"end":{"line":133,"column":1}},"73":{"start":{"line":132,"column":4},"end":{"line":132,"column":25}},"74":{"start":{"line":135,"column":0},"end":{"line":137,"column":1}},"75":{"start":{"line":136,"column":4},"end":{"line":136,"column":104}},"76":{"start":{"line":139,"column":0},"end":{"line":148,"column":1}},"77":{"start":{"line":140,"column":4},"end":{"line":147,"column":10}},"78":{"start":{"line":141,"column":12},"end":{"line":141,"column":56}},"79":{"start":{"line":143,"column":8},"end":{"line":147,"column":10}},"80":{"start":{"line":150,"column":0},"end":{"line":161,"column":1}},"81":{"start":{"line":151,"column":4},"end":{"line":151,"column":20}},"82":{"start":{"line":152,"column":4},"end":{"line":160,"column":12}},"83":{"start":{"line":155,"column":12},"end":{"line":157,"column":15}},"84":{"start":{"line":156,"column":15},"end":{"line":156,"column":29}},"85":{"start":{"line":158,"column":12},"end":{"line":158,"column":24}},"86":{"start":{"line":163,"column":0},"end":{"line":197,"column":1}},"87":{"start":{"line":164,"column":4},"end":{"line":164,"column":49}},"88":{"start":{"line":165,"column":4},"end":{"line":165,"column":40}},"89":{"start":{"line":167,"column":4},"end":{"line":167,"column":41}},"90":{"start":{"line":168,"column":4},"end":{"line":168,"column":45}},"91":{"start":{"line":170,"column":4},"end":{"line":196,"column":10}},"92":{"start":{"line":180,"column":8},"end":{"line":180,"column":21}},"93":{"start":{"line":183,"column":8},"end":{"line":196,"column":10}},"94":{"start":{"line":200,"column":0},"end":{"line":227,"column":1}},"95":{"start":{"line":201,"column":4},"end":{"line":201,"column":49}},"96":{"start":{"line":202,"column":4},"end":{"line":202,"column":51}},"97":{"start":{"line":203,"column":4},"end":{"line":203,"column":49}},"98":{"start":{"line":206,"column":4},"end":{"line":217,"column":21}},"99":{"start":{"line":217,"column":8},"end":{"line":217,"column":21}},"100":{"start":{"line":220,"column":4},"end":{"line":221,"column":29}},"101":{"start":{"line":221,"column":8},"end":{"line":221,"column":29}},"102":{"start":{"line":225,"column":4},"end":{"line":226,"column":19}},"103":{"start":{"line":230,"column":0},"end":{"line":240,"column":1}},"104":{"start":{"line":231,"column":4},"end":{"line":240,"column":0}},"105":{"start":{"line":242,"column":0},"end":{"line":247,"column":1}},"106":{"start":{"line":243,"column":4},"end":{"line":243,"column":46}},"107":{"start":{"line":244,"column":4},"end":{"line":244,"column":53}},"108":{"start":{"line":245,"column":4},"end":{"line":245,"column":42}},"109":{"start":{"line":246,"column":4},"end":{"line":246,"column":17}},"110":{"start":{"line":249,"column":0},"end":{"line":258,"column":1}},"111":{"start":{"line":250,"column":4},"end":{"line":258,"column":0}}},"branchMap":{"1":{"line":51,"type":"cond-expr","locations":[{"start":{"line":51,"column":47},"end":{"line":51,"column":54}},{"start":{"line":51,"column":57},"end":{"line":51,"column":62}}]},"2":{"line":104,"type":"if","locations":[{"start":{"line":104,"column":8},"end":{"line":104,"column":8}},{"start":{"line":104,"column":8},"end":{"line":104,"column":8}}]},"3":{"line":140,"type":"if","locations":[{"start":{"line":140,"column":4},"end":{"line":140,"column":4}},{"start":{"line":140,"column":4},"end":{"line":140,"column":4}}]},"4":{"line":167,"type":"cond-expr","locations":[{"start":{"line":167,"column":32},"end":{"line":167,"column":36}},{"start":{"line":167,"column":39},"end":{"line":167,"column":40}}]},"5":{"line":168,"type":"cond-expr","locations":[{"start":{"line":168,"column":34},"end":{"line":168,"column":39}},{"start":{"line":168,"column":42},"end":{"line":168,"column":44}}]},"6":{"line":170,"type":"if","locations":[{"start":{"line":170,"column":4},"end":{"line":170,"column":4}},{"start":{"line":170,"column":4},"end":{"line":170,"column":4}}]},"7":{"line":170,"type":"binary-expr","locations":[{"start":{"line":170,"column":7},"end":{"line":170,"column":45}},{"start":{"line":171,"column":8},"end":{"line":171,"column":105}},{"start":{"line":172,"column":8},"end":{"line":178,"column":9}}]},"8":{"line":206,"type":"if","locations":[{"start":{"line":206,"column":4},"end":{"line":206,"column":4}},{"start":{"line":206,"column":4},"end":{"line":206,"column":4}}]},"9":{"line":206,"type":"binary-expr","locations":[{"start":{"line":206,"column":7},"end":{"line":206,"column":56}},{"start":{"line":208,"column":12},"end":{"line":208,"column":57}},{"start":{"line":209,"column":12},"end":{"line":209,"column":65}},{"start":{"line":212,"column":12},"end":{"line":212,"column":38}},{"start":{"line":213,"column":12},"end":{"line":213,"column":66}},{"start":{"line":214,"column":12},"end":{"line":214,"column":79}}]},"10":{"line":220,"type":"if","locations":[{"start":{"line":220,"column":4},"end":{"line":220,"column":4}},{"start":{"line":220,"column":4},"end":{"line":220,"column":4}}]},"11":{"line":225,"type":"binary-expr","locations":[{"start":{"line":225,"column":11},"end":{"line":225,"column":89}},{"start":{"line":226,"column":8},"end":{"line":226,"column":17}}]}}},"/Users/andrew.bruss/Documents/projects/murtaziq/engine/vector.js":{"path":"/Users/andrew.bruss/Documents/projects/murtaziq/engine/vector.js","s":{"1":1,"2":1,"3":1,"4":1,"5":2874,"6":2874,"7":0,"8":1,"9":476,"10":1,"11":0,"12":0,"13":1,"14":0,"15":1,"16":5321,"17":1,"18":5215,"19":1,"20":476,"21":1,"22":767,"23":714,"24":53,"25":1,"26":767,"27":1,"28":758,"29":1,"30":40,"31":1,"32":0,"33":1,"34":160},"b":{"1":[2874,0],"2":[2874,2874],"3":[714,53],"4":[767,758],"5":[767,758],"6":[758,750],"7":[40,4]},"f":{"1":2874,"2":476,"3":0,"4":0,"5":5321,"6":5215,"7":476,"8":767,"9":767,"10":758,"11":40,"12":0,"13":160},"fnMap":{"1":{"name":"create","line":29,"loc":{"start":{"line":29,"column":0},"end":{"line":29,"column":21}}},"2":{"name":"add","line":39,"loc":{"start":{"line":39,"column":0},"end":{"line":39,"column":24}}},"3":{"name":"subtract","line":46,"loc":{"start":{"line":46,"column":0},"end":{"line":46,"column":29}}},"4":{"name":"negate","line":51,"loc":{"start":{"line":51,"column":0},"end":{"line":51,"column":20}}},"5":{"name":"getX","line":58,"loc":{"start":{"line":58,"column":0},"end":{"line":58,"column":18}}},"6":{"name":"getY","line":62,"loc":{"start":{"line":62,"column":0},"end":{"line":62,"column":18}}},"7":{"name":"scale","line":66,"loc":{"start":{"line":66,"column":0},"end":{"line":66,"column":27}}},"8":{"name":"isBounded","line":73,"loc":{"start":{"line":73,"column":0},"end":{"line":73,"column":39}}},"9":{"name":"isInside","line":80,"loc":{"start":{"line":80,"column":0},"end":{"line":80,"column":31}}},"10":{"name":"isOutside","line":84,"loc":{"start":{"line":84,"column":0},"end":{"line":84,"column":35}}},"11":{"name":"isEqual","line":88,"loc":{"start":{"line":88,"column":0},"end":{"line":88,"column":28}}},"12":{"name":"toString","line":92,"loc":{"start":{"line":92,"column":0},"end":{"line":92,"column":22}}},"13":{"name":"reflect","line":96,"loc":{"start":{"line":96,"column":0},"end":{"line":96,"column":21}}}},"statementMap":{"1":{"start":{"line":10,"column":0},"end":{"line":10,"column":34}},"2":{"start":{"line":11,"column":0},"end":{"line":11,"column":30}},"3":{"start":{"line":13,"column":0},"end":{"line":27,"column":2}},"4":{"start":{"line":29,"column":0},"end":{"line":37,"column":1}},"5":{"start":{"line":30,"column":4},"end":{"line":36,"column":61}},"6":{"start":{"line":31,"column":8},"end":{"line":34,"column":10}},"7":{"start":{"line":36,"column":8},"end":{"line":36,"column":61}},"8":{"start":{"line":39,"column":0},"end":{"line":44,"column":1}},"9":{"start":{"line":40,"column":4},"end":{"line":43,"column":6}},"10":{"start":{"line":46,"column":0},"end":{"line":49,"column":1}},"11":{"start":{"line":47,"column":4},"end":{"line":47,"column":24}},"12":{"start":{"line":48,"column":4},"end":{"line":48,"column":27}},"13":{"start":{"line":51,"column":0},"end":{"line":56,"column":1}},"14":{"start":{"line":52,"column":4},"end":{"line":55,"column":6}},"15":{"start":{"line":58,"column":0},"end":{"line":60,"column":1}},"16":{"start":{"line":59,"column":4},"end":{"line":59,"column":17}},"17":{"start":{"line":62,"column":0},"end":{"line":64,"column":1}},"18":{"start":{"line":63,"column":4},"end":{"line":63,"column":17}},"19":{"start":{"line":66,"column":0},"end":{"line":71,"column":1}},"20":{"start":{"line":67,"column":4},"end":{"line":70,"column":6}},"21":{"start":{"line":73,"column":0},"end":{"line":78,"column":1}},"22":{"start":{"line":74,"column":4},"end":{"line":77,"column":21}},"23":{"start":{"line":75,"column":8},"end":{"line":75,"column":20}},"24":{"start":{"line":77,"column":8},"end":{"line":77,"column":21}},"25":{"start":{"line":80,"column":0},"end":{"line":82,"column":1}},"26":{"start":{"line":81,"column":4},"end":{"line":81,"column":64}},"27":{"start":{"line":84,"column":0},"end":{"line":86,"column":1}},"28":{"start":{"line":85,"column":4},"end":{"line":85,"column":68}},"29":{"start":{"line":88,"column":0},"end":{"line":90,"column":1}},"30":{"start":{"line":89,"column":4},"end":{"line":89,"column":64}},"31":{"start":{"line":92,"column":0},"end":{"line":94,"column":1}},"32":{"start":{"line":93,"column":4},"end":{"line":93,"column":44}},"33":{"start":{"line":96,"column":0},"end":{"line":98,"column":1}},"34":{"start":{"line":97,"column":4},"end":{"line":97,"column":42}}},"branchMap":{"1":{"line":30,"type":"if","locations":[{"start":{"line":30,"column":4},"end":{"line":30,"column":4}},{"start":{"line":30,"column":4},"end":{"line":30,"column":4}}]},"2":{"line":30,"type":"binary-expr","locations":[{"start":{"line":30,"column":7},"end":{"line":30,"column":20}},{"start":{"line":30,"column":24},"end":{"line":30,"column":37}}]},"3":{"line":74,"type":"if","locations":[{"start":{"line":74,"column":4},"end":{"line":74,"column":4}},{"start":{"line":74,"column":4},"end":{"line":74,"column":4}}]},"4":{"line":74,"type":"binary-expr","locations":[{"start":{"line":74,"column":7},"end":{"line":74,"column":28}},{"start":{"line":74,"column":32},"end":{"line":74,"column":54}}]},"5":{"line":81,"type":"binary-expr","locations":[{"start":{"line":81,"column":11},"end":{"line":81,"column":35}},{"start":{"line":81,"column":39},"end":{"line":81,"column":63}}]},"6":{"line":85,"type":"binary-expr","locations":[{"start":{"line":85,"column":11},"end":{"line":85,"column":37}},{"start":{"line":85,"column":41},"end":{"line":85,"column":67}}]},"7":{"line":89,"type":"binary-expr","locations":[{"start":{"line":89,"column":11},"end":{"line":89,"column":35}},{"start":{"line":89,"column":39},"end":{"line":89,"column":63}}]}}},"/Users/andrew.bruss/Documents/projects/murtaziq/engine/space.js":{"path":"/Users/andrew.bruss/Documents/projects/murtaziq/engine/space.js","s":{"1":1,"2":1,"3":1,"4":1,"5":128,"6":1,"7":137,"8":1,"9":1266,"10":1,"11":72,"12":72,"13":1,"14":4,"15":4,"16":4,"17":1,"18":0,"19":1,"20":64,"21":64,"22":32,"23":64,"24":1,"25":0,"26":0,"27":0,"28":0,"29":1,"30":0,"31":0,"32":0,"33":0},"b":{"1":[32,32],"2":[0,0],"3":[0,0]},"f":{"1":128,"2":137,"3":1266,"4":72,"5":4,"6":0,"7":64,"8":0,"9":0},"fnMap":{"1":{"name":"create","line":16,"loc":{"start":{"line":16,"column":0},"end":{"line":16,"column":20}}},"2":{"name":"getLoc","line":22,"loc":{"start":{"line":22,"column":0},"end":{"line":22,"column":22}}},"3":{"name":"getPiece","line":26,"loc":{"start":{"line":26,"column":0},"end":{"line":26,"column":24}}},"4":{"name":"setPiece","line":30,"loc":{"start":{"line":30,"column":0},"end":{"line":30,"column":31}}},"5":{"name":"removePiece","line":36,"loc":{"start":{"line":36,"column":0},"end":{"line":36,"column":27}}},"6":{"name":"isEqual","line":42,"loc":{"start":{"line":42,"column":0},"end":{"line":42,"column":32}}},"7":{"name":"toJSONObj","line":46,"loc":{"start":{"line":46,"column":0},"end":{"line":46,"column":27}}},"8":{"name":"loadJSONObj","line":57,"loc":{"start":{"line":57,"column":0},"end":{"line":57,"column":31}}},"9":{"name":"toClientJSONObj","line":68,"loc":{"start":{"line":68,"column":0},"end":{"line":68,"column":33}}}},"statementMap":{"1":{"start":{"line":1,"column":0},"end":{"line":1,"column":36}},"2":{"start":{"line":2,"column":0},"end":{"line":2,"column":36}},"3":{"start":{"line":4,"column":0},"end":{"line":14,"column":2}},"4":{"start":{"line":16,"column":0},"end":{"line":20,"column":1}},"5":{"start":{"line":17,"column":4},"end":{"line":19,"column":6}},"6":{"start":{"line":22,"column":0},"end":{"line":24,"column":1}},"7":{"start":{"line":23,"column":4},"end":{"line":23,"column":21}},"8":{"start":{"line":26,"column":0},"end":{"line":28,"column":1}},"9":{"start":{"line":27,"column":4},"end":{"line":27,"column":23}},"10":{"start":{"line":30,"column":0},"end":{"line":34,"column":1}},"11":{"start":{"line":31,"column":4},"end":{"line":31,"column":24}},"12":{"start":{"line":33,"column":4},"end":{"line":33,"column":17}},"13":{"start":{"line":36,"column":0},"end":{"line":40,"column":1}},"14":{"start":{"line":37,"column":4},"end":{"line":37,"column":32}},"15":{"start":{"line":38,"column":4},"end":{"line":38,"column":31}},"16":{"start":{"line":39,"column":4},"end":{"line":39,"column":17}},"17":{"start":{"line":42,"column":0},"end":{"line":44,"column":1}},"18":{"start":{"line":43,"column":4},"end":{"line":43,"column":58}},"19":{"start":{"line":46,"column":0},"end":{"line":55,"column":1}},"20":{"start":{"line":47,"column":4},"end":{"line":49,"column":6}},"21":{"start":{"line":51,"column":4},"end":{"line":52,"column":52}},"22":{"start":{"line":52,"column":8},"end":{"line":52,"column":52}},"23":{"start":{"line":54,"column":4},"end":{"line":54,"column":19}},"24":{"start":{"line":57,"column":0},"end":{"line":65,"column":1}},"25":{"start":{"line":58,"column":4},"end":{"line":61,"column":4}},"26":{"start":{"line":61,"column":4},"end":{"line":62,"column":54}},"27":{"start":{"line":62,"column":8},"end":{"line":62,"column":54}},"28":{"start":{"line":64,"column":4},"end":{"line":64,"column":17}},"29":{"start":{"line":68,"column":0},"end":{"line":75,"column":1}},"30":{"start":{"line":69,"column":4},"end":{"line":69,"column":21}},"31":{"start":{"line":71,"column":4},"end":{"line":72,"column":58}},"32":{"start":{"line":72,"column":8},"end":{"line":72,"column":58}},"33":{"start":{"line":74,"column":4},"end":{"line":74,"column":19}}},"branchMap":{"1":{"line":51,"type":"if","locations":[{"start":{"line":51,"column":4},"end":{"line":51,"column":4}},{"start":{"line":51,"column":4},"end":{"line":51,"column":4}}]},"2":{"line":61,"type":"if","locations":[{"start":{"line":61,"column":4},"end":{"line":61,"column":4}},{"start":{"line":61,"column":4},"end":{"line":61,"column":4}}]},"3":{"line":71,"type":"if","locations":[{"start":{"line":71,"column":4},"end":{"line":71,"column":4}},{"start":{"line":71,"column":4},"end":{"line":71,"column":4}}]}}},"/Users/andrew.bruss/Documents/projects/murtaziq/engine/pieces.js":{"path":"/Users/andrew.bruss/Documents/projects/murtaziq/engine/pieces.js","s":{"1":1,"2":1,"3":1,"4":1,"5":1,"6":1,"7":24,"8":24,"9":1,"10":0,"11":0,"12":1,"13":48,"14":48},"b":{},"f":{"1":24,"2":0,"3":48},"fnMap":{"1":{"name":"getConstructor","line":24,"loc":{"start":{"line":24,"column":0},"end":{"line":24,"column":34}}},"2":{"name":"loadPiece","line":29,"loc":{"start":{"line":29,"column":0},"end":{"line":29,"column":31}}},"3":{"name":"getValue","line":34,"loc":{"start":{"line":34,"column":0},"end":{"line":34,"column":28}}}},"statementMap":{"1":{"start":{"line":8,"column":0},"end":{"line":8,"column":11}},"2":{"start":{"line":9,"column":0},"end":{"line":9,"column":34}},"3":{"start":{"line":10,"column":0},"end":{"line":10,"column":23}},"4":{"start":{"line":11,"column":0},"end":{"line":11,"column":30}},"5":{"start":{"line":13,"column":0},"end":{"line":17,"column":2}},"6":{"start":{"line":24,"column":0},"end":{"line":27,"column":1}},"7":{"start":{"line":25,"column":1},"end":{"line":25,"column":33}},"8":{"start":{"line":26,"column":1},"end":{"line":26,"column":43}},"9":{"start":{"line":29,"column":0},"end":{"line":32,"column":1}},"10":{"start":{"line":30,"column":1},"end":{"line":30,"column":33}},"11":{"start":{"line":31,"column":1},"end":{"line":31,"column":70}},"12":{"start":{"line":34,"column":0},"end":{"line":37,"column":1}},"13":{"start":{"line":35,"column":1},"end":{"line":35,"column":33}},"14":{"start":{"line":36,"column":1},"end":{"line":36,"column":50}}},"branchMap":{}},"/Users/andrew.bruss/Documents/projects/murtaziq/engine/config/pieces/kingconfig.js":{"path":"/Users/andrew.bruss/Documents/projects/murtaziq/engine/config/pieces/kingconfig.js","s":{"1":1},"b":{},"f":{},"fnMap":{},"statementMap":{"1":{"start":{"line":1,"column":0},"end":{"line":6,"column":2}}},"branchMap":{}},"/Users/andrew.bruss/Documents/projects/murtaziq/engine/config/pieces/knightconfig.js":{"path":"/Users/andrew.bruss/Documents/projects/murtaziq/engine/config/pieces/knightconfig.js","s":{"1":1},"b":{},"f":{},"fnMap":{},"statementMap":{"1":{"start":{"line":1,"column":0},"end":{"line":6,"column":2}}},"branchMap":{}},"/Users/andrew.bruss/Documents/projects/murtaziq/engine/config/pieces/pawnconfig.js":{"path":"/Users/andrew.bruss/Documents/projects/murtaziq/engine/config/pieces/pawnconfig.js","s":{"1":1},"b":{},"f":{},"fnMap":{},"statementMap":{"1":{"start":{"line":1,"column":0},"end":{"line":6,"column":2}}},"branchMap":{}},"/Users/andrew.bruss/Documents/projects/murtaziq/engine/config/pieces/queenconfig.js":{"path":"/Users/andrew.bruss/Documents/projects/murtaziq/engine/config/pieces/queenconfig.js","s":{"1":1},"b":{},"f":{},"fnMap":{},"statementMap":{"1":{"start":{"line":1,"column":0},"end":{"line":6,"column":2}}},"branchMap":{}},"/Users/andrew.bruss/Documents/projects/murtaziq/engine/config/pieces/rookconfig.js":{"path":"/Users/andrew.bruss/Documents/projects/murtaziq/engine/config/pieces/rookconfig.js","s":{"1":1},"b":{},"f":{},"fnMap":{},"statementMap":{"1":{"start":{"line":1,"column":0},"end":{"line":7,"column":2}}},"branchMap":{}},"/Users/andrew.bruss/Documents/projects/murtaziq/engine/pieces/rook.js":{"path":"/Users/andrew.bruss/Documents/projects/murtaziq/engine/pieces/rook.js","s":{"1":1,"2":1,"3":1,"4":1,"5":1,"6":1,"7":1,"8":1,"9":1,"10":1,"11":8,"12":8,"13":8,"14":1,"15":4,"16":4,"17":4,"18":4,"19":4,"20":4,"21":0,"22":4,"23":1,"24":4,"25":0},"b":{"1":[4,0],"2":[4,4],"3":[0,4],"4":[0,0]},"f":{"1":1,"2":8,"3":4,"4":4,"5":0},"fnMap":{"1":{"name":"(anonymous_1)","line":11,"loc":{"start":{"line":11,"column":11},"end":{"line":11,"column":34}}},"2":{"name":"(anonymous_2)","line":13,"loc":{"start":{"line":13,"column":15},"end":{"line":13,"column":39}}},"3":{"name":"getMoves","line":24,"loc":{"start":{"line":24,"column":0},"end":{"line":24,"column":31}}},"4":{"name":"adjacentMoveFilter","line":45,"loc":{"start":{"line":45,"column":0},"end":{"line":45,"column":47}}},"5":{"name":"(anonymous_5)","line":46,"loc":{"start":{"line":46,"column":11},"end":{"line":46,"column":25}}}},"statementMap":{"1":{"start":{"line":1,"column":0},"end":{"line":1,"column":11}},"2":{"start":{"line":2,"column":0},"end":{"line":2,"column":34}},"3":{"start":{"line":3,"column":0},"end":{"line":3,"column":35}},"4":{"start":{"line":4,"column":0},"end":{"line":4,"column":45}},"5":{"start":{"line":5,"column":0},"end":{"line":5,"column":35}},"6":{"start":{"line":6,"column":0},"end":{"line":6,"column":37}},"7":{"start":{"line":8,"column":0},"end":{"line":8,"column":30}},"8":{"start":{"line":10,"column":0},"end":{"line":21,"column":2}},"9":{"start":{"line":12,"column":8},"end":{"line":12,"column":44}},"10":{"start":{"line":13,"column":8},"end":{"line":18,"column":4}},"11":{"start":{"line":14,"column":12},"end":{"line":14,"column":45}},"12":{"start":{"line":15,"column":12},"end":{"line":15,"column":53}},"13":{"start":{"line":16,"column":12},"end":{"line":16,"column":37}},"14":{"start":{"line":24,"column":0},"end":{"line":43,"column":1}},"15":{"start":{"line":25,"column":4},"end":{"line":25,"column":46}},"16":{"start":{"line":27,"column":4},"end":{"line":27,"column":53}},"17":{"start":{"line":28,"column":4},"end":{"line":28,"column":90}},"18":{"start":{"line":29,"column":4},"end":{"line":41,"column":5}},"19":{"start":{"line":30,"column":8},"end":{"line":30,"column":72}},"20":{"start":{"line":32,"column":8},"end":{"line":40,"column":9}},"21":{"start":{"line":33,"column":12},"end":{"line":39,"column":16}},"22":{"start":{"line":42,"column":4},"end":{"line":42,"column":17}},"23":{"start":{"line":45,"column":0},"end":{"line":56,"column":1}},"24":{"start":{"line":46,"column":4},"end":{"line":55,"column":8}},"25":{"start":{"line":47,"column":8},"end":{"line":54,"column":18}}},"branchMap":{"1":{"line":29,"type":"if","locations":[{"start":{"line":29,"column":4},"end":{"line":29,"column":4}},{"start":{"line":29,"column":4},"end":{"line":29,"column":4}}]},"2":{"line":29,"type":"binary-expr","locations":[{"start":{"line":29,"column":7},"end":{"line":29,"column":53}},{"start":{"line":29,"column":57},"end":{"line":29,"column":103}}]},"3":{"line":32,"type":"if","locations":[{"start":{"line":32,"column":8},"end":{"line":32,"column":8}},{"start":{"line":32,"column":8},"end":{"line":32,"column":8}}]},"4":{"line":47,"type":"binary-expr","locations":[{"start":{"line":47,"column":16},"end":{"line":50,"column":17}},{"start":{"line":51,"column":16},"end":{"line":54,"column":17}}]}}},"/Users/andrew.bruss/Documents/projects/murtaziq/engine/chessboard.js":{"path":"/Users/andrew.bruss/Documents/projects/murtaziq/engine/chessboard.js","s":{"1":1,"2":1,"3":1,"4":1,"5":1,"6":1,"7":1,"8":1,"9":2,"10":2,"11":2,"12":2,"13":2,"14":2,"15":2,"16":1,"17":16,"18":1,"19":16,"20":1,"21":4,"22":4,"23":4,"24":4,"25":4,"26":2,"27":2,"28":4,"29":0,"30":0,"31":4,"32":1,"33":4,"34":1,"35":8,"36":8,"37":8,"38":8,"39":8,"40":8,"41":8,"42":8,"43":1,"44":603,"45":603,"46":0,"47":1,"48":767,"49":1,"50":767,"51":767,"52":0,"53":1,"54":268,"55":1,"56":4,"57":4,"58":1,"59":4,"60":1,"61":4,"62":1,"63":18,"64":18,"65":18,"66":16,"67":128,"68":16,"69":2,"70":1,"71":2,"72":2,"73":2,"74":1,"75":2,"76":2,"77":2,"78":1,"79":4,"80":1,"81":4,"82":1,"83":4,"84":1,"85":4,"86":1,"87":4,"88":1,"89":4,"90":1,"91":24,"92":24,"93":24,"94":24,"95":24,"96":1,"97":24,"98":64,"99":1,"100":0,"101":0,"102":1,"103":0,"104":0,"105":0,"106":0,"107":1,"108":0,"109":0,"110":0,"111":0,"112":0,"113":0,"114":0,"115":1,"116":0,"117":0,"118":0,"119":1,"120":2,"121":2,"122":128,"123":64,"124":1,"125":2,"126":32,"127":40,"128":1,"129":6,"130":254,"131":1,"132":33,"133":33,"134":0,"135":1,"136":1,"137":8,"138":64,"139":1,"140":0,"141":0,"142":0,"143":1,"144":0,"145":0,"146":0},"b":{"1":[0,2],"2":[0,2],"3":[1,15],"4":[4,0],"5":[2,2],"6":[603,0],"7":[767,0],"8":[16,2],"9":[16,2],"10":[16,2],"11":[24,0],"12":[0,0],"13":[0,0],"14":[64,64],"15":[254,126,62],"16":[33,0]},"f":{"1":2,"2":16,"3":4,"4":4,"5":8,"6":603,"7":767,"8":767,"9":268,"10":4,"11":4,"12":4,"13":18,"14":128,"15":2,"16":2,"17":4,"18":4,"19":4,"20":4,"21":4,"22":4,"23":24,"24":24,"25":64,"26":0,"27":0,"28":0,"29":0,"30":0,"31":0,"32":0,"33":0,"34":2,"35":128,"36":2,"37":32,"38":40,"39":6,"40":254,"41":33,"42":1,"43":8,"44":64,"45":0,"46":0,"47":0,"48":0,"49":0,"50":0},"fnMap":{"1":{"name":"create","line":41,"loc":{"start":{"line":41,"column":0},"end":{"line":41,"column":17}}},"2":{"name":"getMaster","line":51,"loc":{"start":{"line":51,"column":0},"end":{"line":51,"column":22}}},"3":{"name":"setSide","line":57,"loc":{"start":{"line":57,"column":0},"end":{"line":57,"column":44}}},"4":{"name":"validateSideValue","line":82,"loc":{"start":{"line":82,"column":0},"end":{"line":82,"column":32}}},"5":{"name":"getSideValue","line":86,"loc":{"start":{"line":86,"column":0},"end":{"line":86,"column":29}}},"6":{"name":"getSpace","line":105,"loc":{"start":{"line":105,"column":0},"end":{"line":105,"column":29}}},"7":{"name":"isOnBoard","line":118,"loc":{"start":{"line":118,"column":0},"end":{"line":118,"column":30}}},"8":{"name":"getSize","line":127,"loc":{"start":{"line":127,"column":0},"end":{"line":127,"column":23}}},"9":{"name":"getPiece","line":140,"loc":{"start":{"line":140,"column":0},"end":{"line":140,"column":29}}},"10":{"name":"setPiece","line":151,"loc":{"start":{"line":151,"column":0},"end":{"line":151,"column":36}}},"11":{"name":"removePiece","line":162,"loc":{"start":{"line":162,"column":0},"end":{"line":162,"column":32}}},"12":{"name":"getSide","line":170,"loc":{"start":{"line":170,"column":0},"end":{"line":170,"column":22}}},"13":{"name":"newBoard","line":185,"loc":{"start":{"line":185,"column":0},"end":{"line":185,"column":19}}},"14":{"name":"(anonymous_14)","line":191,"loc":{"start":{"line":191,"column":16},"end":{"line":191,"column":31}}},"15":{"name":"setLightSide","line":201,"loc":{"start":{"line":201,"column":0},"end":{"line":201,"column":34}}},"16":{"name":"setDarkSide","line":212,"loc":{"start":{"line":212,"column":0},"end":{"line":212,"column":33}}},"17":{"name":"setPawns","line":223,"loc":{"start":{"line":223,"column":0},"end":{"line":223,"column":47}}},"18":{"name":"setRooks","line":240,"loc":{"start":{"line":240,"column":0},"end":{"line":240,"column":47}}},"19":{"name":"setKnights","line":251,"loc":{"start":{"line":251,"column":0},"end":{"line":251,"column":49}}},"20":{"name":"setBishops","line":262,"loc":{"start":{"line":262,"column":0},"end":{"line":262,"column":49}}},"21":{"name":"setQueen","line":273,"loc":{"start":{"line":273,"column":0},"end":{"line":273,"column":55}}},"22":{"name":"setRoyal","line":283,"loc":{"start":{"line":283,"column":0},"end":{"line":283,"column":55}}},"23":{"name":"createPiecesAt","line":294,"loc":{"start":{"line":294,"column":0},"end":{"line":294,"column":52}}},"24":{"name":"createPieceGen","line":305,"loc":{"start":{"line":305,"column":0},"end":{"line":305,"column":52}}},"25":{"name":"(anonymous_25)","line":306,"loc":{"start":{"line":306,"column":11},"end":{"line":306,"column":24}}},"26":{"name":"print","line":311,"loc":{"start":{"line":311,"column":0},"end":{"line":311,"column":21}}},"27":{"name":"printRow","line":316,"loc":{"start":{"line":316,"column":0},"end":{"line":316,"column":29}}},"28":{"name":"(anonymous_28)","line":317,"loc":{"start":{"line":317,"column":11},"end":{"line":317,"column":24}}},"29":{"name":"(anonymous_29)","line":318,"loc":{"start":{"line":318,"column":20},"end":{"line":318,"column":35}}},"30":{"name":"spaceString","line":325,"loc":{"start":{"line":325,"column":0},"end":{"line":325,"column":39}}},"31":{"name":"getHighlight","line":337,"loc":{"start":{"line":337,"column":0},"end":{"line":337,"column":40}}},"32":{"name":"(anonymous_32)","line":338,"loc":{"start":{"line":338,"column":30},"end":{"line":338,"column":50}}},"33":{"name":"(anonymous_33)","line":342,"loc":{"start":{"line":342,"column":16},"end":{"line":342,"column":34}}},"34":{"name":"getEnemySpaces","line":351,"loc":{"start":{"line":351,"column":0},"end":{"line":351,"column":37}}},"35":{"name":"(anonymous_35)","line":354,"loc":{"start":{"line":354,"column":12},"end":{"line":354,"column":28}}},"36":{"name":"getThreateningPieces","line":361,"loc":{"start":{"line":361,"column":0},"end":{"line":361,"column":44}}},"37":{"name":"(anonymous_37)","line":363,"loc":{"start":{"line":363,"column":12},"end":{"line":363,"column":27}}},"38":{"name":"(anonymous_38)","line":365,"loc":{"start":{"line":365,"column":20},"end":{"line":365,"column":34}}},"39":{"name":"getRoyalSpace","line":373,"loc":{"start":{"line":373,"column":0},"end":{"line":373,"column":35}}},"40":{"name":"(anonymous_40)","line":375,"loc":{"start":{"line":375,"column":12},"end":{"line":375,"column":27}}},"41":{"name":"getMoves","line":383,"loc":{"start":{"line":383,"column":0},"end":{"line":383,"column":31}}},"42":{"name":"toJSONObj","line":390,"loc":{"start":{"line":390,"column":0},"end":{"line":390,"column":27}}},"43":{"name":"(anonymous_43)","line":391,"loc":{"start":{"line":391,"column":24},"end":{"line":391,"column":38}}},"44":{"name":"(anonymous_44)","line":392,"loc":{"start":{"line":392,"column":26},"end":{"line":392,"column":42}}},"45":{"name":"loadJSONObj","line":400,"loc":{"start":{"line":400,"column":0},"end":{"line":400,"column":31}}},"46":{"name":"(anonymous_46)","line":401,"loc":{"start":{"line":401,"column":25},"end":{"line":401,"column":39}}},"47":{"name":"(anonymous_47)","line":402,"loc":{"start":{"line":402,"column":26},"end":{"line":402,"column":42}}},"48":{"name":"toClientJSONObj","line":409,"loc":{"start":{"line":409,"column":0},"end":{"line":409,"column":33}}},"49":{"name":"(anonymous_49)","line":410,"loc":{"start":{"line":410,"column":24},"end":{"line":410,"column":38}}},"50":{"name":"(anonymous_50)","line":411,"loc":{"start":{"line":411,"column":26},"end":{"line":411,"column":42}}}},"statementMap":{"1":{"start":{"line":8,"column":0},"end":{"line":8,"column":34}},"2":{"start":{"line":9,"column":0},"end":{"line":9,"column":36}},"3":{"start":{"line":10,"column":0},"end":{"line":10,"column":36}},"4":{"start":{"line":11,"column":0},"end":{"line":11,"column":34}},"5":{"start":{"line":12,"column":0},"end":{"line":12,"column":11}},"6":{"start":{"line":13,"column":0},"end":{"line":13,"column":30}},"7":{"start":{"line":15,"column":0},"end":{"line":33,"column":2}},"8":{"start":{"line":41,"column":0},"end":{"line":49,"column":1}},"9":{"start":{"line":42,"column":4},"end":{"line":42,"column":20}},"10":{"start":{"line":43,"column":4},"end":{"line":43,"column":87}},"11":{"start":{"line":44,"column":4},"end":{"line":44,"column":86}},"12":{"start":{"line":45,"column":4},"end":{"line":45,"column":27}},"13":{"start":{"line":46,"column":4},"end":{"line":46,"column":36}},"14":{"start":{"line":47,"column":4},"end":{"line":47,"column":36}},"15":{"start":{"line":48,"column":4},"end":{"line":48,"column":17}},"16":{"start":{"line":51,"column":0},"end":{"line":55,"column":1}},"17":{"start":{"line":52,"column":4},"end":{"line":53,"column":40}},"18":{"start":{"line":53,"column":8},"end":{"line":53,"column":40}},"19":{"start":{"line":54,"column":4},"end":{"line":54,"column":18}},"20":{"start":{"line":57,"column":0},"end":{"line":80,"column":1}},"21":{"start":{"line":58,"column":4},"end":{"line":58,"column":25}},"22":{"start":{"line":59,"column":4},"end":{"line":59,"column":57}},"23":{"start":{"line":61,"column":4},"end":{"line":61,"column":35}},"24":{"start":{"line":62,"column":4},"end":{"line":72,"column":5}},"25":{"start":{"line":63,"column":8},"end":{"line":66,"column":46}},"26":{"start":{"line":64,"column":12},"end":{"line":64,"column":47}},"27":{"start":{"line":66,"column":12},"end":{"line":66,"column":46}},"28":{"start":{"line":67,"column":8},"end":{"line":67,"column":23}},"29":{"start":{"line":70,"column":8},"end":{"line":70,"column":24}},"30":{"start":{"line":71,"column":8},"end":{"line":72,"column":4}},"31":{"start":{"line":74,"column":4},"end":{"line":79,"column":6}},"32":{"start":{"line":82,"column":0},"end":{"line":84,"column":1}},"33":{"start":{"line":83,"column":4},"end":{"line":83,"column":71}},"34":{"start":{"line":86,"column":0},"end":{"line":97,"column":1}},"35":{"start":{"line":87,"column":4},"end":{"line":87,"column":18}},"36":{"start":{"line":89,"column":4},"end":{"line":89,"column":49}},"37":{"start":{"line":90,"column":4},"end":{"line":90,"column":49}},"38":{"start":{"line":91,"column":4},"end":{"line":91,"column":51}},"39":{"start":{"line":92,"column":4},"end":{"line":92,"column":51}},"40":{"start":{"line":93,"column":4},"end":{"line":93,"column":48}},"41":{"start":{"line":94,"column":4},"end":{"line":94,"column":48}},"42":{"start":{"line":96,"column":4},"end":{"line":96,"column":17}},"43":{"start":{"line":105,"column":0},"end":{"line":110,"column":1}},"44":{"start":{"line":106,"column":4},"end":{"line":109,"column":18}},"45":{"start":{"line":107,"column":8},"end":{"line":107,"column":57}},"46":{"start":{"line":109,"column":8},"end":{"line":109,"column":18}},"47":{"start":{"line":118,"column":0},"end":{"line":120,"column":1}},"48":{"start":{"line":119,"column":4},"end":{"line":119,"column":69}},"49":{"start":{"line":127,"column":0},"end":{"line":132,"column":1}},"50":{"start":{"line":128,"column":4},"end":{"line":131,"column":47}},"51":{"start":{"line":129,"column":8},"end":{"line":129,"column":62}},"52":{"start":{"line":131,"column":8},"end":{"line":131,"column":47}},"53":{"start":{"line":140,"column":0},"end":{"line":142,"column":1}},"54":{"start":{"line":141,"column":4},"end":{"line":141,"column":48}},"55":{"start":{"line":151,"column":0},"end":{"line":154,"column":1}},"56":{"start":{"line":152,"column":4},"end":{"line":152,"column":48}},"57":{"start":{"line":153,"column":4},"end":{"line":153,"column":17}},"58":{"start":{"line":162,"column":0},"end":{"line":164,"column":1}},"59":{"start":{"line":163,"column":4},"end":{"line":163,"column":51}},"60":{"start":{"line":170,"column":0},"end":{"line":179,"column":1}},"61":{"start":{"line":171,"column":4},"end":{"line":178,"column":10}},"62":{"start":{"line":185,"column":0},"end":{"line":199,"column":1}},"63":{"start":{"line":186,"column":4},"end":{"line":186,"column":61}},"64":{"start":{"line":187,"column":4},"end":{"line":187,"column":49}},"65":{"start":{"line":188,"column":4},"end":{"line":198,"column":21}},"66":{"start":{"line":189,"column":8},"end":{"line":194,"column":15}},"67":{"start":{"line":192,"column":20},"end":{"line":192,"column":77}},"68":{"start":{"line":195,"column":8},"end":{"line":195,"column":39}},"69":{"start":{"line":198,"column":8},"end":{"line":198,"column":21}},"70":{"start":{"line":201,"column":0},"end":{"line":210,"column":1}},"71":{"start":{"line":202,"column":4},"end":{"line":202,"column":20}},"72":{"start":{"line":203,"column":4},"end":{"line":203,"column":55}},"73":{"start":{"line":204,"column":4},"end":{"line":209,"column":88}},"74":{"start":{"line":212,"column":0},"end":{"line":221,"column":1}},"75":{"start":{"line":213,"column":4},"end":{"line":213,"column":20}},"76":{"start":{"line":214,"column":4},"end":{"line":214,"column":53}},"77":{"start":{"line":215,"column":4},"end":{"line":220,"column":87}},"78":{"start":{"line":223,"column":0},"end":{"line":238,"column":1}},"79":{"start":{"line":224,"column":4},"end":{"line":237,"column":6}},"80":{"start":{"line":240,"column":0},"end":{"line":249,"column":1}},"81":{"start":{"line":241,"column":4},"end":{"line":248,"column":6}},"82":{"start":{"line":251,"column":0},"end":{"line":260,"column":1}},"83":{"start":{"line":252,"column":4},"end":{"line":259,"column":6}},"84":{"start":{"line":262,"column":0},"end":{"line":271,"column":1}},"85":{"start":{"line":263,"column":4},"end":{"line":270,"column":6}},"86":{"start":{"line":273,"column":0},"end":{"line":281,"column":1}},"87":{"start":{"line":274,"column":4},"end":{"line":280,"column":6}},"88":{"start":{"line":283,"column":0},"end":{"line":291,"column":1}},"89":{"start":{"line":284,"column":4},"end":{"line":290,"column":6}},"90":{"start":{"line":294,"column":0},"end":{"line":303,"column":1}},"91":{"start":{"line":295,"column":4},"end":{"line":295,"column":18}},"92":{"start":{"line":296,"column":4},"end":{"line":297,"column":18}},"93":{"start":{"line":297,"column":8},"end":{"line":297,"column":18}},"94":{"start":{"line":298,"column":4},"end":{"line":301,"column":6}},"95":{"start":{"line":302,"column":4},"end":{"line":302,"column":17}},"96":{"start":{"line":305,"column":0},"end":{"line":309,"column":1}},"97":{"start":{"line":306,"column":4},"end":{"line":308,"column":6}},"98":{"start":{"line":307,"column":8},"end":{"line":307,"column":71}},"99":{"start":{"line":311,"column":0},"end":{"line":314,"column":1}},"100":{"start":{"line":312,"column":4},"end":{"line":312,"column":39}},"101":{"start":{"line":313,"column":4},"end":{"line":313,"column":40}},"102":{"start":{"line":316,"column":0},"end":{"line":323,"column":1}},"103":{"start":{"line":317,"column":4},"end":{"line":322,"column":6}},"104":{"start":{"line":318,"column":8},"end":{"line":320,"column":11}},"105":{"start":{"line":319,"column":12},"end":{"line":319,"column":65}},"106":{"start":{"line":321,"column":8},"end":{"line":321,"column":35}},"107":{"start":{"line":325,"column":0},"end":{"line":335,"column":1}},"108":{"start":{"line":326,"column":4},"end":{"line":326,"column":52}},"109":{"start":{"line":327,"column":4},"end":{"line":327,"column":23}},"110":{"start":{"line":328,"column":4},"end":{"line":330,"column":5}},"111":{"start":{"line":329,"column":8},"end":{"line":329,"column":61}},"112":{"start":{"line":331,"column":4},"end":{"line":334,"column":22}},"113":{"start":{"line":332,"column":8},"end":{"line":332,"column":39}},"114":{"start":{"line":334,"column":8},"end":{"line":334,"column":22}},"115":{"start":{"line":337,"column":0},"end":{"line":349,"column":1}},"116":{"start":{"line":338,"column":4},"end":{"line":348,"column":7}},"117":{"start":{"line":339,"column":8},"end":{"line":346,"column":10}},"118":{"start":{"line":343,"column":20},"end":{"line":343,"column":73}},"119":{"start":{"line":351,"column":0},"end":{"line":359,"column":1}},"120":{"start":{"line":352,"column":4},"end":{"line":352,"column":47}},"121":{"start":{"line":353,"column":4},"end":{"line":358,"column":10}},"122":{"start":{"line":355,"column":16},"end":{"line":356,"column":67}},"123":{"start":{"line":356,"column":20},"end":{"line":356,"column":67}},"124":{"start":{"line":361,"column":0},"end":{"line":371,"column":1}},"125":{"start":{"line":362,"column":4},"end":{"line":370,"column":10}},"126":{"start":{"line":364,"column":16},"end":{"line":368,"column":25}},"127":{"start":{"line":366,"column":24},"end":{"line":366,"column":86}},"128":{"start":{"line":373,"column":0},"end":{"line":381,"column":1}},"129":{"start":{"line":374,"column":4},"end":{"line":380,"column":10}},"130":{"start":{"line":376,"column":16},"end":{"line":378,"column":56}},"131":{"start":{"line":383,"column":0},"end":{"line":388,"column":1}},"132":{"start":{"line":384,"column":4},"end":{"line":386,"column":5}},"133":{"start":{"line":385,"column":8},"end":{"line":385,"column":60}},"134":{"start":{"line":387,"column":4},"end":{"line":387,"column":14}},"135":{"start":{"line":390,"column":0},"end":{"line":398,"column":1}},"136":{"start":{"line":391,"column":4},"end":{"line":397,"column":7}},"137":{"start":{"line":392,"column":8},"end":{"line":396,"column":11}},"138":{"start":{"line":394,"column":12},"end":{"line":394,"column":42}},"139":{"start":{"line":400,"column":0},"end":{"line":406,"column":1}},"140":{"start":{"line":401,"column":4},"end":{"line":405,"column":7}},"141":{"start":{"line":402,"column":8},"end":{"line":404,"column":11}},"142":{"start":{"line":403,"column":12},"end":{"line":403,"column":44}},"143":{"start":{"line":409,"column":0},"end":{"line":415,"column":1}},"144":{"start":{"line":410,"column":4},"end":{"line":414,"column":7}},"145":{"start":{"line":411,"column":8},"end":{"line":413,"column":11}},"146":{"start":{"line":412,"column":12},"end":{"line":412,"column":48}}},"branchMap":{"1":{"line":43,"type":"cond-expr","locations":[{"start":{"line":43,"column":35},"end":{"line":43,"column":47}},{"start":{"line":43,"column":50},"end":{"line":43,"column":86}}]},"2":{"line":44,"type":"cond-expr","locations":[{"start":{"line":44,"column":34},"end":{"line":44,"column":46}},{"start":{"line":44,"column":49},"end":{"line":44,"column":85}}]},"3":{"line":52,"type":"if","locations":[{"start":{"line":52,"column":4},"end":{"line":52,"column":4}},{"start":{"line":52,"column":4},"end":{"line":52,"column":4}}]},"4":{"line":62,"type":"if","locations":[{"start":{"line":62,"column":4},"end":{"line":62,"column":4}},{"start":{"line":62,"column":4},"end":{"line":62,"column":4}}]},"5":{"line":63,"type":"if","locations":[{"start":{"line":63,"column":8},"end":{"line":63,"column":8}},{"start":{"line":63,"column":8},"end":{"line":63,"column":8}}]},"6":{"line":106,"type":"if","locations":[{"start":{"line":106,"column":4},"end":{"line":106,"column":4}},{"start":{"line":106,"column":4},"end":{"line":106,"column":4}}]},"7":{"line":128,"type":"if","locations":[{"start":{"line":128,"column":4},"end":{"line":128,"column":4}},{"start":{"line":128,"column":4},"end":{"line":128,"column":4}}]},"8":{"line":186,"type":"cond-expr","locations":[{"start":{"line":186,"column":44},"end":{"line":186,"column":56}},{"start":{"line":186,"column":59},"end":{"line":186,"column":60}}]},"9":{"line":187,"type":"cond-expr","locations":[{"start":{"line":187,"column":31},"end":{"line":187,"column":43}},{"start":{"line":187,"column":46},"end":{"line":187,"column":48}}]},"10":{"line":188,"type":"if","locations":[{"start":{"line":188,"column":4},"end":{"line":188,"column":4}},{"start":{"line":188,"column":4},"end":{"line":188,"column":4}}]},"11":{"line":296,"type":"if","locations":[{"start":{"line":296,"column":4},"end":{"line":296,"column":4}},{"start":{"line":296,"column":4},"end":{"line":296,"column":4}}]},"12":{"line":328,"type":"if","locations":[{"start":{"line":328,"column":4},"end":{"line":328,"column":4}},{"start":{"line":328,"column":4},"end":{"line":328,"column":4}}]},"13":{"line":331,"type":"if","locations":[{"start":{"line":331,"column":4},"end":{"line":331,"column":4}},{"start":{"line":331,"column":4},"end":{"line":331,"column":4}}]},"14":{"line":355,"type":"if","locations":[{"start":{"line":355,"column":16},"end":{"line":355,"column":16}},{"start":{"line":355,"column":16},"end":{"line":355,"column":16}}]},"15":{"line":376,"type":"binary-expr","locations":[{"start":{"line":376,"column":23},"end":{"line":376,"column":58}},{"start":{"line":377,"column":24},"end":{"line":377,"column":63}},{"start":{"line":378,"column":24},"end":{"line":378,"column":55}}]},"16":{"line":384,"type":"if","locations":[{"start":{"line":384,"column":4},"end":{"line":384,"column":4}},{"start":{"line":384,"column":4},"end":{"line":384,"column":4}}]}}},"/Users/andrew.bruss/Documents/projects/murtaziq/testresults/chessengineresults.js":{"path":"/Users/andrew.bruss/Documents/projects/murtaziq/testresults/chessengineresults.js","s":{"1":1},"b":{},"f":{},"fnMap":{},"statementMap":{"1":{"start":{"line":1,"column":0},"end":{"line":4,"column":2}}},"branchMap":{}},"/Users/andrew.bruss/Documents/projects/murtaziq/engine/schemas/moveschema.js":{"path":"/Users/andrew.bruss/Documents/projects/murtaziq/engine/schemas/moveschema.js","s":{"1":1,"2":1,"3":1,"4":1,"5":196,"6":1,"7":630,"8":1,"9":160,"10":1,"11":366,"12":1,"13":271,"14":1,"15":271,"16":1,"17":112,"18":1,"19":192,"20":32,"21":160,"22":160},"b":{"1":[32,160]},"f":{"1":196,"2":630,"3":160,"4":366,"5":271,"6":271,"7":112,"8":192,"9":160},"fnMap":{"1":{"name":"create","line":22,"loc":{"start":{"line":22,"column":0},"end":{"line":22,"column":61}}},"2":{"name":"getVector","line":32,"loc":{"start":{"line":32,"column":0},"end":{"line":32,"column":26}}},"3":{"name":"setVector","line":36,"loc":{"start":{"line":36,"column":0},"end":{"line":36,"column":31}}},"4":{"name":"getMaxSteps","line":40,"loc":{"start":{"line":40,"column":0},"end":{"line":40,"column":28}}},"5":{"name":"canAttack","line":44,"loc":{"start":{"line":44,"column":0},"end":{"line":44,"column":26}}},"6":{"name":"canMove","line":48,"loc":{"start":{"line":48,"column":0},"end":{"line":48,"column":24}}},"7":{"name":"getCondition","line":52,"loc":{"start":{"line":52,"column":0},"end":{"line":52,"column":29}}},"8":{"name":"reflect","line":56,"loc":{"start":{"line":56,"column":0},"end":{"line":56,"column":24}}},"9":{"name":"(anonymous_9)","line":58,"loc":{"start":{"line":58,"column":29},"end":{"line":58,"column":51}}}},"statementMap":{"1":{"start":{"line":9,"column":0},"end":{"line":9,"column":37}},"2":{"start":{"line":10,"column":0},"end":{"line":10,"column":30}},"3":{"start":{"line":12,"column":0},"end":{"line":20,"column":2}},"4":{"start":{"line":22,"column":0},"end":{"line":30,"column":1}},"5":{"start":{"line":23,"column":4},"end":{"line":29,"column":6}},"6":{"start":{"line":32,"column":0},"end":{"line":34,"column":1}},"7":{"start":{"line":33,"column":4},"end":{"line":33,"column":22}},"8":{"start":{"line":36,"column":0},"end":{"line":38,"column":1}},"9":{"start":{"line":37,"column":4},"end":{"line":37,"column":80}},"10":{"start":{"line":40,"column":0},"end":{"line":42,"column":1}},"11":{"start":{"line":41,"column":4},"end":{"line":41,"column":27}},"12":{"start":{"line":44,"column":0},"end":{"line":46,"column":1}},"13":{"start":{"line":45,"column":4},"end":{"line":45,"column":28}},"14":{"start":{"line":48,"column":0},"end":{"line":50,"column":1}},"15":{"start":{"line":49,"column":4},"end":{"line":49,"column":26}},"16":{"start":{"line":52,"column":0},"end":{"line":54,"column":1}},"17":{"start":{"line":53,"column":4},"end":{"line":53,"column":28}},"18":{"start":{"line":56,"column":0},"end":{"line":65,"column":1}},"19":{"start":{"line":57,"column":4},"end":{"line":64,"column":5}},"20":{"start":{"line":58,"column":8},"end":{"line":60,"column":11}},"21":{"start":{"line":59,"column":12},"end":{"line":59,"column":41}},"22":{"start":{"line":63,"column":8},"end":{"line":63,"column":68}}},"branchMap":{"1":{"line":57,"type":"if","locations":[{"start":{"line":57,"column":4},"end":{"line":57,"column":4}},{"start":{"line":57,"column":4},"end":{"line":57,"column":4}}]}}},"/Users/andrew.bruss/Documents/projects/murtaziq/engine/schemas/kingschema.js":{"path":"/Users/andrew.bruss/Documents/projects/murtaziq/engine/schemas/kingschema.js","s":{"1":1,"2":1,"3":1},"b":{},"f":{},"fnMap":{},"statementMap":{"1":{"start":{"line":1,"column":0},"end":{"line":1,"column":40}},"2":{"start":{"line":2,"column":0},"end":{"line":2,"column":37}},"3":{"start":{"line":4,"column":0},"end":{"line":14,"column":0}}},"branchMap":{}},"/Users/andrew.bruss/Documents/projects/murtaziq/engine/schemas/queenschema.js":{"path":"/Users/andrew.bruss/Documents/projects/murtaziq/engine/schemas/queenschema.js","s":{"1":1,"2":1,"3":1},"b":{},"f":{},"fnMap":{},"statementMap":{"1":{"start":{"line":1,"column":0},"end":{"line":1,"column":40}},"2":{"start":{"line":2,"column":0},"end":{"line":2,"column":37}},"3":{"start":{"line":3,"column":0},"end":{"line":13,"column":0}}},"branchMap":{}},"/Users/andrew.bruss/Documents/projects/murtaziq/engine/schemas/bishopschema.js":{"path":"/Users/andrew.bruss/Documents/projects/murtaziq/engine/schemas/bishopschema.js","s":{"1":1,"2":1,"3":1},"b":{},"f":{},"fnMap":{},"statementMap":{"1":{"start":{"line":1,"column":0},"end":{"line":1,"column":40}},"2":{"start":{"line":2,"column":0},"end":{"line":2,"column":37}},"3":{"start":{"line":4,"column":0},"end":{"line":10,"column":0}}},"branchMap":{}},"/Users/andrew.bruss/Documents/projects/murtaziq/engine/schemas/knightschema.js":{"path":"/Users/andrew.bruss/Documents/projects/murtaziq/engine/schemas/knightschema.js","s":{"1":1,"2":1,"3":1},"b":{},"f":{},"fnMap":{},"statementMap":{"1":{"start":{"line":1,"column":0},"end":{"line":1,"column":40}},"2":{"start":{"line":2,"column":0},"end":{"line":2,"column":37}},"3":{"start":{"line":4,"column":0},"end":{"line":14,"column":0}}},"branchMap":{}},"/Users/andrew.bruss/Documents/projects/murtaziq/engine/schemas/rookschema.js":{"path":"/Users/andrew.bruss/Documents/projects/murtaziq/engine/schemas/rookschema.js","s":{"1":1,"2":1,"3":1},"b":{},"f":{},"fnMap":{},"statementMap":{"1":{"start":{"line":1,"column":0},"end":{"line":1,"column":40}},"2":{"start":{"line":2,"column":0},"end":{"line":2,"column":37}},"3":{"start":{"line":4,"column":0},"end":{"line":10,"column":0}}},"branchMap":{}},"/Users/andrew.bruss/Documents/projects/murtaziq/engine/schemas/pawnschema.js":{"path":"/Users/andrew.bruss/Documents/projects/murtaziq/engine/schemas/pawnschema.js","s":{"1":1,"2":1,"3":1,"4":1,"5":1,"6":0},"b":{"1":[1,0]},"f":{"1":1},"fnMap":{"1":{"name":"(anonymous_1)","line":9,"loc":{"start":{"line":9,"column":8},"end":{"line":9,"column":35}}}},"statementMap":{"1":{"start":{"line":1,"column":0},"end":{"line":1,"column":40}},"2":{"start":{"line":2,"column":0},"end":{"line":2,"column":37}},"3":{"start":{"line":4,"column":0},"end":{"line":17,"column":0}},"4":{"start":{"line":10,"column":12},"end":{"line":13,"column":29}},"5":{"start":{"line":11,"column":16},"end":{"line":11,"column":28}},"6":{"start":{"line":13,"column":16},"end":{"line":13,"column":29}}},"branchMap":{"1":{"line":10,"type":"if","locations":[{"start":{"line":10,"column":12},"end":{"line":10,"column":12}},{"start":{"line":10,"column":12},"end":{"line":10,"column":12}}]}}},"/Users/andrew.bruss/Documents/projects/murtaziq/engine/moves/move.js":{"path":"/Users/andrew.bruss/Documents/projects/murtaziq/engine/moves/move.js","s":{"1":1,"2":1,"3":1,"4":1,"5":42,"6":42,"7":42,"8":42,"9":42,"10":42,"11":42,"12":42,"13":42,"14":42,"15":42,"16":42,"17":42,"18":42,"19":42,"20":42,"21":42,"22":42,"23":1,"24":56,"25":1,"26":48,"27":1,"28":48,"29":1,"30":4,"31":1,"32":4,"33":1,"34":2,"35":1,"36":2,"37":2,"38":2,"39":1,"40":2,"41":2,"42":2,"43":2,"44":0,"45":2,"46":1,"47":48,"48":48,"49":1,"50":94,"51":94,"52":94,"53":1,"54":0,"55":0,"56":0,"57":0,"58":1,"59":2,"60":2,"61":2,"62":1,"63":2},"b":{"1":[0,42],"2":[0,2],"3":[0,0],"4":[0,2]},"f":{"1":42,"2":56,"3":48,"4":48,"5":4,"6":4,"7":2,"8":2,"9":2,"10":48,"11":94,"12":0,"13":2,"14":2},"fnMap":{"1":{"name":"(anonymous_1)","line":6,"loc":{"start":{"line":6,"column":17},"end":{"line":6,"column":33}}},"2":{"name":"getLoc","line":31,"loc":{"start":{"line":31,"column":0},"end":{"line":31,"column":17}}},"3":{"name":"getVec","line":35,"loc":{"start":{"line":35,"column":0},"end":{"line":35,"column":17}}},"4":{"name":"getStep","line":39,"loc":{"start":{"line":39,"column":0},"end":{"line":39,"column":18}}},"5":{"name":"getTeam","line":43,"loc":{"start":{"line":43,"column":0},"end":{"line":43,"column":19}}},"6":{"name":"getCapturedPiece","line":47,"loc":{"start":{"line":47,"column":0},"end":{"line":47,"column":27}}},"7":{"name":"getType","line":51,"loc":{"start":{"line":51,"column":0},"end":{"line":51,"column":18}}},"8":{"name":"perform","line":55,"loc":{"start":{"line":55,"column":0},"end":{"line":55,"column":23}}},"9":{"name":"undo","line":61,"loc":{"start":{"line":61,"column":0},"end":{"line":61,"column":20}}},"10":{"name":"getEndLoc","line":71,"loc":{"start":{"line":71,"column":0},"end":{"line":71,"column":20}}},"11":{"name":"setRequires","line":76,"loc":{"start":{"line":76,"column":0},"end":{"line":76,"column":22}}},"12":{"name":"toJSONObj","line":82,"loc":{"start":{"line":82,"column":0},"end":{"line":82,"column":22}}},"13":{"name":"toClientJSONObj","line":97,"loc":{"start":{"line":97,"column":0},"end":{"line":97,"column":28}}},"14":{"name":"getConfigs","line":111,"loc":{"start":{"line":111,"column":0},"end":{"line":111,"column":23}}}},"statementMap":{"1":{"start":{"line":2,"column":0},"end":{"line":2,"column":11}},"2":{"start":{"line":3,"column":0},"end":{"line":3,"column":15}},"3":{"start":{"line":4,"column":0},"end":{"line":4,"column":10}},"4":{"start":{"line":6,"column":0},"end":{"line":29,"column":2}},"5":{"start":{"line":7,"column":4},"end":{"line":7,"column":18}},"6":{"start":{"line":10,"column":4},"end":{"line":10,"column":28}},"7":{"start":{"line":11,"column":4},"end":{"line":11,"column":26}},"8":{"start":{"line":12,"column":4},"end":{"line":12,"column":26}},"9":{"start":{"line":13,"column":4},"end":{"line":13,"column":28}},"10":{"start":{"line":14,"column":4},"end":{"line":14,"column":46}},"11":{"start":{"line":15,"column":4},"end":{"line":15,"column":67}},"12":{"start":{"line":18,"column":4},"end":{"line":18,"column":25}},"13":{"start":{"line":19,"column":4},"end":{"line":19,"column":25}},"14":{"start":{"line":20,"column":4},"end":{"line":20,"column":27}},"15":{"start":{"line":21,"column":4},"end":{"line":21,"column":27}},"16":{"start":{"line":22,"column":4},"end":{"line":22,"column":27}},"17":{"start":{"line":23,"column":4},"end":{"line":23,"column":21}},"18":{"start":{"line":24,"column":4},"end":{"line":24,"column":31}},"19":{"start":{"line":25,"column":4},"end":{"line":25,"column":27}},"20":{"start":{"line":26,"column":4},"end":{"line":26,"column":45}},"21":{"start":{"line":27,"column":4},"end":{"line":27,"column":31}},"22":{"start":{"line":28,"column":4},"end":{"line":28,"column":43}},"23":{"start":{"line":31,"column":0},"end":{"line":33,"column":1}},"24":{"start":{"line":32,"column":4},"end":{"line":32,"column":20}},"25":{"start":{"line":35,"column":0},"end":{"line":37,"column":1}},"26":{"start":{"line":36,"column":4},"end":{"line":36,"column":20}},"27":{"start":{"line":39,"column":0},"end":{"line":41,"column":1}},"28":{"start":{"line":40,"column":4},"end":{"line":40,"column":21}},"29":{"start":{"line":43,"column":0},"end":{"line":45,"column":1}},"30":{"start":{"line":44,"column":4},"end":{"line":44,"column":21}},"31":{"start":{"line":47,"column":0},"end":{"line":49,"column":1}},"32":{"start":{"line":48,"column":4},"end":{"line":48,"column":30}},"33":{"start":{"line":51,"column":0},"end":{"line":53,"column":1}},"34":{"start":{"line":52,"column":4},"end":{"line":52,"column":21}},"35":{"start":{"line":55,"column":0},"end":{"line":59,"column":1}},"36":{"start":{"line":56,"column":4},"end":{"line":56,"column":18}},"37":{"start":{"line":57,"column":4},"end":{"line":57,"column":62}},"38":{"start":{"line":58,"column":4},"end":{"line":58,"column":102}},"39":{"start":{"line":61,"column":0},"end":{"line":69,"column":1}},"40":{"start":{"line":62,"column":4},"end":{"line":62,"column":18}},"41":{"start":{"line":64,"column":4},"end":{"line":64,"column":65}},"42":{"start":{"line":65,"column":4},"end":{"line":65,"column":95}},"43":{"start":{"line":66,"column":4},"end":{"line":67,"column":78}},"44":{"start":{"line":67,"column":8},"end":{"line":67,"column":78}},"45":{"start":{"line":68,"column":4},"end":{"line":68,"column":17}},"46":{"start":{"line":71,"column":0},"end":{"line":74,"column":1}},"47":{"start":{"line":72,"column":4},"end":{"line":72,"column":18}},"48":{"start":{"line":73,"column":4},"end":{"line":73,"column":82}},"49":{"start":{"line":76,"column":0},"end":{"line":80,"column":1}},"50":{"start":{"line":77,"column":4},"end":{"line":77,"column":37}},"51":{"start":{"line":78,"column":4},"end":{"line":78,"column":45}},"52":{"start":{"line":79,"column":4},"end":{"line":79,"column":35}},"53":{"start":{"line":82,"column":0},"end":{"line":95,"column":1}},"54":{"start":{"line":83,"column":4},"end":{"line":89,"column":6}},"55":{"start":{"line":91,"column":4},"end":{"line":92,"column":68}},"56":{"start":{"line":92,"column":8},"end":{"line":92,"column":68}},"57":{"start":{"line":94,"column":4},"end":{"line":94,"column":19}},"58":{"start":{"line":97,"column":0},"end":{"line":109,"column":1}},"59":{"start":{"line":98,"column":4},"end":{"line":98,"column":31}},"60":{"start":{"line":100,"column":4},"end":{"line":106,"column":10}},"61":{"start":{"line":108,"column":4},"end":{"line":108,"column":19}},"62":{"start":{"line":111,"column":0},"end":{"line":113,"column":1}},"63":{"start":{"line":112,"column":4},"end":{"line":112,"column":48}}},"branchMap":{"1":{"line":15,"type":"cond-expr","locations":[{"start":{"line":15,"column":44},"end":{"line":15,"column":55}},{"start":{"line":15,"column":58},"end":{"line":15,"column":66}}]},"2":{"line":66,"type":"if","locations":[{"start":{"line":66,"column":4},"end":{"line":66,"column":4}},{"start":{"line":66,"column":4},"end":{"line":66,"column":4}}]},"3":{"line":91,"type":"if","locations":[{"start":{"line":91,"column":4},"end":{"line":91,"column":4}},{"start":{"line":91,"column":4},"end":{"line":91,"column":4}}]},"4":{"line":105,"type":"cond-expr","locations":[{"start":{"line":105,"column":68},"end":{"line":105,"column":109}},{"start":{"line":105,"column":112},"end":{"line":105,"column":121}}]}}},"/Users/andrew.bruss/Documents/projects/murtaziq/engine/rules.js":{"path":"/Users/andrew.bruss/Documents/projects/murtaziq/engine/rules.js","s":{"1":1,"2":1,"3":1,"4":1,"5":1,"6":0,"7":0,"8":1,"9":2,"10":2,"11":2,"12":2,"13":2,"14":1,"15":2,"16":2},"b":{"1":[0,0]},"f":{"1":0,"2":2,"3":2},"fnMap":{"1":{"name":"canMove","line":23,"loc":{"start":{"line":23,"column":0},"end":{"line":23,"column":29}}},"2":{"name":"isLegalMove","line":34,"loc":{"start":{"line":34,"column":0},"end":{"line":34,"column":33}}},"3":{"name":"setRequires","line":43,"loc":{"start":{"line":43,"column":0},"end":{"line":43,"column":22}}}},"statementMap":{"1":{"start":{"line":8,"column":1},"end":{"line":8,"column":11}},"2":{"start":{"line":9,"column":0},"end":{"line":9,"column":15}},"3":{"start":{"line":10,"column":0},"end":{"line":10,"column":30}},"4":{"start":{"line":12,"column":0},"end":{"line":15,"column":2}},"5":{"start":{"line":23,"column":0},"end":{"line":26,"column":1}},"6":{"start":{"line":24,"column":4},"end":{"line":24,"column":18}},"7":{"start":{"line":25,"column":4},"end":{"line":25,"column":95}},"8":{"start":{"line":34,"column":0},"end":{"line":41,"column":1}},"9":{"start":{"line":35,"column":4},"end":{"line":35,"column":18}},"10":{"start":{"line":37,"column":4},"end":{"line":37,"column":24}},"11":{"start":{"line":38,"column":4},"end":{"line":38,"column":118}},"12":{"start":{"line":39,"column":4},"end":{"line":39,"column":21}},"13":{"start":{"line":40,"column":4},"end":{"line":40,"column":17}},"14":{"start":{"line":43,"column":0},"end":{"line":46,"column":1}},"15":{"start":{"line":44,"column":4},"end":{"line":44,"column":44}},"16":{"start":{"line":45,"column":4},"end":{"line":45,"column":34}}},"branchMap":{"1":{"line":25,"type":"binary-expr","locations":[{"start":{"line":25,"column":11},"end":{"line":25,"column":50}},{"start":{"line":25,"column":54},"end":{"line":25,"column":94}}]}}},"/Users/andrew.bruss/Documents/projects/murtaziq/engine/moves/castle.js":{"path":"/Users/andrew.bruss/Documents/projects/murtaziq/engine/moves/castle.js","s":{"1":1,"2":1,"3":1,"4":1,"5":1,"6":0,"7":0,"8":0,"9":0,"10":0,"11":0,"12":0,"13":0,"14":0,"15":0,"16":1,"17":0,"18":0,"19":0,"20":1,"21":0,"22":0,"23":0,"24":1,"25":0,"26":1,"27":0,"28":1,"29":0,"30":1,"31":0,"32":0},"b":{},"f":{"1":0,"2":0,"3":0,"4":0,"5":0,"6":0,"7":0},"fnMap":{"1":{"name":"(anonymous_1)","line":6,"loc":{"start":{"line":6,"column":17},"end":{"line":6,"column":33}}},"2":{"name":"perform","line":22,"loc":{"start":{"line":22,"column":0},"end":{"line":22,"column":23}}},"3":{"name":"undo","line":36,"loc":{"start":{"line":36,"column":0},"end":{"line":36,"column":20}}},"4":{"name":"getRoyalEndLoc","line":50,"loc":{"start":{"line":50,"column":0},"end":{"line":50,"column":25}}},"5":{"name":"getRoyalLoc","line":54,"loc":{"start":{"line":54,"column":0},"end":{"line":54,"column":22}}},"6":{"name":"getCastleEndLoc","line":58,"loc":{"start":{"line":58,"column":0},"end":{"line":58,"column":26}}},"7":{"name":"toClientJSONObj","line":62,"loc":{"start":{"line":62,"column":0},"end":{"line":62,"column":28}}}},"statementMap":{"1":{"start":{"line":1,"column":0},"end":{"line":1,"column":37}},"2":{"start":{"line":2,"column":0},"end":{"line":2,"column":36}},"3":{"start":{"line":3,"column":0},"end":{"line":3,"column":45}},"4":{"start":{"line":4,"column":0},"end":{"line":4,"column":37}},"5":{"start":{"line":6,"column":0},"end":{"line":19,"column":2}},"6":{"start":{"line":7,"column":4},"end":{"line":7,"column":34}},"7":{"start":{"line":8,"column":4},"end":{"line":8,"column":27}},"8":{"start":{"line":10,"column":4},"end":{"line":10,"column":38}},"9":{"start":{"line":11,"column":4},"end":{"line":11,"column":27}},"10":{"start":{"line":12,"column":4},"end":{"line":12,"column":21}},"11":{"start":{"line":13,"column":4},"end":{"line":13,"column":41}},"12":{"start":{"line":14,"column":4},"end":{"line":14,"column":43}},"13":{"start":{"line":15,"column":4},"end":{"line":15,"column":43}},"14":{"start":{"line":16,"column":4},"end":{"line":16,"column":35}},"15":{"start":{"line":17,"column":4},"end":{"line":17,"column":41}},"16":{"start":{"line":22,"column":0},"end":{"line":34,"column":1}},"17":{"start":{"line":23,"column":4},"end":{"line":23,"column":64}},"18":{"start":{"line":24,"column":4},"end":{"line":24,"column":61}},"19":{"start":{"line":25,"column":4},"end":{"line":33,"column":6}},"20":{"start":{"line":36,"column":0},"end":{"line":48,"column":1}},"21":{"start":{"line":37,"column":4},"end":{"line":37,"column":69}},"22":{"start":{"line":38,"column":4},"end":{"line":38,"column":70}},"23":{"start":{"line":39,"column":4},"end":{"line":47,"column":6}},"24":{"start":{"line":50,"column":0},"end":{"line":52,"column":1}},"25":{"start":{"line":51,"column":4},"end":{"line":51,"column":84}},"26":{"start":{"line":54,"column":0},"end":{"line":56,"column":1}},"27":{"start":{"line":55,"column":4},"end":{"line":55,"column":84}},"28":{"start":{"line":58,"column":0},"end":{"line":60,"column":1}},"29":{"start":{"line":59,"column":4},"end":{"line":59,"column":84}},"30":{"start":{"line":62,"column":0},"end":{"line":80,"column":1}},"31":{"start":{"line":63,"column":4},"end":{"line":77,"column":6}},"32":{"start":{"line":79,"column":4},"end":{"line":79,"column":19}}},"branchMap":{}}}