TN:
SF:/Users/andrew.bruss/Documents/projects/murtaziq/app.js
FNF:0
FNH:0
DA:2,1
LF:1
LH:1
BRF:0
BRH:0
end_of_record
TN:
SF:/Users/andrew.bruss/Documents/projects/murtaziq/config/404.js
FN:10,pageNotFound
FN:24,(anonymous_2)
FNF:2
FNH:0
FNDA:0,pageNotFound
FNDA:0,(anonymous_2)
DA:10,1
DA:12,0
DA:13,0
DA:18,0
DA:19,0
DA:23,0
DA:24,0
DA:25,0
DA:26,0
DA:28,0
LF:10
LH:1
BRDA:18,1,0,0
BRDA:18,1,1,0
BRDA:25,2,0,0
BRDA:25,2,1,0
BRF:4
BRH:0
end_of_record
TN:
SF:/Users/andrew.bruss/Documents/projects/murtaziq/config/500.js
FN:10,serverErrorOccurred
FN:55,(anonymous_2)
FNF:2
FNH:0
FNDA:0,serverErrorOccurred
FNDA:0,(anonymous_2)
DA:10,1
DA:12,0
DA:15,0
DA:18,0
DA:23,0
DA:24,0
DA:27,0
DA:28,0
DA:31,0
DA:37,0
DA:41,0
DA:42,0
DA:47,0
DA:48,0
DA:54,0
DA:55,0
DA:56,0
DA:57,0
DA:59,0
LF:19
LH:1
BRDA:15,1,0,0
BRDA:15,1,1,0
BRDA:15,2,0,0
BRDA:15,2,1,0
BRDA:27,3,0,0
BRDA:27,3,1,0
BRDA:41,4,0,0
BRDA:41,4,1,0
BRDA:47,5,0,0
BRDA:47,5,1,0
BRDA:56,6,0,0
BRDA:56,6,1,0
BRF:12
BRH:0
end_of_record
TN:
SF:/Users/andrew.bruss/Documents/projects/murtaziq/config/bootstrap.js
FN:11,(anonymous_1)
FNF:1
FNH:1
FNDA:1,(anonymous_1)
DA:11,1
DA:15,1
LF:2
LH:2
BRF:0
BRH:0
end_of_record
TN:
SF:/Users/andrew.bruss/Documents/projects/murtaziq/config/controllers.js
FNF:0
FNH:0
DA:16,1
LF:1
LH:1
BRF:0
BRH:0
end_of_record
TN:
SF:/Users/andrew.bruss/Documents/projects/murtaziq/config/csrf.js
FNF:0
FNH:0
DA:40,1
LF:1
LH:1
BRF:0
BRH:0
end_of_record
TN:
SF:/Users/andrew.bruss/Documents/projects/murtaziq/config/i18n.js
FNF:0
FNH:0
DA:1,1
LF:1
LH:1
BRF:0
BRH:0
end_of_record
TN:
SF:/Users/andrew.bruss/Documents/projects/murtaziq/config/log.js
FNF:0
FNH:0
DA:12,1
LF:1
LH:1
BRF:0
BRH:0
end_of_record
TN:
SF:/Users/andrew.bruss/Documents/projects/murtaziq/config/policies.js
FNF:0
FNH:0
DA:13,1
LF:1
LH:1
BRF:0
BRH:0
end_of_record
TN:
SF:/Users/andrew.bruss/Documents/projects/murtaziq/config/routes.js
FNF:0
FNH:0
DA:29,1
LF:1
LH:1
BRF:0
BRH:0
end_of_record
TN:
SF:/Users/andrew.bruss/Documents/projects/murtaziq/config/session.js
FNF:0
FNH:0
DA:13,1
LF:1
LH:1
BRF:0
BRH:0
end_of_record
TN:
SF:/Users/andrew.bruss/Documents/projects/murtaziq/config/sockets.js
FNF:0
FNH:0
DA:11,1
LF:1
LH:1
BRF:0
BRH:0
end_of_record
TN:
SF:/Users/andrew.bruss/Documents/projects/murtaziq/config/views.js
FNF:0
FNH:0
DA:14,1
LF:1
LH:1
BRF:0
BRH:0
end_of_record
TN:
SF:/Users/andrew.bruss/Documents/projects/murtaziq/api/models/Match.js
FN:43,(anonymous_1)
FN:55,(anonymous_2)
FN:59,(anonymous_3)
FN:67,(anonymous_4)
FNF:4
FNH:0
FNDA:0,(anonymous_1)
FNDA:0,(anonymous_2)
FNDA:0,(anonymous_3)
FNDA:0,(anonymous_4)
DA:8,1
DA:9,1
DA:10,1
DA:44,0
DA:56,0
DA:60,0
DA:61,0
DA:62,0
DA:68,0
DA:69,0
DA:71,0
LF:11
LH:3
BRDA:68,1,0,0
BRDA:68,1,1,0
BRF:2
BRH:0
end_of_record
TN:
SF:/Users/andrew.bruss/Documents/projects/murtaziq/engine/match.js
FN:38,create
FN:51,getTurn
FN:60,getHistory
FN:69,addMove
FN:78,removeMove
FN:82,setSide
FN:91,setTurn
FN:100,getBoard
FN:111,getMoves
FN:121,(anonymous_10)
FN:131,printBoard
FN:143,getPiece
FN:154,move
FN:167,(anonymous_14)
FN:192,getTeam
FN:203,switchTurn
FN:215,getConfigs
FN:224,canMoveFilter
FN:226,(anonymous_19)
FN:236,legalMovesFilter
FN:238,(anonymous_21)
FN:249,toJSONObj
FN:254,(anonymous_23)
FN:269,toClientJSONObj
FN:273,(anonymous_25)
FN:286,loadJSONObj
FN:293,(anonymous_27)
FN:310,makeResponse
FN:317,getAllPieces
FN:319,(anonymous_30)
FN:326,getMaxTeamValue
FNF:31
FNH:0
FNDA:0,create
FNDA:0,getTurn
FNDA:0,getHistory
FNDA:0,addMove
FNDA:0,removeMove
FNDA:0,setSide
FNDA:0,setTurn
FNDA:0,getBoard
FNDA:0,getMoves
FNDA:0,(anonymous_10)
FNDA:0,printBoard
FNDA:0,getPiece
FNDA:0,move
FNDA:0,(anonymous_14)
FNDA:0,getTeam
FNDA:0,switchTurn
FNDA:0,getConfigs
FNDA:0,canMoveFilter
FNDA:0,(anonymous_19)
FNDA:0,legalMovesFilter
FNDA:0,(anonymous_21)
FNDA:0,toJSONObj
FNDA:0,(anonymous_23)
FNDA:0,toClientJSONObj
FNDA:0,(anonymous_25)
FNDA:0,loadJSONObj
FNDA:0,(anonymous_27)
FNDA:0,makeResponse
FNDA:0,getAllPieces
FNDA:0,(anonymous_30)
FNDA:0,getMaxTeamValue
DA:8,1
DA:9,1
DA:10,1
DA:11,1
DA:12,1
DA:14,1
DA:38,1
DA:39,0
DA:51,1
DA:52,0
DA:60,1
DA:61,0
DA:69,1
DA:70,0
DA:78,1
DA:79,0
DA:82,1
DA:83,0
DA:91,1
DA:92,0
DA:100,1
DA:101,0
DA:111,1
DA:112,0
DA:113,0
DA:118,0
DA:119,0
DA:121,0
DA:122,0
DA:131,1
DA:132,0
DA:133,0
DA:134,0
DA:143,1
DA:144,0
DA:154,1
DA:155,0
DA:156,0
DA:157,0
DA:158,0
DA:159,0
DA:163,0
DA:165,0
DA:168,0
DA:171,0
DA:172,0
DA:173,0
DA:174,0
DA:175,0
DA:177,0
DA:181,0
DA:182,0
DA:186,0
DA:187,0
DA:189,0
DA:192,1
DA:193,0
DA:194,0
DA:195,0
DA:196,0
DA:203,1
DA:204,0
DA:205,0
DA:207,0
DA:215,1
DA:216,0
DA:224,1
DA:225,0
DA:226,0
DA:227,0
DA:236,1
DA:237,0
DA:238,0
DA:239,0
DA:249,1
DA:250,0
DA:255,0
DA:259,0
DA:269,1
DA:270,0
DA:274,0
DA:278,0
DA:286,1
DA:288,0
DA:290,0
DA:294,0
DA:296,0
DA:301,0
DA:310,1
DA:311,0
DA:317,1
DA:318,0
DA:319,0
DA:320,0
DA:321,0
DA:322,0
DA:326,1
DA:327,0
LF:98
LH:29
BRDA:112,1,0,0
BRDA:112,1,1,0
BRDA:118,2,0,0
BRDA:118,2,1,0
BRDA:158,3,0,0
BRDA:158,3,1,0
BRDA:163,4,0,0
BRDA:163,4,1,0
BRDA:171,5,0,0
BRDA:171,5,1,0
BRDA:171,6,0,0
BRDA:171,6,1,0
BRDA:194,7,0,0
BRDA:194,7,1,0
BRDA:204,8,0,0
BRDA:204,8,1,0
BRF:16
BRH:0
end_of_record
TN:
SF:/Users/andrew.bruss/Documents/projects/murtaziq/engine/master.js
FN:28,getConfigs
FN:32,getPieces
FN:36,getPieceConfigs
FN:40,getSchema
FN:44,getMove
FN:51,loadPieces
FN:57,(anonymous_7)
FNF:7
FNH:2
FNDA:0,getConfigs
FNDA:0,getPieces
FNDA:0,getPieceConfigs
FNDA:0,getSchema
FNDA:0,getMove
FNDA:1,loadPieces
FNDA:6,(anonymous_7)
DA:2,1
DA:3,1
DA:4,1
DA:5,1
DA:6,1
DA:7,1
DA:8,1
DA:9,1
DA:11,1
DA:12,1
DA:13,1
DA:14,1
DA:16,1
DA:18,1
DA:28,1
DA:29,0
DA:32,1
DA:33,0
DA:36,1
DA:37,0
DA:40,1
DA:41,0
DA:44,1
DA:45,0
DA:51,1
DA:52,1
DA:53,1
DA:55,1
DA:57,1
DA:58,6
DA:60,6
DA:62,6
DA:64,6
DA:67,6
DA:68,6
LF:35
LH:30
BRDA:60,1,0,6
BRDA:60,1,1,0
BRDA:64,2,0,1
BRDA:64,2,1,5
BRF:4
BRH:3
end_of_record
TN:
SF:/Users/andrew.bruss/Documents/projects/murtaziq/engine/utils.js
FN:11,existy
FN:13,truthy
FN:15,fail
FN:19,warn
FN:23,note
FN:27,arrPush
FN:32,appendPath
FNF:7
FNH:1
FNDA:0,existy
FNDA:0,truthy
FNDA:0,fail
FNDA:0,warn
FNDA:0,note
FNDA:0,arrPush
FNDA:19,appendPath
DA:1,1
DA:11,1
DA:13,1
DA:15,1
DA:16,0
DA:19,1
DA:20,0
DA:23,1
DA:24,0
DA:27,1
DA:28,0
DA:29,0
DA:32,1
DA:33,19
LF:14
LH:9
BRDA:13,1,0,0
BRDA:13,1,1,0
BRF:2
BRH:0
end_of_record
TN:
SF:/Users/andrew.bruss/Documents/projects/murtaziq/engine/config/config.0.0.0.js
FNF:0
FNH:0
DA:1,1
LF:1
LH:1
BRF:0
BRH:0
end_of_record
TN:
SF:/Users/andrew.bruss/Documents/projects/murtaziq/engine/config/pieces/bishopconfig.js
FNF:0
FNH:0
DA:1,1
LF:1
LH:1
BRF:0
BRH:0
end_of_record
TN:
SF:/Users/andrew.bruss/Documents/projects/murtaziq/engine/pieces/piece.js
FN:21,(anonymous_1)
FN:32,constructorGenerator
FN:34,(anonymous_3)
FN:77,getName
FN:81,getAbbr
FN:85,getTeam
FN:89,getValue
FN:93,getSchemas
FN:97,setSchemas
FN:101,(anonymous_10)
FN:111,getSchemaFiles
FN:115,getMoveCount
FN:119,isRoyal
FN:123,incrMoveCount
FN:127,decrMoveCount
FN:131,setMoveCount
FN:135,getMoves
FN:139,leaperMoves
FN:150,schemaIterate
FN:154,(anonymous_20)
FN:155,(anonymous_21)
FN:163,schemaEval
FN:200,canMove
FN:230,toJSONObj
FN:242,loadJSONObj
FN:247,toClientJSONObj
FNF:26
FNH:2
FNDA:6,(anonymous_1)
FNDA:6,constructorGenerator
FNDA:0,(anonymous_3)
FNDA:0,getName
FNDA:0,getAbbr
FNDA:0,getTeam
FNDA:0,getValue
FNDA:0,getSchemas
FNDA:0,setSchemas
FNDA:0,(anonymous_10)
FNDA:0,getSchemaFiles
FNDA:0,getMoveCount
FNDA:0,isRoyal
FNDA:0,incrMoveCount
FNDA:0,decrMoveCount
FNDA:0,setMoveCount
FNDA:0,getMoves
FNDA:0,leaperMoves
FNDA:0,schemaIterate
FNDA:0,(anonymous_20)
FNDA:0,(anonymous_21)
FNDA:0,schemaEval
FNDA:0,canMove
FNDA:0,toJSONObj
FNDA:0,loadJSONObj
FNDA:0,toClientJSONObj
DA:8,1
DA:9,1
DA:10,1
DA:11,1
DA:12,1
DA:13,1
DA:16,1
DA:17,1
DA:20,1
DA:22,6
DA:32,1
DA:34,6
DA:35,0
DA:37,0
DA:39,0
DA:41,0
DA:42,0
DA:45,0
DA:46,0
DA:47,0
DA:48,0
DA:49,0
DA:50,0
DA:51,0
DA:52,0
DA:53,0
DA:55,0
DA:56,0
DA:57,0
DA:58,0
DA:59,0
DA:60,0
DA:61,0
DA:62,0
DA:63,0
DA:64,0
DA:65,0
DA:66,0
DA:67,0
DA:68,0
DA:69,0
DA:70,0
DA:72,0
DA:77,1
DA:78,0
DA:81,1
DA:82,0
DA:85,1
DA:86,0
DA:89,1
DA:90,0
DA:93,1
DA:94,0
DA:97,1
DA:98,0
DA:100,0
DA:101,0
DA:102,0
DA:104,0
DA:105,0
DA:107,0
DA:111,1
DA:112,0
DA:115,1
DA:116,0
DA:119,1
DA:120,0
DA:123,1
DA:124,0
DA:127,1
DA:128,0
DA:131,1
DA:132,0
DA:135,1
DA:136,0
DA:139,1
DA:140,0
DA:141,0
DA:143,0
DA:150,1
DA:151,0
DA:152,0
DA:155,0
DA:156,0
DA:158,0
DA:163,1
DA:164,0
DA:165,0
DA:167,0
DA:168,0
DA:170,0
DA:180,0
DA:183,0
DA:200,1
DA:201,0
DA:202,0
DA:203,0
DA:206,0
DA:217,0
DA:220,0
DA:221,0
DA:225,0
DA:230,1
DA:231,0
DA:242,1
DA:243,0
DA:244,0
DA:247,1
DA:248,0
LF:109
LH:32
BRDA:51,1,0,0
BRDA:51,1,1,0
BRDA:104,2,0,0
BRDA:104,2,1,0
BRDA:140,3,0,0
BRDA:140,3,1,0
BRDA:167,4,0,0
BRDA:167,4,1,0
BRDA:168,5,0,0
BRDA:168,5,1,0
BRDA:170,6,0,0
BRDA:170,6,1,0
BRDA:170,7,0,0
BRDA:170,7,1,0
BRDA:170,7,2,0
BRDA:206,8,0,0
BRDA:206,8,1,0
BRDA:206,9,0,0
BRDA:206,9,1,0
BRDA:206,9,2,0
BRDA:206,9,3,0
BRDA:206,9,4,0
BRDA:206,9,5,0
BRDA:220,10,0,0
BRDA:220,10,1,0
BRDA:225,11,0,0
BRDA:225,11,1,0
BRF:27
BRH:0
end_of_record
TN:
SF:/Users/andrew.bruss/Documents/projects/murtaziq/engine/vector.js
FN:29,create
FN:39,add
FN:46,subtract
FN:51,negate
FN:58,getX
FN:62,getY
FN:66,scale
FN:73,isBounded
FN:80,isInside
FN:84,isOutside
FN:88,isEqual
FN:92,toString
FN:96,reflect
FNF:13
FNH:0
FNDA:0,create
FNDA:0,add
FNDA:0,subtract
FNDA:0,negate
FNDA:0,getX
FNDA:0,getY
FNDA:0,scale
FNDA:0,isBounded
FNDA:0,isInside
FNDA:0,isOutside
FNDA:0,isEqual
FNDA:0,toString
FNDA:0,reflect
DA:10,1
DA:11,1
DA:13,1
DA:29,1
DA:30,0
DA:31,0
DA:36,0
DA:39,1
DA:40,0
DA:46,1
DA:47,0
DA:48,0
DA:51,1
DA:52,0
DA:58,1
DA:59,0
DA:62,1
DA:63,0
DA:66,1
DA:67,0
DA:73,1
DA:74,0
DA:75,0
DA:77,0
DA:80,1
DA:81,0
DA:84,1
DA:85,0
DA:88,1
DA:89,0
DA:92,1
DA:93,0
DA:96,1
DA:97,0
LF:34
LH:16
BRDA:30,1,0,0
BRDA:30,1,1,0
BRDA:30,2,0,0
BRDA:30,2,1,0
BRDA:74,3,0,0
BRDA:74,3,1,0
BRDA:74,4,0,0
BRDA:74,4,1,0
BRDA:81,5,0,0
BRDA:81,5,1,0
BRDA:85,6,0,0
BRDA:85,6,1,0
BRDA:89,7,0,0
BRDA:89,7,1,0
BRF:14
BRH:0
end_of_record
TN:
SF:/Users/andrew.bruss/Documents/projects/murtaziq/engine/space.js
FN:16,create
FN:22,getLoc
FN:26,getPiece
FN:30,setPiece
FN:36,removePiece
FN:42,isEqual
FN:46,toJSONObj
FN:57,loadJSONObj
FN:68,toClientJSONObj
FNF:9
FNH:0
FNDA:0,create
FNDA:0,getLoc
FNDA:0,getPiece
FNDA:0,setPiece
FNDA:0,removePiece
FNDA:0,isEqual
FNDA:0,toJSONObj
FNDA:0,loadJSONObj
FNDA:0,toClientJSONObj
DA:1,1
DA:2,1
DA:4,1
DA:16,1
DA:17,0
DA:22,1
DA:23,0
DA:26,1
DA:27,0
DA:30,1
DA:31,0
DA:33,0
DA:36,1
DA:37,0
DA:38,0
DA:39,0
DA:42,1
DA:43,0
DA:46,1
DA:47,0
DA:51,0
DA:52,0
DA:54,0
DA:57,1
DA:58,0
DA:61,0
DA:62,0
DA:64,0
DA:68,1
DA:69,0
DA:71,0
DA:72,0
DA:74,0
LF:33
LH:12
BRDA:51,1,0,0
BRDA:51,1,1,0
BRDA:61,2,0,0
BRDA:61,2,1,0
BRDA:71,3,0,0
BRDA:71,3,1,0
BRF:6
BRH:0
end_of_record
TN:
SF:/Users/andrew.bruss/Documents/projects/murtaziq/engine/pieces.js
FN:24,getConstructor
FN:29,loadPiece
FN:34,getValue
FNF:3
FNH:0
FNDA:0,getConstructor
FNDA:0,loadPiece
FNDA:0,getValue
DA:8,1
DA:9,1
DA:10,1
DA:11,1
DA:13,1
DA:24,1
DA:25,0
DA:26,0
DA:29,1
DA:30,0
DA:31,0
DA:34,1
DA:35,0
DA:36,0
LF:14
LH:8
BRF:0
BRH:0
end_of_record
TN:
SF:/Users/andrew.bruss/Documents/projects/murtaziq/engine/config/pieces/kingconfig.js
FNF:0
FNH:0
DA:1,1
LF:1
LH:1
BRF:0
BRH:0
end_of_record
TN:
SF:/Users/andrew.bruss/Documents/projects/murtaziq/engine/config/pieces/knightconfig.js
FNF:0
FNH:0
DA:1,1
LF:1
LH:1
BRF:0
BRH:0
end_of_record
TN:
SF:/Users/andrew.bruss/Documents/projects/murtaziq/engine/config/pieces/pawnconfig.js
FNF:0
FNH:0
DA:1,1
LF:1
LH:1
BRF:0
BRH:0
end_of_record
TN:
SF:/Users/andrew.bruss/Documents/projects/murtaziq/engine/config/pieces/queenconfig.js
FNF:0
FNH:0
DA:1,1
LF:1
LH:1
BRF:0
BRH:0
end_of_record
TN:
SF:/Users/andrew.bruss/Documents/projects/murtaziq/engine/config/pieces/rookconfig.js
FNF:0
FNH:0
DA:1,1
LF:1
LH:1
BRF:0
BRH:0
end_of_record
TN:
SF:/Users/andrew.bruss/Documents/projects/murtaziq/engine/pieces/rook.js
FN:11,(anonymous_1)
FN:13,(anonymous_2)
FN:24,getMoves
FN:45,adjacentMoveFilter
FN:46,(anonymous_5)
FNF:5
FNH:1
FNDA:1,(anonymous_1)
FNDA:0,(anonymous_2)
FNDA:0,getMoves
FNDA:0,adjacentMoveFilter
FNDA:0,(anonymous_5)
DA:1,1
DA:2,1
DA:3,1
DA:4,1
DA:5,1
DA:6,1
DA:8,1
DA:10,1
DA:12,1
DA:13,1
DA:14,0
DA:15,0
DA:16,0
DA:24,1
DA:25,0
DA:27,0
DA:28,0
DA:29,0
DA:30,0
DA:32,0
DA:33,0
DA:42,0
DA:45,1
DA:46,0
DA:47,0
LF:25
LH:12
BRDA:29,1,0,0
BRDA:29,1,1,0
BRDA:29,2,0,0
BRDA:29,2,1,0
BRDA:32,3,0,0
BRDA:32,3,1,0
BRDA:47,4,0,0
BRDA:47,4,1,0
BRF:8
BRH:0
end_of_record
TN:
SF:/Users/andrew.bruss/Documents/projects/murtaziq/engine/chessboard.js
FN:41,create
FN:51,getMaster
FN:57,setSide
FN:82,validateSideValue
FN:86,getSideValue
FN:105,getSpace
FN:118,isOnBoard
FN:127,getSize
FN:140,getPiece
FN:151,setPiece
FN:162,removePiece
FN:170,getSide
FN:185,newBoard
FN:191,(anonymous_14)
FN:201,setLightSide
FN:212,setDarkSide
FN:223,setPawns
FN:240,setRooks
FN:251,setKnights
FN:262,setBishops
FN:273,setQueen
FN:283,setRoyal
FN:294,createPiecesAt
FN:305,createPieceGen
FN:306,(anonymous_25)
FN:311,print
FN:316,printRow
FN:317,(anonymous_28)
FN:318,(anonymous_29)
FN:325,spaceString
FN:337,getHighlight
FN:338,(anonymous_32)
FN:342,(anonymous_33)
FN:351,getEnemySpaces
FN:354,(anonymous_35)
FN:361,getThreateningPieces
FN:363,(anonymous_37)
FN:365,(anonymous_38)
FN:373,getRoyalSpace
FN:375,(anonymous_40)
FN:383,getMoves
FN:390,toJSONObj
FN:391,(anonymous_43)
FN:392,(anonymous_44)
FN:400,loadJSONObj
FN:401,(anonymous_46)
FN:402,(anonymous_47)
FN:409,toClientJSONObj
FN:410,(anonymous_49)
FN:411,(anonymous_50)
FNF:50
FNH:0
FNDA:0,create
FNDA:0,getMaster
FNDA:0,setSide
FNDA:0,validateSideValue
FNDA:0,getSideValue
FNDA:0,getSpace
FNDA:0,isOnBoard
FNDA:0,getSize
FNDA:0,getPiece
FNDA:0,setPiece
FNDA:0,removePiece
FNDA:0,getSide
FNDA:0,newBoard
FNDA:0,(anonymous_14)
FNDA:0,setLightSide
FNDA:0,setDarkSide
FNDA:0,setPawns
FNDA:0,setRooks
FNDA:0,setKnights
FNDA:0,setBishops
FNDA:0,setQueen
FNDA:0,setRoyal
FNDA:0,createPiecesAt
FNDA:0,createPieceGen
FNDA:0,(anonymous_25)
FNDA:0,print
FNDA:0,printRow
FNDA:0,(anonymous_28)
FNDA:0,(anonymous_29)
FNDA:0,spaceString
FNDA:0,getHighlight
FNDA:0,(anonymous_32)
FNDA:0,(anonymous_33)
FNDA:0,getEnemySpaces
FNDA:0,(anonymous_35)
FNDA:0,getThreateningPieces
FNDA:0,(anonymous_37)
FNDA:0,(anonymous_38)
FNDA:0,getRoyalSpace
FNDA:0,(anonymous_40)
FNDA:0,getMoves
FNDA:0,toJSONObj
FNDA:0,(anonymous_43)
FNDA:0,(anonymous_44)
FNDA:0,loadJSONObj
FNDA:0,(anonymous_46)
FNDA:0,(anonymous_47)
FNDA:0,toClientJSONObj
FNDA:0,(anonymous_49)
FNDA:0,(anonymous_50)
DA:8,1
DA:9,1
DA:10,1
DA:11,1
DA:12,1
DA:13,1
DA:15,1
DA:41,1
DA:42,0
DA:43,0
DA:44,0
DA:45,0
DA:46,0
DA:47,0
DA:48,0
DA:51,1
DA:52,0
DA:53,0
DA:54,0
DA:57,1
DA:58,0
DA:59,0
DA:61,0
DA:62,0
DA:63,0
DA:64,0
DA:66,0
DA:67,0
DA:70,0
DA:71,0
DA:74,0
DA:82,1
DA:83,0
DA:86,1
DA:87,0
DA:89,0
DA:90,0
DA:91,0
DA:92,0
DA:93,0
DA:94,0
DA:96,0
DA:105,1
DA:106,0
DA:107,0
DA:109,0
DA:118,1
DA:119,0
DA:127,1
DA:128,0
DA:129,0
DA:131,0
DA:140,1
DA:141,0
DA:151,1
DA:152,0
DA:153,0
DA:162,1
DA:163,0
DA:170,1
DA:171,0
DA:185,1
DA:186,0
DA:187,0
DA:188,0
DA:189,0
DA:192,0
DA:195,0
DA:198,0
DA:201,1
DA:202,0
DA:203,0
DA:204,0
DA:212,1
DA:213,0
DA:214,0
DA:215,0
DA:223,1
DA:224,0
DA:240,1
DA:241,0
DA:251,1
DA:252,0
DA:262,1
DA:263,0
DA:273,1
DA:274,0
DA:283,1
DA:284,0
DA:294,1
DA:295,0
DA:296,0
DA:297,0
DA:298,0
DA:302,0
DA:305,1
DA:306,0
DA:307,0
DA:311,1
DA:312,0
DA:313,0
DA:316,1
DA:317,0
DA:318,0
DA:319,0
DA:321,0
DA:325,1
DA:326,0
DA:327,0
DA:328,0
DA:329,0
DA:331,0
DA:332,0
DA:334,0
DA:337,1
DA:338,0
DA:339,0
DA:343,0
DA:351,1
DA:352,0
DA:353,0
DA:355,0
DA:356,0
DA:361,1
DA:362,0
DA:364,0
DA:366,0
DA:373,1
DA:374,0
DA:376,0
DA:383,1
DA:384,0
DA:385,0
DA:387,0
DA:390,1
DA:391,0
DA:392,0
DA:394,0
DA:400,1
DA:401,0
DA:402,0
DA:403,0
DA:409,1
DA:410,0
DA:411,0
DA:412,0
LF:146
LH:41
BRDA:43,1,0,0
BRDA:43,1,1,0
BRDA:44,2,0,0
BRDA:44,2,1,0
BRDA:52,3,0,0
BRDA:52,3,1,0
BRDA:62,4,0,0
BRDA:62,4,1,0
BRDA:63,5,0,0
BRDA:63,5,1,0
BRDA:106,6,0,0
BRDA:106,6,1,0
BRDA:128,7,0,0
BRDA:128,7,1,0
BRDA:186,8,0,0
BRDA:186,8,1,0
BRDA:187,9,0,0
BRDA:187,9,1,0
BRDA:188,10,0,0
BRDA:188,10,1,0
BRDA:296,11,0,0
BRDA:296,11,1,0
BRDA:328,12,0,0
BRDA:328,12,1,0
BRDA:331,13,0,0
BRDA:331,13,1,0
BRDA:355,14,0,0
BRDA:355,14,1,0
BRDA:376,15,0,0
BRDA:376,15,1,0
BRDA:376,15,2,0
BRDA:384,16,0,0
BRDA:384,16,1,0
BRF:33
BRH:0
end_of_record
TN:
SF:/Users/andrew.bruss/Documents/projects/murtaziq/api/models/User.js
FN:37,(anonymous_1)
FN:44,(anonymous_2)
FN:49,(anonymous_3)
FNF:3
FNH:0
FNDA:0,(anonymous_1)
FNDA:0,(anonymous_2)
FNDA:0,(anonymous_3)
DA:9,1
DA:10,1
DA:12,1
DA:38,0
DA:39,0
DA:40,0
DA:45,0
DA:46,0
DA:50,0
DA:51,0
DA:53,0
DA:54,0
DA:56,0
DA:57,0
DA:58,0
LF:15
LH:3
BRDA:50,1,0,0
BRDA:50,1,1,0
BRDA:53,2,0,0
BRDA:53,2,1,0
BRDA:56,3,0,0
BRDA:56,3,1,0
BRF:6
BRH:0
end_of_record
TN:
SF:/Users/andrew.bruss/Documents/projects/murtaziq/api/helpers/user-helper.js
FN:13,(anonymous_1)
FN:18,(anonymous_2)
FN:34,(anonymous_3)
FN:37,(anonymous_4)
FN:54,(anonymous_5)
FN:58,(anonymous_6)
FN:62,(anonymous_7)
FN:66,(anonymous_8)
FN:70,(anonymous_9)
FN:78,(anonymous_10)
FN:84,(anonymous_11)
FN:94,(anonymous_12)
FN:98,(anonymous_13)
FN:103,(anonymous_14)
FNF:14
FNH:0
FNDA:0,(anonymous_1)
FNDA:0,(anonymous_2)
FNDA:0,(anonymous_3)
FNDA:0,(anonymous_4)
FNDA:0,(anonymous_5)
FNDA:0,(anonymous_6)
FNDA:0,(anonymous_7)
FNDA:0,(anonymous_8)
FNDA:0,(anonymous_9)
FNDA:0,(anonymous_10)
FNDA:0,(anonymous_11)
FNDA:0,(anonymous_12)
FNDA:0,(anonymous_13)
FNDA:0,(anonymous_14)
DA:7,1
DA:8,1
DA:9,1
DA:14,0
DA:20,0
DA:21,0
DA:22,0
DA:23,0
DA:26,0
DA:35,0
DA:38,0
DA:39,0
DA:41,0
DA:42,0
DA:43,0
DA:45,0
DA:48,0
DA:55,0
DA:59,0
DA:63,0
DA:67,0
DA:71,0
DA:73,0
DA:79,0
DA:80,0
DA:85,0
DA:87,0
DA:91,0
DA:95,0
DA:99,0
DA:100,0
DA:104,0
DA:106,0
DA:107,0
DA:109,0
DA:110,0
DA:112,0
DA:113,0
DA:115,0
DA:122,1
LF:40
LH:4
BRDA:20,1,0,0
BRDA:20,1,1,0
BRDA:22,2,0,0
BRDA:22,2,1,0
BRDA:38,3,0,0
BRDA:38,3,1,0
BRDA:41,4,0,0
BRDA:41,4,1,0
BRDA:42,5,0,0
BRDA:42,5,1,0
BRDA:104,6,0,0
BRDA:104,6,1,0
BRDA:104,6,2,0
BRDA:104,6,3,0
BRF:14
BRH:0
end_of_record
TN:
SF:/Users/andrew.bruss/Documents/projects/murtaziq/api/controllers/MatchController.js
FN:16,(anonymous_1)
FN:19,(anonymous_2)
FN:24,(anonymous_3)
FN:28,(anonymous_4)
FN:39,(anonymous_5)
FN:43,(anonymous_6)
FN:51,(anonymous_7)
FN:55,(anonymous_8)
FN:65,(anonymous_9)
FN:69,(anonymous_10)
FN:77,(anonymous_11)
FN:81,(anonymous_12)
FN:86,(anonymous_13)
FN:90,(anonymous_14)
FN:97,(anonymous_15)
FN:104,(anonymous_16)
FN:111,(anonymous_17)
FN:115,(anonymous_18)
FN:119,(anonymous_19)
FN:123,(anonymous_20)
FN:130,(anonymous_21)
FN:134,(anonymous_22)
FNF:22
FNH:0
FNDA:0,(anonymous_1)
FNDA:0,(anonymous_2)
FNDA:0,(anonymous_3)
FNDA:0,(anonymous_4)
FNDA:0,(anonymous_5)
FNDA:0,(anonymous_6)
FNDA:0,(anonymous_7)
FNDA:0,(anonymous_8)
FNDA:0,(anonymous_9)
FNDA:0,(anonymous_10)
FNDA:0,(anonymous_11)
FNDA:0,(anonymous_12)
FNDA:0,(anonymous_13)
FNDA:0,(anonymous_14)
FNDA:0,(anonymous_15)
FNDA:0,(anonymous_16)
FNDA:0,(anonymous_17)
FNDA:0,(anonymous_18)
FNDA:0,(anonymous_19)
FNDA:0,(anonymous_20)
FNDA:0,(anonymous_21)
FNDA:0,(anonymous_22)
DA:8,1
DA:10,1
DA:17,0
DA:19,0
DA:20,0
DA:25,0
DA:26,0
DA:28,0
DA:30,0
DA:31,0
DA:32,0
DA:35,0
DA:40,0
DA:41,0
DA:43,0
DA:44,0
DA:45,0
DA:47,0
DA:52,0
DA:53,0
DA:55,0
DA:56,0
DA:57,0
DA:58,0
DA:61,0
DA:66,0
DA:67,0
DA:69,0
DA:70,0
DA:71,0
DA:73,0
DA:78,0
DA:79,0
DA:81,0
DA:82,0
DA:87,0
DA:88,0
DA:90,0
DA:91,0
DA:92,0
DA:93,0
DA:98,0
DA:99,0
DA:100,0
DA:102,0
DA:104,0
DA:105,0
DA:106,0
DA:107,0
DA:112,0
DA:116,0
DA:120,0
DA:121,0
DA:123,0
DA:124,0
DA:125,0
DA:126,0
DA:131,0
DA:132,0
DA:134,0
DA:135,0
DA:136,0
DA:137,0
LF:63
LH:2
BRDA:25,1,0,0
BRDA:25,1,1,0
BRDA:30,2,0,0
BRDA:30,2,1,0
BRDA:40,3,0,0
BRDA:40,3,1,0
BRDA:44,4,0,0
BRDA:44,4,1,0
BRDA:52,5,0,0
BRDA:52,5,1,0
BRDA:56,6,0,0
BRDA:56,6,1,0
BRDA:66,7,0,0
BRDA:66,7,1,0
BRDA:70,8,0,0
BRDA:70,8,1,0
BRDA:78,9,0,0
BRDA:78,9,1,0
BRDA:87,10,0,0
BRDA:87,10,1,0
BRDA:91,11,0,0
BRDA:91,11,1,0
BRDA:99,12,0,0
BRDA:99,12,1,0
BRDA:105,13,0,0
BRDA:105,13,1,0
BRDA:120,14,0,0
BRDA:120,14,1,0
BRDA:124,15,0,0
BRDA:124,15,1,0
BRDA:131,16,0,0
BRDA:131,16,1,0
BRDA:135,17,0,0
BRDA:135,17,1,0
BRF:34
BRH:0
end_of_record
TN:
SF:/Users/andrew.bruss/Documents/projects/murtaziq/api/helpers/matchapi.js
FN:38,create
FN:39,(anonymous_2)
FN:47,getMatch
FN:51,addPlayer
FN:61,(anonymous_5)
FN:79,(anonymous_6)
FN:94,(anonymous_7)
FN:105,setPlayer
FN:119,(anonymous_9)
FN:138,(anonymous_10)
FN:170,(anonymous_11)
FN:184,removePlayer
FN:192,(anonymous_13)
FN:217,(anonymous_14)
FN:231,(anonymous_15)
FN:245,(anonymous_16)
FN:249,(anonymous_17)
FN:275,setPieces
FN:286,(anonymous_19)
FN:300,(anonymous_20)
FN:322,getMoves
FN:329,(anonymous_22)
FN:354,performMove
FN:365,(anonymous_24)
FN:383,(anonymous_25)
FN:407,surrender
FN:414,(anonymous_27)
FN:432,(anonymous_28)
FN:443,setHost
FN:449,(anonymous_30)
FN:460,(anonymous_31)
FN:471,startMatch
FN:472,(anonymous_33)
FN:483,(anonymous_34)
FN:495,getMaxTeamValue
FN:503,getAllPieces
FN:507,subscribeSocket
FN:511,unsubscribeSocket
FN:522,makeStatus
FNF:39
FNH:0
FNDA:0,create
FNDA:0,(anonymous_2)
FNDA:0,getMatch
FNDA:0,addPlayer
FNDA:0,(anonymous_5)
FNDA:0,(anonymous_6)
FNDA:0,(anonymous_7)
FNDA:0,setPlayer
FNDA:0,(anonymous_9)
FNDA:0,(anonymous_10)
FNDA:0,(anonymous_11)
FNDA:0,removePlayer
FNDA:0,(anonymous_13)
FNDA:0,(anonymous_14)
FNDA:0,(anonymous_15)
FNDA:0,(anonymous_16)
FNDA:0,(anonymous_17)
FNDA:0,setPieces
FNDA:0,(anonymous_19)
FNDA:0,(anonymous_20)
FNDA:0,getMoves
FNDA:0,(anonymous_22)
FNDA:0,performMove
FNDA:0,(anonymous_24)
FNDA:0,(anonymous_25)
FNDA:0,surrender
FNDA:0,(anonymous_27)
FNDA:0,(anonymous_28)
FNDA:0,setHost
FNDA:0,(anonymous_30)
FNDA:0,(anonymous_31)
FNDA:0,startMatch
FNDA:0,(anonymous_33)
FNDA:0,(anonymous_34)
FNDA:0,getMaxTeamValue
FNDA:0,getAllPieces
FNDA:0,subscribeSocket
FNDA:0,unsubscribeSocket
FNDA:0,makeStatus
DA:9,1
DA:10,1
DA:11,1
DA:13,1
DA:38,1
DA:39,0
DA:40,0
DA:41,0
DA:43,0
DA:47,1
DA:48,0
DA:51,1
DA:52,0
DA:53,0
DA:54,0
DA:56,0
DA:57,0
DA:58,0
DA:61,0
DA:62,0
DA:63,0
DA:64,0
DA:65,0
DA:66,0
DA:67,0
DA:69,0
DA:70,0
DA:71,0
DA:72,0
DA:74,0
DA:75,0
DA:77,0
DA:79,0
DA:80,0
DA:81,0
DA:83,0
DA:87,0
DA:90,0
DA:93,0
DA:94,0
DA:95,0
DA:96,0
DA:98,0
DA:105,1
DA:106,0
DA:107,0
DA:108,0
DA:110,0
DA:111,0
DA:112,0
DA:114,0
DA:115,0
DA:116,0
DA:119,0
DA:120,0
DA:121,0
DA:123,0
DA:124,0
DA:125,0
DA:127,0
DA:128,0
DA:129,0
DA:132,0
DA:133,0
DA:134,0
DA:135,0
DA:137,0
DA:138,0
DA:139,0
DA:144,0
DA:145,0
DA:146,0
DA:149,0
DA:150,0
DA:151,0
DA:154,0
DA:155,0
DA:159,0
DA:160,0
DA:163,0
DA:164,0
DA:167,0
DA:170,0
DA:171,0
DA:172,0
DA:174,0
DA:178,0
DA:184,1
DA:185,0
DA:186,0
DA:188,0
DA:189,0
DA:192,0
DA:193,0
DA:194,0
DA:196,0
DA:197,0
DA:201,0
DA:202,0
DA:203,0
DA:204,0
DA:206,0
DA:207,0
DA:210,0
DA:211,0
DA:214,0
DA:215,0
DA:217,0
DA:218,0
DA:222,0
DA:223,0
DA:224,0
DA:225,0
DA:226,0
DA:227,0
DA:228,0
DA:231,0
DA:232,0
DA:233,0
DA:235,0
DA:242,0
DA:243,0
DA:245,0
DA:246,0
DA:249,0
DA:250,0
DA:251,0
DA:253,0
DA:275,1
DA:276,0
DA:277,0
DA:279,0
DA:280,0
DA:282,0
DA:283,0
DA:286,0
DA:287,0
DA:288,0
DA:289,0
DA:290,0
DA:293,0
DA:295,0
DA:296,0
DA:298,0
DA:300,0
DA:301,0
DA:302,0
DA:304,0
DA:322,1
DA:323,0
DA:324,0
DA:325,0
DA:326,0
DA:329,0
DA:330,0
DA:331,0
DA:332,0
DA:334,0
DA:336,0
DA:337,0
DA:354,1
DA:355,0
DA:356,0
DA:357,0
DA:358,0
DA:359,0
DA:360,0
DA:361,0
DA:362,0
DA:365,0
DA:366,0
DA:367,0
DA:369,0
DA:370,0
DA:371,0
DA:372,0
DA:373,0
DA:376,0
DA:377,0
DA:378,0
DA:380,0
DA:381,0
DA:383,0
DA:384,0
DA:385,0
DA:387,0
DA:392,0
DA:396,0
DA:407,1
DA:408,0
DA:409,0
DA:410,0
DA:411,0
DA:414,0
DA:415,0
DA:416,0
DA:418,0
DA:419,0
DA:421,0
DA:422,0
DA:425,0
DA:426,0
DA:427,0
DA:429,0
DA:430,0
DA:432,0
DA:433,0
DA:434,0
DA:436,0
DA:443,1
DA:444,0
DA:445,0
DA:446,0
DA:447,0
DA:449,0
DA:450,0
DA:451,0
DA:452,0
DA:453,0
DA:454,0
DA:455,0
DA:458,0
DA:460,0
DA:461,0
DA:462,0
DA:464,0
DA:471,1
DA:472,0
DA:473,0
DA:474,0
DA:476,0
DA:477,0
DA:478,0
DA:479,0
DA:481,0
DA:483,0
DA:484,0
DA:495,1
DA:496,0
DA:503,1
DA:504,0
DA:507,1
DA:508,0
DA:511,1
DA:512,0
DA:522,1
DA:523,0
LF:247
LH:20
BRDA:40,1,0,0
BRDA:40,1,1,0
BRDA:52,2,0,0
BRDA:52,2,1,0
BRDA:56,3,0,0
BRDA:56,3,1,0
BRDA:62,4,0,0
BRDA:62,4,1,0
BRDA:64,5,0,0
BRDA:64,5,1,0
BRDA:65,6,0,0
BRDA:65,6,1,0
BRDA:65,7,0,0
BRDA:65,7,1,0
BRDA:65,7,2,0
BRDA:69,8,0,0
BRDA:69,8,1,0
BRDA:71,9,0,0
BRDA:71,9,1,0
BRDA:74,10,0,0
BRDA:74,10,1,0
BRDA:80,11,0,0
BRDA:80,11,1,0
BRDA:87,12,0,0
BRDA:87,12,1,0
BRDA:87,13,0,0
BRDA:87,13,1,0
BRDA:87,13,2,0
BRDA:95,14,0,0
BRDA:95,14,1,0
BRDA:106,15,0,0
BRDA:106,15,1,0
BRDA:110,16,0,0
BRDA:110,16,1,0
BRDA:114,17,0,0
BRDA:114,17,1,0
BRDA:120,18,0,0
BRDA:120,18,1,0
BRDA:123,19,0,0
BRDA:123,19,1,0
BRDA:127,20,0,0
BRDA:127,20,1,0
BRDA:127,21,0,0
BRDA:127,21,1,0
BRDA:127,21,2,0
BRDA:132,22,0,0
BRDA:132,22,1,0
BRDA:134,23,0,0
BRDA:134,23,1,0
BRDA:144,24,0,0
BRDA:144,24,1,0
BRDA:149,25,0,0
BRDA:149,25,1,0
BRDA:159,26,0,0
BRDA:159,26,1,0
BRDA:163,27,0,0
BRDA:163,27,1,0
BRDA:171,28,0,0
BRDA:171,28,1,0
BRDA:185,29,0,0
BRDA:185,29,1,0
BRDA:188,30,0,0
BRDA:188,30,1,0
BRDA:193,31,0,0
BRDA:193,31,1,0
BRDA:196,32,0,0
BRDA:196,32,1,0
BRDA:196,33,0,0
BRDA:196,33,1,0
BRDA:196,33,2,0
BRDA:201,34,0,0
BRDA:201,34,1,0
BRDA:203,35,0,0
BRDA:203,35,1,0
BRDA:206,36,0,0
BRDA:206,36,1,0
BRDA:210,37,0,0
BRDA:210,37,1,0
BRDA:214,38,0,0
BRDA:214,38,1,0
BRDA:222,39,0,0
BRDA:222,39,1,0
BRDA:223,40,0,0
BRDA:223,40,1,0
BRDA:225,41,0,0
BRDA:225,41,1,0
BRDA:227,42,0,0
BRDA:227,42,1,0
BRDA:232,43,0,0
BRDA:232,43,1,0
BRDA:242,44,0,0
BRDA:242,44,1,0
BRDA:242,45,0,0
BRDA:242,45,1,0
BRDA:250,46,0,0
BRDA:250,46,1,0
BRDA:276,47,0,0
BRDA:276,47,1,0
BRDA:279,48,0,0
BRDA:279,48,1,0
BRDA:282,49,0,0
BRDA:282,49,1,0
BRDA:287,50,0,0
BRDA:287,50,1,0
BRDA:289,51,0,0
BRDA:289,51,1,0
BRDA:301,52,0,0
BRDA:301,52,1,0
BRDA:323,53,0,0
BRDA:323,53,1,0
BRDA:325,54,0,0
BRDA:325,54,1,0
BRDA:330,55,0,0
BRDA:330,55,1,0
BRDA:332,56,0,0
BRDA:332,56,1,0
BRDA:332,57,0,0
BRDA:332,57,1,0
BRDA:355,58,0,0
BRDA:355,58,1,0
BRDA:357,59,0,0
BRDA:357,59,1,0
BRDA:359,60,0,0
BRDA:359,60,1,0
BRDA:361,61,0,0
BRDA:361,61,1,0
BRDA:366,62,0,0
BRDA:366,62,1,0
BRDA:369,63,0,0
BRDA:369,63,1,0
BRDA:370,64,0,0
BRDA:370,64,1,0
BRDA:370,65,0,0
BRDA:370,65,1,0
BRDA:372,66,0,0
BRDA:372,66,1,0
BRDA:380,67,0,0
BRDA:380,67,1,0
BRDA:384,68,0,0
BRDA:384,68,1,0
BRDA:408,69,0,0
BRDA:408,69,1,0
BRDA:410,70,0,0
BRDA:410,70,1,0
BRDA:415,71,0,0
BRDA:415,71,1,0
BRDA:418,72,0,0
BRDA:418,72,1,0
BRDA:418,73,0,0
BRDA:418,73,1,0
BRDA:421,74,0,0
BRDA:421,74,1,0
BRDA:426,75,0,0
BRDA:426,75,1,0
BRDA:433,76,0,0
BRDA:433,76,1,0
BRDA:444,77,0,0
BRDA:444,77,1,0
BRDA:446,78,0,0
BRDA:446,78,1,0
BRDA:450,79,0,0
BRDA:450,79,1,0
BRDA:452,80,0,0
BRDA:452,80,1,0
BRDA:454,81,0,0
BRDA:454,81,1,0
BRDA:454,82,0,0
BRDA:454,82,1,0
BRDA:454,82,2,0
BRDA:461,83,0,0
BRDA:461,83,1,0
BRDA:473,84,0,0
BRDA:473,84,1,0
BRDA:476,85,0,0
BRDA:476,85,1,0
BRDA:476,86,0,0
BRDA:476,86,1,0
BRDA:478,87,0,0
BRDA:478,87,1,0
BRF:179
BRH:0
end_of_record
TN:
SF:/Users/andrew.bruss/Documents/projects/murtaziq/api/controllers/PlayController.js
FN:19,(anonymous_1)
FNF:1
FNH:0
FNDA:0,(anonymous_1)
DA:8,1
DA:23,0
LF:2
LH:1
BRF:0
BRH:0
end_of_record
TN:
SF:/Users/andrew.bruss/Documents/projects/murtaziq/api/controllers/Static_pagesController.js
FN:19,(anonymous_1)
FNF:1
FNH:0
FNDA:0,(anonymous_1)
DA:8,1
DA:23,0
LF:2
LH:1
BRF:0
BRH:0
end_of_record
TN:
SF:/Users/andrew.bruss/Documents/projects/murtaziq/api/controllers/UserController.js
FN:13,(anonymous_1)
FN:14,(anonymous_2)
FN:23,(anonymous_3)
FN:29,(anonymous_4)
FN:34,(anonymous_5)
FN:35,(anonymous_6)
FN:46,(anonymous_7)
FN:52,(anonymous_8)
FN:57,(anonymous_9)
FN:58,(anonymous_10)
FN:70,(anonymous_11)
FN:75,(anonymous_12)
FN:78,(anonymous_13)
FNF:13
FNH:0
FNDA:0,(anonymous_1)
FNDA:0,(anonymous_2)
FNDA:0,(anonymous_3)
FNDA:0,(anonymous_4)
FNDA:0,(anonymous_5)
FNDA:0,(anonymous_6)
FNDA:0,(anonymous_7)
FNDA:0,(anonymous_8)
FNDA:0,(anonymous_9)
FNDA:0,(anonymous_10)
FNDA:0,(anonymous_11)
FNDA:0,(anonymous_12)
FNDA:0,(anonymous_13)
DA:8,1
DA:9,1
DA:11,1
DA:14,0
DA:15,0
DA:16,0
DA:18,0
DA:24,0
DA:25,0
DA:27,0
DA:28,0
DA:30,0
DA:31,0
DA:33,0
DA:35,0
DA:36,0
DA:42,0
DA:47,0
DA:48,0
DA:50,0
DA:51,0
DA:54,0
DA:55,0
DA:57,0
DA:58,0
DA:59,0
DA:67,0
DA:71,0
DA:72,0
DA:76,0
DA:77,0
DA:78,0
DA:79,0
DA:80,0
DA:82,0
DA:85,0
LF:36
LH:3
BRDA:15,1,0,0
BRDA:15,1,1,0
BRDA:27,2,0,0
BRDA:27,2,1,0
BRDA:27,3,0,0
BRDA:27,3,1,0
BRDA:30,4,0,0
BRDA:30,4,1,0
BRDA:50,5,0,0
BRDA:50,5,1,0
BRDA:50,6,0,0
BRDA:50,6,1,0
BRDA:54,7,0,0
BRDA:54,7,1,0
BRDA:77,8,0,0
BRDA:77,8,1,0
BRDA:79,9,0,0
BRDA:79,9,1,0
BRF:18
BRH:0
end_of_record
TN:
SF:/Users/andrew.bruss/Documents/projects/murtaziq/api/policies/authenticated.js
FN:5,(anonymous_1)
FNF:1
FNH:0
FNDA:0,(anonymous_1)
DA:4,1
DA:5,1
DA:8,0
DA:9,0
DA:14,0
LF:5
LH:2
BRDA:8,1,0,0
BRDA:8,1,1,0
BRF:2
BRH:0
end_of_record
TN:
SF:/Users/andrew.bruss/Documents/projects/murtaziq/api/policies/devrole.js
FN:5,(anonymous_1)
FN:7,(anonymous_2)
FNF:2
FNH:0
FNDA:0,(anonymous_1)
FNDA:0,(anonymous_2)
DA:4,1
DA:5,1
DA:7,0
DA:9,0
DA:10,0
DA:15,0
LF:6
LH:2
BRDA:9,1,0,0
BRDA:9,1,1,0
BRF:2
BRH:0
end_of_record
TN:
SF:/Users/andrew.bruss/Documents/projects/murtaziq/api/policies/notauthenticated.js
FN:5,(anonymous_1)
FNF:1
FNH:0
FNDA:0,(anonymous_1)
DA:4,1
DA:5,1
DA:8,0
DA:9,0
DA:14,0
LF:5
LH:2
BRDA:8,1,0,0
BRDA:8,1,1,0
BRF:2
BRH:0
end_of_record
