TN:
SF:/Users/andrew.bruss/Documents/projects/murtaziq/engine/match.js
FN:39,create
FN:52,getTurn
FN:61,getHistory
FN:70,addMove
FN:79,removeMove
FN:83,setSide
FN:92,setTurn
FN:101,getBoard
FN:112,getMoves
FN:122,(anonymous_10)
FN:132,printBoard
FN:144,getPiece
FN:155,move
FN:168,(anonymous_14)
FN:193,getTeam
FN:204,switchTurn
FN:216,getConfigs
FN:225,canMoveFilter
FN:227,(anonymous_19)
FN:237,legalMovesFilter
FN:239,(anonymous_21)
FN:250,toJSONObj
FN:255,(anonymous_23)
FN:269,toClientJSONObj
FN:273,(anonymous_25)
FN:286,loadJSONObj
FN:292,(anonymous_27)
FN:312,makeResponse
FN:319,getAllPieces
FN:321,(anonymous_30)
FN:328,getMaxTeamValue
FNF:31
FNH:10
FNDA:2,create
FNDA:1,getTurn
FNDA:1,getHistory
FNDA:0,addMove
FNDA:0,removeMove
FNDA:0,setSide
FNDA:0,setTurn
FNDA:5,getBoard
FNDA:1,getMoves
FNDA:2,(anonymous_10)
FNDA:0,printBoard
FNDA:0,getPiece
FNDA:0,move
FNDA:0,(anonymous_14)
FNDA:0,getTeam
FNDA:0,switchTurn
FNDA:1,getConfigs
FNDA:0,canMoveFilter
FNDA:0,(anonymous_19)
FNDA:1,legalMovesFilter
FNDA:2,(anonymous_21)
FNDA:1,toJSONObj
FNDA:0,(anonymous_23)
FNDA:0,toClientJSONObj
FNDA:0,(anonymous_25)
FNDA:0,loadJSONObj
FNDA:0,(anonymous_27)
FNDA:0,makeResponse
FNDA:0,getAllPieces
FNDA:0,(anonymous_30)
FNDA:0,getMaxTeamValue
DA:8,1
DA:9,1
DA:10,1
DA:11,1
DA:12,1
DA:13,1
DA:15,1
DA:39,1
DA:40,2
DA:52,1
DA:53,1
DA:61,1
DA:62,1
DA:70,1
DA:71,0
DA:79,1
DA:80,0
DA:83,1
DA:84,0
DA:92,1
DA:93,0
DA:101,1
DA:102,5
DA:112,1
DA:113,1
DA:114,1
DA:119,1
DA:120,0
DA:122,1
DA:123,2
DA:132,1
DA:133,0
DA:134,0
DA:135,0
DA:144,1
DA:145,0
DA:155,1
DA:156,0
DA:157,0
DA:158,0
DA:159,0
DA:160,0
DA:164,0
DA:166,0
DA:169,0
DA:172,0
DA:173,0
DA:174,0
DA:175,0
DA:176,0
DA:178,0
DA:182,0
DA:183,0
DA:187,0
DA:188,0
DA:190,0
DA:193,1
DA:194,0
DA:195,0
DA:196,0
DA:197,0
DA:204,1
DA:205,0
DA:206,0
DA:208,0
DA:216,1
DA:217,1
DA:225,1
DA:226,0
DA:227,0
DA:228,0
DA:237,1
DA:238,1
DA:239,1
DA:240,2
DA:250,1
DA:251,1
DA:256,0
DA:259,1
DA:269,1
DA:270,0
DA:274,0
DA:278,0
DA:286,1
DA:288,0
DA:289,0
DA:293,0
DA:294,0
DA:295,0
DA:296,0
DA:298,0
DA:303,0
DA:312,1
DA:313,0
DA:319,1
DA:320,0
DA:321,0
DA:322,0
DA:323,0
DA:324,0
DA:328,1
DA:329,0
LF:102
LH:45
BRDA:113,1,0,0
BRDA:113,1,1,1
BRDA:119,2,0,0
BRDA:119,2,1,1
BRDA:159,3,0,0
BRDA:159,3,1,0
BRDA:164,4,0,0
BRDA:164,4,1,0
BRDA:172,5,0,0
BRDA:172,5,1,0
BRDA:172,6,0,0
BRDA:172,6,1,0
BRDA:195,7,0,0
BRDA:195,7,1,0
BRDA:205,8,0,0
BRDA:205,8,1,0
BRDA:295,9,0,0
BRDA:295,9,1,0
BRF:18
BRH:2
end_of_record
TN:
SF:/Users/andrew.bruss/Documents/projects/murtaziq/engine/master.js
FN:28,getConfigs
FN:32,getPieces
FN:36,getPieceConfigs
FN:40,getSchema
FN:44,getMove
FN:51,loadPieces
FN:57,(anonymous_7)
FNF:7
FNH:7
FNDA:85,getConfigs
FNDA:24,getPieces
FNDA:48,getPieceConfigs
FNDA:128,getSchema
FNDA:211,getMove
FNDA:1,loadPieces
FNDA:6,(anonymous_7)
DA:2,1
DA:3,1
DA:4,1
DA:5,1
DA:6,1
DA:7,1
DA:8,1
DA:9,1
DA:11,1
DA:12,1
DA:13,1
DA:14,1
DA:16,1
DA:18,1
DA:28,1
DA:29,85
DA:32,1
DA:33,24
DA:36,1
DA:37,48
DA:40,1
DA:41,128
DA:44,1
DA:45,211
DA:51,1
DA:52,1
DA:53,1
DA:55,1
DA:57,1
DA:58,6
DA:60,6
DA:62,6
DA:64,6
DA:67,6
DA:68,6
LF:35
LH:35
BRDA:60,1,0,6
BRDA:60,1,1,0
BRDA:64,2,0,1
BRDA:64,2,1,5
BRF:4
BRH:3
end_of_record
TN:
SF:/Users/andrew.bruss/Documents/projects/murtaziq/engine/utils.js
FN:11,existy
FN:13,truthy
FN:15,fail
FN:19,warn
FN:23,note
FN:27,arrPush
FN:32,appendPath
FNF:7
FNH:3
FNDA:2298,existy
FNDA:0,truthy
FNDA:0,fail
FNDA:0,warn
FNDA:0,note
FNDA:42,arrPush
FNDA:358,appendPath
DA:1,1
DA:11,2298
DA:13,1
DA:15,1
DA:16,0
DA:19,1
DA:20,0
DA:23,1
DA:24,0
DA:27,1
DA:28,42
DA:29,42
DA:32,1
DA:33,358
LF:14
LH:11
BRDA:13,1,0,0
BRDA:13,1,1,0
BRF:2
BRH:0
end_of_record
TN:
SF:/Users/andrew.bruss/Documents/projects/murtaziq/engine/config/config.0.0.0.js
FNF:0
FNH:0
DA:1,1
LF:1
LH:1
BRF:0
BRH:0
end_of_record
TN:
SF:/Users/andrew.bruss/Documents/projects/murtaziq/engine/config/pieces/bishopconfig.js
FNF:0
FNH:0
DA:1,1
LF:1
LH:1
BRF:0
BRH:0
end_of_record
TN:
SF:/Users/andrew.bruss/Documents/projects/murtaziq/engine/pieces/piece.js
FN:21,(anonymous_1)
FN:32,constructorGenerator
FN:34,(anonymous_3)
FN:77,getName
FN:81,getAbbr
FN:85,getTeam
FN:89,getValue
FN:93,getSchemas
FN:97,setSchemas
FN:101,(anonymous_10)
FN:111,getSchemaFiles
FN:115,getMoveCount
FN:119,isRoyal
FN:123,incrMoveCount
FN:127,decrMoveCount
FN:131,setMoveCount
FN:135,getMoves
FN:139,leaperMoves
FN:150,schemaIterate
FN:154,(anonymous_20)
FN:155,(anonymous_21)
FN:163,schemaEval
FN:200,canMove
FN:230,toJSONObj
FN:242,loadJSONObj
FN:249,toClientJSONObj
FNF:26
FNH:23
FNDA:6,(anonymous_1)
FNDA:6,constructorGenerator
FNDA:64,(anonymous_3)
FNDA:32,getName
FNDA:32,getAbbr
FNDA:636,getTeam
FNDA:32,getValue
FNDA:66,getSchemas
FNDA:64,setSchemas
FNDA:64,(anonymous_10)
FNDA:0,getSchemaFiles
FNDA:45,getMoveCount
FNDA:94,isRoyal
FNDA:2,incrMoveCount
FNDA:2,decrMoveCount
FNDA:4,setMoveCount
FNDA:33,getMoves
FNDA:197,leaperMoves
FNDA:33,schemaIterate
FNDA:164,(anonymous_20)
FNDA:42,(anonymous_21)
FNDA:206,schemaEval
FNDA:111,canMove
FNDA:32,toJSONObj
FNDA:0,loadJSONObj
FNDA:0,toClientJSONObj
DA:8,1
DA:9,1
DA:10,1
DA:11,1
DA:12,1
DA:13,1
DA:16,1
DA:17,1
DA:20,1
DA:22,6
DA:32,1
DA:34,6
DA:35,64
DA:37,64
DA:39,64
DA:41,64
DA:42,64
DA:45,64
DA:46,64
DA:47,64
DA:48,64
DA:49,64
DA:50,64
DA:51,64
DA:52,64
DA:53,64
DA:55,64
DA:56,64
DA:57,64
DA:58,64
DA:59,64
DA:60,64
DA:61,64
DA:62,64
DA:63,64
DA:64,64
DA:65,64
DA:66,64
DA:67,64
DA:68,64
DA:69,64
DA:70,64
DA:72,64
DA:77,1
DA:78,32
DA:81,1
DA:82,32
DA:85,1
DA:86,636
DA:89,1
DA:90,32
DA:93,1
DA:94,66
DA:97,1
DA:98,64
DA:100,64
DA:101,64
DA:102,64
DA:104,64
DA:105,32
DA:107,64
DA:111,1
DA:112,0
DA:115,1
DA:116,45
DA:119,1
DA:120,94
DA:123,1
DA:124,2
DA:127,1
DA:128,2
DA:131,1
DA:132,4
DA:135,1
DA:136,33
DA:139,1
DA:140,197
DA:141,33
DA:143,164
DA:150,1
DA:151,33
DA:152,33
DA:155,164
DA:156,42
DA:158,164
DA:163,1
DA:164,206
DA:165,206
DA:167,206
DA:168,206
DA:170,206
DA:180,164
DA:183,42
DA:200,1
DA:201,111
DA:202,111
DA:203,111
DA:206,111
DA:217,0
DA:220,111
DA:221,71
DA:225,40
DA:230,1
DA:231,32
DA:242,1
DA:243,0
DA:244,0
DA:245,0
DA:246,0
DA:249,1
DA:250,0
LF:111
LH:104
BRDA:51,1,0,64
BRDA:51,1,1,0
BRDA:104,2,0,32
BRDA:104,2,1,32
BRDA:140,3,0,33
BRDA:140,3,1,164
BRDA:167,4,0,42
BRDA:167,4,1,164
BRDA:168,5,0,42
BRDA:168,5,1,164
BRDA:170,6,0,164
BRDA:170,6,1,42
BRDA:170,7,0,206
BRDA:170,7,1,164
BRDA:170,7,2,111
BRDA:206,8,0,0
BRDA:206,8,1,111
BRDA:206,9,0,111
BRDA:206,9,1,111
BRDA:206,9,2,1
BRDA:206,9,3,111
BRDA:206,9,4,111
BRDA:206,9,5,111
BRDA:220,10,0,71
BRDA:220,10,1,40
BRDA:225,11,0,40
BRDA:225,11,1,0
BRF:27
BRH:24
end_of_record
TN:
SF:/Users/andrew.bruss/Documents/projects/murtaziq/engine/vector.js
FN:29,create
FN:39,add
FN:46,subtract
FN:51,negate
FN:58,getX
FN:62,getY
FN:66,scale
FN:73,isBounded
FN:80,isInside
FN:84,isOutside
FN:88,isEqual
FN:92,toString
FN:96,reflect
FNF:13
FNH:10
FNDA:2874,create
FNDA:476,add
FNDA:0,subtract
FNDA:0,negate
FNDA:5321,getX
FNDA:5215,getY
FNDA:476,scale
FNDA:767,isBounded
FNDA:767,isInside
FNDA:758,isOutside
FNDA:40,isEqual
FNDA:0,toString
FNDA:160,reflect
DA:10,1
DA:11,1
DA:13,1
DA:29,1
DA:30,2874
DA:31,2874
DA:36,0
DA:39,1
DA:40,476
DA:46,1
DA:47,0
DA:48,0
DA:51,1
DA:52,0
DA:58,1
DA:59,5321
DA:62,1
DA:63,5215
DA:66,1
DA:67,476
DA:73,1
DA:74,767
DA:75,714
DA:77,53
DA:80,1
DA:81,767
DA:84,1
DA:85,758
DA:88,1
DA:89,40
DA:92,1
DA:93,0
DA:96,1
DA:97,160
LF:34
LH:29
BRDA:30,1,0,2874
BRDA:30,1,1,0
BRDA:30,2,0,2874
BRDA:30,2,1,2874
BRDA:74,3,0,714
BRDA:74,3,1,53
BRDA:74,4,0,767
BRDA:74,4,1,758
BRDA:81,5,0,767
BRDA:81,5,1,758
BRDA:85,6,0,758
BRDA:85,6,1,750
BRDA:89,7,0,40
BRDA:89,7,1,4
BRF:14
BRH:13
end_of_record
TN:
SF:/Users/andrew.bruss/Documents/projects/murtaziq/engine/space.js
FN:16,create
FN:22,getLoc
FN:26,getPiece
FN:30,setPiece
FN:36,removePiece
FN:42,isEqual
FN:46,toJSONObj
FN:57,loadJSONObj
FN:68,toClientJSONObj
FNF:9
FNH:6
FNDA:128,create
FNDA:137,getLoc
FNDA:1266,getPiece
FNDA:72,setPiece
FNDA:4,removePiece
FNDA:0,isEqual
FNDA:64,toJSONObj
FNDA:0,loadJSONObj
FNDA:0,toClientJSONObj
DA:1,1
DA:2,1
DA:4,1
DA:16,1
DA:17,128
DA:22,1
DA:23,137
DA:26,1
DA:27,1266
DA:30,1
DA:31,72
DA:33,72
DA:36,1
DA:37,4
DA:38,4
DA:39,4
DA:42,1
DA:43,0
DA:46,1
DA:47,64
DA:51,64
DA:52,32
DA:54,64
DA:57,1
DA:58,0
DA:61,0
DA:62,0
DA:64,0
DA:68,1
DA:69,0
DA:71,0
DA:72,0
DA:74,0
LF:33
LH:24
BRDA:51,1,0,32
BRDA:51,1,1,32
BRDA:61,2,0,0
BRDA:61,2,1,0
BRDA:71,3,0,0
BRDA:71,3,1,0
BRF:6
BRH:2
end_of_record
TN:
SF:/Users/andrew.bruss/Documents/projects/murtaziq/engine/pieces.js
FN:24,getConstructor
FN:29,loadPiece
FN:34,getValue
FNF:3
FNH:2
FNDA:24,getConstructor
FNDA:0,loadPiece
FNDA:48,getValue
DA:8,1
DA:9,1
DA:10,1
DA:11,1
DA:13,1
DA:24,1
DA:25,24
DA:26,24
DA:29,1
DA:30,0
DA:31,0
DA:34,1
DA:35,48
DA:36,48
LF:14
LH:12
BRF:0
BRH:0
end_of_record
TN:
SF:/Users/andrew.bruss/Documents/projects/murtaziq/engine/config/pieces/kingconfig.js
FNF:0
FNH:0
DA:1,1
LF:1
LH:1
BRF:0
BRH:0
end_of_record
TN:
SF:/Users/andrew.bruss/Documents/projects/murtaziq/engine/config/pieces/knightconfig.js
FNF:0
FNH:0
DA:1,1
LF:1
LH:1
BRF:0
BRH:0
end_of_record
TN:
SF:/Users/andrew.bruss/Documents/projects/murtaziq/engine/config/pieces/pawnconfig.js
FNF:0
FNH:0
DA:1,1
LF:1
LH:1
BRF:0
BRH:0
end_of_record
TN:
SF:/Users/andrew.bruss/Documents/projects/murtaziq/engine/config/pieces/queenconfig.js
FNF:0
FNH:0
DA:1,1
LF:1
LH:1
BRF:0
BRH:0
end_of_record
TN:
SF:/Users/andrew.bruss/Documents/projects/murtaziq/engine/config/pieces/rookconfig.js
FNF:0
FNH:0
DA:1,1
LF:1
LH:1
BRF:0
BRH:0
end_of_record
TN:
SF:/Users/andrew.bruss/Documents/projects/murtaziq/engine/pieces/rook.js
FN:11,(anonymous_1)
FN:13,(anonymous_2)
FN:24,getMoves
FN:45,adjacentMoveFilter
FN:46,(anonymous_5)
FNF:5
FNH:4
FNDA:1,(anonymous_1)
FNDA:8,(anonymous_2)
FNDA:4,getMoves
FNDA:4,adjacentMoveFilter
FNDA:0,(anonymous_5)
DA:1,1
DA:2,1
DA:3,1
DA:4,1
DA:5,1
DA:6,1
DA:8,1
DA:10,1
DA:12,1
DA:13,1
DA:14,8
DA:15,8
DA:16,8
DA:24,1
DA:25,4
DA:27,4
DA:28,4
DA:29,4
DA:30,4
DA:32,4
DA:33,0
DA:42,4
DA:45,1
DA:46,4
DA:47,0
LF:25
LH:23
BRDA:29,1,0,4
BRDA:29,1,1,0
BRDA:29,2,0,4
BRDA:29,2,1,4
BRDA:32,3,0,0
BRDA:32,3,1,4
BRDA:47,4,0,0
BRDA:47,4,1,0
BRF:8
BRH:4
end_of_record
TN:
SF:/Users/andrew.bruss/Documents/projects/murtaziq/engine/chessboard.js
FN:41,create
FN:51,getMaster
FN:57,setSide
FN:82,validateSideValue
FN:86,getSideValue
FN:105,getSpace
FN:118,isOnBoard
FN:127,getSize
FN:140,getPiece
FN:151,setPiece
FN:162,removePiece
FN:170,getSide
FN:185,newBoard
FN:191,(anonymous_14)
FN:201,setLightSide
FN:212,setDarkSide
FN:223,setPawns
FN:240,setRooks
FN:251,setKnights
FN:262,setBishops
FN:273,setQueen
FN:283,setRoyal
FN:294,createPiecesAt
FN:305,createPieceGen
FN:306,(anonymous_25)
FN:311,print
FN:316,printRow
FN:317,(anonymous_28)
FN:318,(anonymous_29)
FN:325,spaceString
FN:337,getHighlight
FN:338,(anonymous_32)
FN:342,(anonymous_33)
FN:351,getEnemySpaces
FN:354,(anonymous_35)
FN:361,getThreateningPieces
FN:363,(anonymous_37)
FN:365,(anonymous_38)
FN:373,getRoyalSpace
FN:375,(anonymous_40)
FN:383,getMoves
FN:390,toJSONObj
FN:391,(anonymous_43)
FN:392,(anonymous_44)
FN:400,loadJSONObj
FN:401,(anonymous_46)
FN:402,(anonymous_47)
FN:409,toClientJSONObj
FN:410,(anonymous_49)
FN:411,(anonymous_50)
FNF:50
FNH:36
FNDA:2,create
FNDA:16,getMaster
FNDA:4,setSide
FNDA:4,validateSideValue
FNDA:8,getSideValue
FNDA:603,getSpace
FNDA:767,isOnBoard
FNDA:767,getSize
FNDA:268,getPiece
FNDA:4,setPiece
FNDA:4,removePiece
FNDA:4,getSide
FNDA:18,newBoard
FNDA:128,(anonymous_14)
FNDA:2,setLightSide
FNDA:2,setDarkSide
FNDA:4,setPawns
FNDA:4,setRooks
FNDA:4,setKnights
FNDA:4,setBishops
FNDA:4,setQueen
FNDA:4,setRoyal
FNDA:24,createPiecesAt
FNDA:24,createPieceGen
FNDA:64,(anonymous_25)
FNDA:0,print
FNDA:0,printRow
FNDA:0,(anonymous_28)
FNDA:0,(anonymous_29)
FNDA:0,spaceString
FNDA:0,getHighlight
FNDA:0,(anonymous_32)
FNDA:0,(anonymous_33)
FNDA:2,getEnemySpaces
FNDA:128,(anonymous_35)
FNDA:2,getThreateningPieces
FNDA:32,(anonymous_37)
FNDA:40,(anonymous_38)
FNDA:6,getRoyalSpace
FNDA:254,(anonymous_40)
FNDA:33,getMoves
FNDA:1,toJSONObj
FNDA:8,(anonymous_43)
FNDA:64,(anonymous_44)
FNDA:0,loadJSONObj
FNDA:0,(anonymous_46)
FNDA:0,(anonymous_47)
FNDA:0,toClientJSONObj
FNDA:0,(anonymous_49)
FNDA:0,(anonymous_50)
DA:8,1
DA:9,1
DA:10,1
DA:11,1
DA:12,1
DA:13,1
DA:15,1
DA:41,1
DA:42,2
DA:43,2
DA:44,2
DA:45,2
DA:46,2
DA:47,2
DA:48,2
DA:51,1
DA:52,16
DA:53,1
DA:54,16
DA:57,1
DA:58,4
DA:59,4
DA:61,4
DA:62,4
DA:63,4
DA:64,2
DA:66,2
DA:67,4
DA:70,0
DA:71,0
DA:74,4
DA:82,1
DA:83,4
DA:86,1
DA:87,8
DA:89,8
DA:90,8
DA:91,8
DA:92,8
DA:93,8
DA:94,8
DA:96,8
DA:105,1
DA:106,603
DA:107,603
DA:109,0
DA:118,1
DA:119,767
DA:127,1
DA:128,767
DA:129,767
DA:131,0
DA:140,1
DA:141,268
DA:151,1
DA:152,4
DA:153,4
DA:162,1
DA:163,4
DA:170,1
DA:171,4
DA:185,1
DA:186,18
DA:187,18
DA:188,18
DA:189,16
DA:192,128
DA:195,16
DA:198,2
DA:201,1
DA:202,2
DA:203,2
DA:204,2
DA:212,1
DA:213,2
DA:214,2
DA:215,2
DA:223,1
DA:224,4
DA:240,1
DA:241,4
DA:251,1
DA:252,4
DA:262,1
DA:263,4
DA:273,1
DA:274,4
DA:283,1
DA:284,4
DA:294,1
DA:295,24
DA:296,24
DA:297,24
DA:298,24
DA:302,24
DA:305,1
DA:306,24
DA:307,64
DA:311,1
DA:312,0
DA:313,0
DA:316,1
DA:317,0
DA:318,0
DA:319,0
DA:321,0
DA:325,1
DA:326,0
DA:327,0
DA:328,0
DA:329,0
DA:331,0
DA:332,0
DA:334,0
DA:337,1
DA:338,0
DA:339,0
DA:343,0
DA:351,1
DA:352,2
DA:353,2
DA:355,128
DA:356,64
DA:361,1
DA:362,2
DA:364,32
DA:366,40
DA:373,1
DA:374,6
DA:376,254
DA:383,1
DA:384,33
DA:385,33
DA:387,0
DA:390,1
DA:391,1
DA:392,8
DA:394,64
DA:400,1
DA:401,0
DA:402,0
DA:403,0
DA:409,1
DA:410,0
DA:411,0
DA:412,0
LF:146
LH:119
BRDA:43,1,0,0
BRDA:43,1,1,2
BRDA:44,2,0,0
BRDA:44,2,1,2
BRDA:52,3,0,1
BRDA:52,3,1,15
BRDA:62,4,0,4
BRDA:62,4,1,0
BRDA:63,5,0,2
BRDA:63,5,1,2
BRDA:106,6,0,603
BRDA:106,6,1,0
BRDA:128,7,0,767
BRDA:128,7,1,0
BRDA:186,8,0,16
BRDA:186,8,1,2
BRDA:187,9,0,16
BRDA:187,9,1,2
BRDA:188,10,0,16
BRDA:188,10,1,2
BRDA:296,11,0,24
BRDA:296,11,1,0
BRDA:328,12,0,0
BRDA:328,12,1,0
BRDA:331,13,0,0
BRDA:331,13,1,0
BRDA:355,14,0,64
BRDA:355,14,1,64
BRDA:376,15,0,254
BRDA:376,15,1,126
BRDA:376,15,2,62
BRDA:384,16,0,33
BRDA:384,16,1,0
BRF:33
BRH:22
end_of_record
TN:
SF:/Users/andrew.bruss/Documents/projects/murtaziq/testresults/chessengineresults.js
FNF:0
FNH:0
DA:1,1
LF:1
LH:1
BRF:0
BRH:0
end_of_record
TN:
SF:/Users/andrew.bruss/Documents/projects/murtaziq/engine/schemas/moveschema.js
FN:22,create
FN:32,getVector
FN:36,setVector
FN:40,getMaxSteps
FN:44,canAttack
FN:48,canMove
FN:52,getCondition
FN:56,reflect
FN:58,(anonymous_9)
FNF:9
FNH:9
FNDA:196,create
FNDA:630,getVector
FNDA:160,setVector
FNDA:366,getMaxSteps
FNDA:271,canAttack
FNDA:271,canMove
FNDA:112,getCondition
FNDA:192,reflect
FNDA:160,(anonymous_9)
DA:9,1
DA:10,1
DA:12,1
DA:22,1
DA:23,196
DA:32,1
DA:33,630
DA:36,1
DA:37,160
DA:40,1
DA:41,366
DA:44,1
DA:45,271
DA:48,1
DA:49,271
DA:52,1
DA:53,112
DA:56,1
DA:57,192
DA:58,32
DA:59,160
DA:63,160
LF:22
LH:22
BRDA:57,1,0,32
BRDA:57,1,1,160
BRF:2
BRH:2
end_of_record
TN:
SF:/Users/andrew.bruss/Documents/projects/murtaziq/engine/schemas/kingschema.js
FNF:0
FNH:0
DA:1,1
DA:2,1
DA:4,1
LF:3
LH:3
BRF:0
BRH:0
end_of_record
TN:
SF:/Users/andrew.bruss/Documents/projects/murtaziq/engine/schemas/queenschema.js
FNF:0
FNH:0
DA:1,1
DA:2,1
DA:3,1
LF:3
LH:3
BRF:0
BRH:0
end_of_record
TN:
SF:/Users/andrew.bruss/Documents/projects/murtaziq/engine/schemas/bishopschema.js
FNF:0
FNH:0
DA:1,1
DA:2,1
DA:4,1
LF:3
LH:3
BRF:0
BRH:0
end_of_record
TN:
SF:/Users/andrew.bruss/Documents/projects/murtaziq/engine/schemas/knightschema.js
FNF:0
FNH:0
DA:1,1
DA:2,1
DA:4,1
LF:3
LH:3
BRF:0
BRH:0
end_of_record
TN:
SF:/Users/andrew.bruss/Documents/projects/murtaziq/engine/schemas/rookschema.js
FNF:0
FNH:0
DA:1,1
DA:2,1
DA:4,1
LF:3
LH:3
BRF:0
BRH:0
end_of_record
TN:
SF:/Users/andrew.bruss/Documents/projects/murtaziq/engine/schemas/pawnschema.js
FN:9,(anonymous_1)
FNF:1
FNH:1
FNDA:1,(anonymous_1)
DA:1,1
DA:2,1
DA:4,1
DA:10,1
DA:11,1
DA:13,0
LF:6
LH:5
BRDA:10,1,0,1
BRDA:10,1,1,0
BRF:2
BRH:1
end_of_record
TN:
SF:/Users/andrew.bruss/Documents/projects/murtaziq/engine/moves/move.js
FN:6,(anonymous_1)
FN:31,getLoc
FN:35,getVec
FN:39,getStep
FN:43,getTeam
FN:47,getCapturedPiece
FN:51,getType
FN:55,perform
FN:61,undo
FN:71,getEndLoc
FN:76,setRequires
FN:82,toJSONObj
FN:97,toClientJSONObj
FN:111,getConfigs
FNF:14
FNH:13
FNDA:42,(anonymous_1)
FNDA:56,getLoc
FNDA:48,getVec
FNDA:48,getStep
FNDA:4,getTeam
FNDA:4,getCapturedPiece
FNDA:2,getType
FNDA:2,perform
FNDA:2,undo
FNDA:48,getEndLoc
FNDA:94,setRequires
FNDA:0,toJSONObj
FNDA:2,toClientJSONObj
FNDA:2,getConfigs
DA:2,1
DA:3,1
DA:4,1
DA:6,1
DA:7,42
DA:10,42
DA:11,42
DA:12,42
DA:13,42
DA:14,42
DA:15,42
DA:18,42
DA:19,42
DA:20,42
DA:21,42
DA:22,42
DA:23,42
DA:24,42
DA:25,42
DA:26,42
DA:27,42
DA:28,42
DA:31,1
DA:32,56
DA:35,1
DA:36,48
DA:39,1
DA:40,48
DA:43,1
DA:44,4
DA:47,1
DA:48,4
DA:51,1
DA:52,2
DA:55,1
DA:56,2
DA:57,2
DA:58,2
DA:61,1
DA:62,2
DA:64,2
DA:65,2
DA:66,2
DA:67,0
DA:68,2
DA:71,1
DA:72,48
DA:73,48
DA:76,1
DA:77,94
DA:78,94
DA:79,94
DA:82,1
DA:83,0
DA:91,0
DA:92,0
DA:94,0
DA:97,1
DA:98,2
DA:100,2
DA:108,2
DA:111,1
DA:112,2
LF:63
LH:58
BRDA:15,1,0,0
BRDA:15,1,1,42
BRDA:66,2,0,0
BRDA:66,2,1,2
BRDA:91,3,0,0
BRDA:91,3,1,0
BRDA:105,4,0,0
BRDA:105,4,1,2
BRF:8
BRH:3
end_of_record
TN:
SF:/Users/andrew.bruss/Documents/projects/murtaziq/engine/rules.js
FN:23,canMove
FN:34,isLegalMove
FN:43,setRequires
FNF:3
FNH:2
FNDA:0,canMove
FNDA:2,isLegalMove
FNDA:2,setRequires
DA:8,1
DA:9,1
DA:10,1
DA:12,1
DA:23,1
DA:24,0
DA:25,0
DA:34,1
DA:35,2
DA:37,2
DA:38,2
DA:39,2
DA:40,2
DA:43,1
DA:44,2
DA:45,2
LF:16
LH:14
BRDA:25,1,0,0
BRDA:25,1,1,0
BRF:2
BRH:0
end_of_record
TN:
SF:/Users/andrew.bruss/Documents/projects/murtaziq/engine/moves/castle.js
FN:6,(anonymous_1)
FN:22,perform
FN:36,undo
FN:50,getRoyalEndLoc
FN:54,getRoyalLoc
FN:58,getCastleEndLoc
FN:62,toClientJSONObj
FNF:7
FNH:0
FNDA:0,(anonymous_1)
FNDA:0,perform
FNDA:0,undo
FNDA:0,getRoyalEndLoc
FNDA:0,getRoyalLoc
FNDA:0,getCastleEndLoc
FNDA:0,toClientJSONObj
DA:1,1
DA:2,1
DA:3,1
DA:4,1
DA:6,1
DA:7,0
DA:8,0
DA:10,0
DA:11,0
DA:12,0
DA:13,0
DA:14,0
DA:15,0
DA:16,0
DA:17,0
DA:22,1
DA:23,0
DA:24,0
DA:25,0
DA:36,1
DA:37,0
DA:38,0
DA:39,0
DA:50,1
DA:51,0
DA:54,1
DA:55,0
DA:58,1
DA:59,0
DA:62,1
DA:63,0
DA:79,0
LF:32
LH:11
BRF:0
BRH:0
end_of_record
